<?xml version="1.0" encoding="UTF-8" ?>
<testsuite tests="1" failures="0" name="com.hcc.riab.tests.UserControllerTest" time="0" errors="1" skipped="0">
  <properties>
    <property name="java.runtime.name" value="Java(TM) SE Runtime Environment"/>
    <property name="sun.boot.library.path" value="C:\Program Files\Java\jdk1.8.0_25\jre\bin"/>
    <property name="java.vm.version" value="25.25-b02"/>
    <property name="java.vm.vendor" value="Oracle Corporation"/>
    <property name="java.vendor.url" value="http://java.oracle.com/"/>
    <property name="path.separator" value=";"/>
    <property name="guice.disable.misplaced.annotation.check" value="true"/>
    <property name="java.vm.name" value="Java HotSpot(TM) 64-Bit Server VM"/>
    <property name="file.encoding.pkg" value="sun.io"/>
    <property name="user.script" value=""/>
    <property name="user.country" value="US"/>
    <property name="sun.java.launcher" value="SUN_STANDARD"/>
    <property name="sun.os.patch.level" value="Service Pack 1"/>
    <property name="java.vm.specification.name" value="Java Virtual Machine Specification"/>
    <property name="user.dir" value="D:\MyWorkspace\RIABPLM"/>
    <property name="java.runtime.version" value="1.8.0_25-b18"/>
    <property name="java.awt.graphicsenv" value="sun.awt.Win32GraphicsEnvironment"/>
    <property name="java.endorsed.dirs" value="C:\Program Files\Java\jdk1.8.0_25\jre\lib\endorsed"/>
    <property name="os.arch" value="amd64"/>
    <property name="java.io.tmpdir" value="C:\Users\sgelle\AppData\Local\Temp\"/>
    <property name="line.separator" value="
"/>
    <property name="java.vm.specification.vendor" value="Oracle Corporation"/>
    <property name="user.variant" value=""/>
    <property name="os.name" value="Windows 7"/>
    <property name="classworlds.conf" value="D:\MyWorkspace\.metadata\.plugins\org.eclipse.m2e.launching\launches\m2conf5659297786990193039.tmp"/>
    <property name="sun.jnu.encoding" value="Cp1252"/>
    <property name="java.library.path" value="C:\Program Files\Java\jdk1.8.0_25\bin;C:\Windows\Sun\Java\bin;C:\Windows\system32;C:\Windows;C:/Program Files (x86)/Java/jre7/bin/client;C:/Program Files (x86)/Java/jre7/bin;C:/Program Files (x86)/Java/jre7/lib/i386;C:\ProgramData\Oracle\Java\javapath;C:\Program Files (x86)\Intel\iCLS Client\;C:\Program Files (x86)\Java\jre6\bin;C:\Program Files\Intel\iCLS Client\;C:\Windows\system32;C:\Windows;C:\Windows\System32\Wbem;C:\Windows\System32\WindowsPowerShell\v1.0\;C:\Program Files\Intel\Intel(R) Management Engine Components\DAL;C:\Program Files\Intel\Intel(R) Management Engine Components\IPT;C:\Program Files (x86)\Intel\Intel(R) Management Engine Components\DAL;C:\Program Files (x86)\Intel\Intel(R) Management Engine Components\IPT;C:\Program Files (x86)\Intel\OpenCL SDK\3.0\bin\x86;C:\Program Files (x86)\Intel\OpenCL SDK\3.0\bin\x64;C:\Program Files\Intel\WiFi\bin\;C:\Program Files\Common Files\Intel\WirelessCommon\;C:\Program Files\TortoiseGit\bin;D:\Program Files\jdk1.7.0_25/bin;C:\Users\sgelle\AppData\Local\Programs\Git/bin;D:\apache-maven-3.2.3/bin;C:\Python27;C:\Python27\Scripts;D:\sonarqube-4.4\bin\windows-x86-32;D:\sonar-runner-2.4\bin;C:\ProgramData\Oracle\Java\javapath;C:\Program Files (x86)\Intel\iCLS Client\;C:\Program Files (x86)\Java\jre6\bin;C:\Program Files\Intel\iCLS Client\;C:\Windows\system32;C:\Windows;C:\Windows\System32\Wbem;C:\Windows\System32\WindowsPowerShell\v1.0\;C:\Program Files\Intel\Intel(R) Management Engine Components\DAL;C:\Program Files\Intel\Intel(R) Management Engine Components\IPT;C:\Program Files (x86)\Intel\Intel(R) Management Engine Components\DAL;C:\Program Files (x86)\Intel\Intel(R) Management Engine Components\IPT;C:\Program Files (x86)\Intel\OpenCL SDK\3.0\bin\x86;C:\Program Files (x86)\Intel\OpenCL SDK\3.0\bin\x64;C:\Program Files\Intel\WiFi\bin\;C:\Program Files\Common Files\Intel\WirelessCommon\;C:\Program Files\TortoiseGit\bin;D:\Program Files\jdk1.7.0_25\jre\lib;%MYSQL_HOME%\bin;;D:\sts-bundle\sts-3.6.3.RELEASE;;."/>
    <property name="java.specification.name" value="Java Platform API Specification"/>
    <property name="java.class.version" value="52.0"/>
    <property name="sun.management.compiler" value="HotSpot 64-Bit Tiered Compilers"/>
    <property name="os.version" value="6.1"/>
    <property name="user.home" value="C:\Users\sgelle"/>
    <property name="user.timezone" value="Asia/Calcutta"/>
    <property name="java.awt.printerjob" value="sun.awt.windows.WPrinterJob"/>
    <property name="java.specification.version" value="1.8"/>
    <property name="file.encoding" value="Cp1252"/>
    <property name="user.name" value="sgelle"/>
    <property name="java.class.path" value="/D:/sts-bundle/sts-3.6.3.RELEASE/plugins/org.eclipse.m2e.maven.runtime_1.5.0.20140605-2032/jars/plexus-classworlds-2.5.1.jar"/>
    <property name="org.slf4j.simpleLogger.defaultLogLevel" value="info"/>
    <property name="java.vm.specification.version" value="1.8"/>
    <property name="sun.arch.data.model" value="64"/>
    <property name="java.home" value="C:\Program Files\Java\jdk1.8.0_25\jre"/>
    <property name="sun.java.command" value="org.codehaus.plexus.classworlds.launcher.Launcher -B install"/>
    <property name="java.specification.vendor" value="Oracle Corporation"/>
    <property name="user.language" value="en"/>
    <property name="awt.toolkit" value="sun.awt.windows.WToolkit"/>
    <property name="java.vm.info" value="mixed mode"/>
    <property name="java.version" value="1.8.0_25"/>
    <property name="java.ext.dirs" value="C:\Program Files\Java\jdk1.8.0_25\jre\lib\ext;C:\Windows\Sun\Java\lib\ext"/>
    <property name="sun.boot.class.path" value="C:\Program Files\Java\jdk1.8.0_25\jre\lib\resources.jar;C:\Program Files\Java\jdk1.8.0_25\jre\lib\rt.jar;C:\Program Files\Java\jdk1.8.0_25\jre\lib\sunrsasign.jar;C:\Program Files\Java\jdk1.8.0_25\jre\lib\jsse.jar;C:\Program Files\Java\jdk1.8.0_25\jre\lib\jce.jar;C:\Program Files\Java\jdk1.8.0_25\jre\lib\charsets.jar;C:\Program Files\Java\jdk1.8.0_25\jre\lib\jfr.jar;C:\Program Files\Java\jdk1.8.0_25\jre\classes"/>
    <property name="java.vendor" value="Oracle Corporation"/>
    <property name="maven.home" value="D:\MyWorkspace\RIABPLM\EMBEDDED"/>
    <property name="file.separator" value="\"/>
    <property name="java.vendor.url.bug" value="http://bugreport.sun.com/bugreport/"/>
    <property name="sun.cpu.endian" value="little"/>
    <property name="sun.io.unicode.encoding" value="UnicodeLittle"/>
    <property name="sun.desktop" value="windows"/>
    <property name="sun.cpu.isalist" value="amd64"/>
  </properties>
  <testcase classname="com.hcc.riab.tests.UserControllerTest" name="testPersistenceStatus" time="0">
    <error message="Failed to load ApplicationContext" type="java.lang.IllegalStateException">java.lang.IllegalStateException: Failed to load ApplicationContext
	at org.springframework.test.context.DefaultCacheAwareContextLoaderDelegate.loadContext(DefaultCacheAwareContextLoaderDelegate.java:94)
	at org.springframework.test.context.DefaultTestContext.getApplicationContext(DefaultTestContext.java:72)
	at org.springframework.test.context.support.DependencyInjectionTestExecutionListener.injectDependencies(DependencyInjectionTestExecutionListener.java:117)
	at org.springframework.test.context.support.DependencyInjectionTestExecutionListener.prepareTestInstance(DependencyInjectionTestExecutionListener.java:83)
	at org.springframework.test.context.TestContextManager.prepareTestInstance(TestContextManager.java:212)
	at org.springframework.test.context.junit4.SpringJUnit4ClassRunner.createTest(SpringJUnit4ClassRunner.java:200)
	at org.springframework.test.context.junit4.SpringJUnit4ClassRunner$1.runReflectiveCall(SpringJUnit4ClassRunner.java:259)
	at org.junit.internal.runners.model.ReflectiveCallable.run(ReflectiveCallable.java:12)
	at org.springframework.test.context.junit4.SpringJUnit4ClassRunner.methodBlock(SpringJUnit4ClassRunner.java:261)
	at org.springframework.test.context.junit4.SpringJUnit4ClassRunner.runChild(SpringJUnit4ClassRunner.java:219)
	at org.springframework.test.context.junit4.SpringJUnit4ClassRunner.runChild(SpringJUnit4ClassRunner.java:83)
	at org.junit.runners.ParentRunner$3.run(ParentRunner.java:238)
	at org.junit.runners.ParentRunner$1.schedule(ParentRunner.java:63)
	at org.junit.runners.ParentRunner.runChildren(ParentRunner.java:236)
	at org.junit.runners.ParentRunner.access$000(ParentRunner.java:53)
	at org.junit.runners.ParentRunner$2.evaluate(ParentRunner.java:229)
	at org.springframework.test.context.junit4.statements.RunBeforeTestClassCallbacks.evaluate(RunBeforeTestClassCallbacks.java:61)
	at org.springframework.test.context.junit4.statements.RunAfterTestClassCallbacks.evaluate(RunAfterTestClassCallbacks.java:68)
	at org.junit.runners.ParentRunner.run(ParentRunner.java:309)
	at org.springframework.test.context.junit4.SpringJUnit4ClassRunner.run(SpringJUnit4ClassRunner.java:163)
	at org.apache.maven.surefire.junit4.JUnit4Provider.execute(JUnit4Provider.java:252)
	at org.apache.maven.surefire.junit4.JUnit4Provider.executeTestSet(JUnit4Provider.java:141)
	at org.apache.maven.surefire.junit4.JUnit4Provider.invoke(JUnit4Provider.java:112)
	at sun.reflect.NativeMethodAccessorImpl.invoke0(Native Method)
	at sun.reflect.NativeMethodAccessorImpl.invoke(NativeMethodAccessorImpl.java:62)
	at sun.reflect.DelegatingMethodAccessorImpl.invoke(DelegatingMethodAccessorImpl.java:43)
	at java.lang.reflect.Method.invoke(Method.java:483)
	at org.apache.maven.surefire.util.ReflectionUtils.invokeMethodWithArray(ReflectionUtils.java:189)
	at org.apache.maven.surefire.booter.ProviderFactory$ProviderProxy.invoke(ProviderFactory.java:165)
	at org.apache.maven.surefire.booter.ProviderFactory.invokeProvider(ProviderFactory.java:85)
	at org.apache.maven.surefire.booter.ForkedBooter.runSuitesInProcess(ForkedBooter.java:115)
	at org.apache.maven.surefire.booter.ForkedBooter.main(ForkedBooter.java:75)
Caused by: org.springframework.beans.factory.BeanCreationException: Error creating bean with name &apos;entityManagerFactory&apos; defined in URL [file:src/main/resources/applicationContext.xml]: Invocation of init method failed; nested exception is javax.persistence.PersistenceException: [PersistenceUnit: default] Unable to build EntityManagerFactory
	at org.springframework.beans.factory.support.AbstractAutowireCapableBeanFactory.initializeBean(AbstractAutowireCapableBeanFactory.java:1574)
	at org.springframework.beans.factory.support.AbstractAutowireCapableBeanFactory.doCreateBean(AbstractAutowireCapableBeanFactory.java:539)
	at org.springframework.beans.factory.support.AbstractAutowireCapableBeanFactory.createBean(AbstractAutowireCapableBeanFactory.java:476)
	at org.springframework.beans.factory.support.AbstractBeanFactory$1.getObject(AbstractBeanFactory.java:303)
	at org.springframework.beans.factory.support.DefaultSingletonBeanRegistry.getSingleton(DefaultSingletonBeanRegistry.java:230)
	at org.springframework.beans.factory.support.AbstractBeanFactory.doGetBean(AbstractBeanFactory.java:299)
	at org.springframework.beans.factory.support.AbstractBeanFactory.getBean(AbstractBeanFactory.java:194)
	at org.springframework.context.support.AbstractApplicationContext.getBean(AbstractApplicationContext.java:956)
	at org.springframework.context.support.AbstractApplicationContext.finishBeanFactoryInitialization(AbstractApplicationContext.java:747)
	at org.springframework.context.support.AbstractApplicationContext.refresh(AbstractApplicationContext.java:480)
	at org.springframework.test.context.support.AbstractGenericContextLoader.loadContext(AbstractGenericContextLoader.java:125)
	at org.springframework.test.context.support.AbstractGenericContextLoader.loadContext(AbstractGenericContextLoader.java:60)
	at org.springframework.test.context.support.AbstractDelegatingSmartContextLoader.delegateLoading(AbstractDelegatingSmartContextLoader.java:109)
	at org.springframework.test.context.support.AbstractDelegatingSmartContextLoader.loadContext(AbstractDelegatingSmartContextLoader.java:261)
	at org.springframework.test.context.DefaultCacheAwareContextLoaderDelegate.loadContextInternal(DefaultCacheAwareContextLoaderDelegate.java:68)
	at org.springframework.test.context.DefaultCacheAwareContextLoaderDelegate.loadContext(DefaultCacheAwareContextLoaderDelegate.java:86)
	... 31 more
Caused by: javax.persistence.PersistenceException: [PersistenceUnit: default] Unable to build EntityManagerFactory
	at org.hibernate.ejb.Ejb3Configuration.buildEntityManagerFactory(Ejb3Configuration.java:923)
	at org.hibernate.ejb.Ejb3Configuration.buildEntityManagerFactory(Ejb3Configuration.java:898)
	at org.springframework.orm.jpa.vendor.SpringHibernateEjbPersistenceProvider.createContainerEntityManagerFactory(SpringHibernateEjbPersistenceProvider.java:51)
	at org.springframework.orm.jpa.LocalContainerEntityManagerFactoryBean.createNativeEntityManagerFactory(LocalContainerEntityManagerFactoryBean.java:343)
	at org.springframework.orm.jpa.AbstractEntityManagerFactoryBean.afterPropertiesSet(AbstractEntityManagerFactoryBean.java:318)
	at org.springframework.beans.factory.support.AbstractAutowireCapableBeanFactory.invokeInitMethods(AbstractAutowireCapableBeanFactory.java:1633)
	at org.springframework.beans.factory.support.AbstractAutowireCapableBeanFactory.initializeBean(AbstractAutowireCapableBeanFactory.java:1570)
	... 46 more
Caused by: org.hibernate.MappingException: Could not determine type for: com.hcc.riab.model.ProductInfo, at table: Product, for columns: [org.hibernate.mapping.Column(productInfo)]
	at org.hibernate.mapping.SimpleValue.getType(SimpleValue.java:314)
	at org.hibernate.mapping.SimpleValue.isValid(SimpleValue.java:292)
	at org.hibernate.mapping.Property.isValid(Property.java:239)
	at org.hibernate.mapping.PersistentClass.validate(PersistentClass.java:469)
	at org.hibernate.mapping.RootClass.validate(RootClass.java:270)
	at org.hibernate.cfg.Configuration.validate(Configuration.java:1296)
	at org.hibernate.cfg.Configuration.buildSessionFactory(Configuration.java:1752)
	at org.hibernate.ejb.EntityManagerFactoryImpl.&lt;init&gt;(EntityManagerFactoryImpl.java:96)
	at org.hibernate.ejb.Ejb3Configuration.buildEntityManagerFactory(Ejb3Configuration.java:913)
	... 52 more
</error>
    <system-out>12:56:59.789 [main] DEBUG o.s.t.c.s.DirtiesContextTestExecutionListener - After test class: context [DefaultTestContext@17579e0f testClass = HomeControllerTest, testInstance = [null], testMethod = [null], testException = [null], mergedContextConfiguration = [MergedContextConfiguration@3712b94 testClass = HomeControllerTest, locations = &apos;{file:src/main/webapp/WEB-INF/rest-context.xml, file:src/main/webapp/WEB-INF/spring-servlet.xml, file:src/main/resources/applicationContext.xml}&apos;, classes = &apos;{}&apos;, contextInitializerClasses = &apos;[]&apos;, activeProfiles = &apos;{}&apos;, propertySourceLocations = &apos;{}&apos;, propertySourceProperties = &apos;{}&apos;, contextLoader = &apos;org.springframework.test.context.support.DelegatingSmartContextLoader&apos;, parent = [null]]], dirtiesContext [false].
12:56:59.790 [main] DEBUG o.s.t.c.j.SpringJUnit4ClassRunner - SpringJUnit4ClassRunner constructor called with [class com.hcc.riab.tests.UserControllerTest].
12:56:59.790 [main] DEBUG o.s.test.context.BootstrapUtils - Instantiating TestContextBootstrapper from class [org.springframework.test.context.support.DefaultTestContextBootstrapper]
12:56:59.791 [main] DEBUG o.s.t.c.s.AbstractDelegatingSmartContextLoader - Delegating to GenericXmlContextLoader to process context configuration [ContextConfigurationAttributes@34237b90 declaringClass = &apos;com.hcc.riab.tests.UserControllerTest&apos;, classes = &apos;{}&apos;, locations = &apos;{file:src/main/webapp/WEB-INF/rest-context.xml, file:src/main/webapp/WEB-INF/spring-servlet.xml, file:src/main/resources/applicationContext.xml}&apos;, inheritLocations = true, initializers = &apos;{}&apos;, inheritInitializers = true, name = [null], contextLoaderClass = &apos;org.springframework.test.context.ContextLoader&apos;].
12:56:59.791 [main] DEBUG o.s.t.c.support.ActiveProfilesUtils - Could not find an &apos;annotation declaring class&apos; for annotation type [org.springframework.test.context.ActiveProfiles] and class [com.hcc.riab.tests.UserControllerTest]
12:56:59.791 [main] DEBUG o.s.t.c.s.DefaultTestContextBootstrapper - @TestExecutionListeners is not present for class [com.hcc.riab.tests.UserControllerTest]: using defaults.
12:56:59.792 [main] INFO  o.s.t.c.s.DefaultTestContextBootstrapper - Loaded default TestExecutionListener class names from location [META-INF/spring.factories]: [org.springframework.test.context.web.ServletTestExecutionListener, org.springframework.test.context.support.DependencyInjectionTestExecutionListener, org.springframework.test.context.support.DirtiesContextTestExecutionListener, org.springframework.test.context.transaction.TransactionalTestExecutionListener, org.springframework.test.context.jdbc.SqlScriptsTestExecutionListener]
12:56:59.792 [main] INFO  o.s.t.c.s.DefaultTestContextBootstrapper - Using TestExecutionListeners: [org.springframework.test.context.web.ServletTestExecutionListener@781a9412, org.springframework.test.context.support.DependencyInjectionTestExecutionListener@5a4c638d, org.springframework.test.context.support.DirtiesContextTestExecutionListener@13e698c7, org.springframework.test.context.transaction.TransactionalTestExecutionListener@aed0151, org.springframework.test.context.jdbc.SqlScriptsTestExecutionListener@267bbe1a]
12:56:59.792 [main] DEBUG o.s.t.annotation.ProfileValueUtils - Retrieved @ProfileValueSourceConfiguration [null] for test class [com.hcc.riab.tests.UserControllerTest]
12:56:59.792 [main] DEBUG o.s.t.annotation.ProfileValueUtils - Retrieved ProfileValueSource type [class org.springframework.test.annotation.SystemProfileValueSource] for class [com.hcc.riab.tests.UserControllerTest]
12:56:59.792 [main] DEBUG o.s.t.annotation.ProfileValueUtils - Retrieved @ProfileValueSourceConfiguration [null] for test class [com.hcc.riab.tests.UserControllerTest]
12:56:59.793 [main] DEBUG o.s.t.annotation.ProfileValueUtils - Retrieved ProfileValueSource type [class org.springframework.test.annotation.SystemProfileValueSource] for class [com.hcc.riab.tests.UserControllerTest]
12:56:59.793 [main] DEBUG o.s.t.annotation.ProfileValueUtils - Retrieved @ProfileValueSourceConfiguration [null] for test class [com.hcc.riab.tests.UserControllerTest]
12:56:59.793 [main] DEBUG o.s.t.annotation.ProfileValueUtils - Retrieved ProfileValueSource type [class org.springframework.test.annotation.SystemProfileValueSource] for class [com.hcc.riab.tests.UserControllerTest]
12:56:59.793 [main] DEBUG o.s.t.c.s.DependencyInjectionTestExecutionListener - Performing dependency injection for test context [[DefaultTestContext@1f12e153 testClass = UserControllerTest, testInstance = com.hcc.riab.tests.UserControllerTest@389562d6, testMethod = [null], testException = [null], mergedContextConfiguration = [MergedContextConfiguration@5a101b1c testClass = UserControllerTest, locations = &apos;{file:src/main/webapp/WEB-INF/rest-context.xml, file:src/main/webapp/WEB-INF/spring-servlet.xml, file:src/main/resources/applicationContext.xml}&apos;, classes = &apos;{}&apos;, contextInitializerClasses = &apos;[]&apos;, activeProfiles = &apos;{}&apos;, propertySourceLocations = &apos;{}&apos;, propertySourceProperties = &apos;{}&apos;, contextLoader = &apos;org.springframework.test.context.support.DelegatingSmartContextLoader&apos;, parent = [null]]]].
12:56:59.793 [main] DEBUG o.s.t.c.s.AbstractDelegatingSmartContextLoader - Delegating to GenericXmlContextLoader to load context from [MergedContextConfiguration@5a101b1c testClass = UserControllerTest, locations = &apos;{file:src/main/webapp/WEB-INF/rest-context.xml, file:src/main/webapp/WEB-INF/spring-servlet.xml, file:src/main/resources/applicationContext.xml}&apos;, classes = &apos;{}&apos;, contextInitializerClasses = &apos;[]&apos;, activeProfiles = &apos;{}&apos;, propertySourceLocations = &apos;{}&apos;, propertySourceProperties = &apos;{}&apos;, contextLoader = &apos;org.springframework.test.context.support.DelegatingSmartContextLoader&apos;, parent = [null]].
12:56:59.793 [main] DEBUG o.s.t.c.s.AbstractGenericContextLoader - Loading ApplicationContext for merged context configuration [[MergedContextConfiguration@5a101b1c testClass = UserControllerTest, locations = &apos;{file:src/main/webapp/WEB-INF/rest-context.xml, file:src/main/webapp/WEB-INF/spring-servlet.xml, file:src/main/resources/applicationContext.xml}&apos;, classes = &apos;{}&apos;, contextInitializerClasses = &apos;[]&apos;, activeProfiles = &apos;{}&apos;, propertySourceLocations = &apos;{}&apos;, propertySourceProperties = &apos;{}&apos;, contextLoader = &apos;org.springframework.test.context.support.DelegatingSmartContextLoader&apos;, parent = [null]]].
12:56:59.793 [main] DEBUG o.s.core.env.StandardEnvironment - Adding [systemProperties] PropertySource with lowest search precedence
12:56:59.794 [main] DEBUG o.s.core.env.StandardEnvironment - Adding [systemEnvironment] PropertySource with lowest search precedence
12:56:59.794 [main] DEBUG o.s.core.env.StandardEnvironment - Initialized StandardEnvironment with PropertySources [systemProperties,systemEnvironment]
12:56:59.794 [main] INFO  o.s.b.f.xml.XmlBeanDefinitionReader - Loading XML bean definitions from URL [file:src/main/webapp/WEB-INF/rest-context.xml]
12:56:59.795 [main] DEBUG o.s.b.f.xml.DefaultDocumentLoader - Using JAXP provider [com.sun.org.apache.xerces.internal.jaxp.DocumentBuilderFactoryImpl]
12:56:59.796 [main] DEBUG o.s.b.f.xml.PluggableSchemaResolver - Loading schema mappings from [META-INF/spring.schemas]
12:56:59.863 [main] DEBUG o.s.b.f.xml.PluggableSchemaResolver - Loaded schema mappings: {http://www.springframework.org/schema/tx/spring-tx-2.5.xsd=org/springframework/transaction/config/spring-tx-2.5.xsd, http://www.springframework.org/schema/aop/spring-aop-4.1.xsd=org/springframework/aop/config/spring-aop-4.1.xsd, http://www.springframework.org/schema/context/spring-context-3.1.xsd=org/springframework/context/config/spring-context-3.1.xsd, http://www.springframework.org/schema/data/repository/spring-repository-1.4.xsd=org/springframework/data/repository/config/spring-repository-1.4.xsd, http://www.springframework.org/schema/jdbc/spring-jdbc-4.1.xsd=org/springframework/jdbc/config/spring-jdbc-4.1.xsd, http://www.springframework.org/schema/util/spring-util-3.0.xsd=org/springframework/beans/factory/xml/spring-util-3.0.xsd, http://www.springframework.org/schema/mvc/spring-mvc-4.1.xsd=org/springframework/web/servlet/config/spring-mvc-4.1.xsd, http://www.springframework.org/schema/data/jpa/spring-jpa.xsd=org/springframework/data/jpa/repository/config/spring-jpa-1.8.xsd, http://www.springframework.org/schema/security/spring-security-oauth2-1.0.xsd=org/springframework/security/oauth2/spring-security-oauth2-1.0.xsd, http://www.springframework.org/schema/security/spring-security-3.0.3.xsd=org/springframework/security/config/spring-security-3.0.3.xsd, http://www.springframework.org/schema/aop/spring-aop-3.2.xsd=org/springframework/aop/config/spring-aop-3.2.xsd, http://www.springframework.org/schema/security/spring-security-2.0.1.xsd=org/springframework/security/config/spring-security-2.0.1.xsd, http://www.springframework.org/schema/tool/spring-tool.xsd=org/springframework/beans/factory/xml/spring-tool-4.1.xsd, http://www.springframework.org/schema/lang/spring-lang-4.1.xsd=org/springframework/scripting/config/spring-lang-4.1.xsd, http://www.springframework.org/schema/context/spring-context-4.0.xsd=org/springframework/context/config/spring-context-4.0.xsd, http://www.springframework.org/schema/mvc/spring-mvc-3.2.xsd=org/springframework/web/servlet/config/spring-mvc-3.2.xsd, http://www.springframework.org/schema/tool/spring-tool-4.1.xsd=org/springframework/beans/factory/xml/spring-tool-4.1.xsd, http://www.springframework.org/schema/lang/spring-lang-3.2.xsd=org/springframework/scripting/config/spring-lang-3.2.xsd, http://www.springframework.org/schema/cache/spring-cache-3.2.xsd=org/springframework/cache/config/spring-cache-3.2.xsd, http://www.springframework.org/schema/jee/spring-jee-4.1.xsd=org/springframework/ejb/config/spring-jee-4.1.xsd, http://www.springframework.org/schema/jdbc/spring-jdbc-3.1.xsd=org/springframework/jdbc/config/spring-jdbc-3.1.xsd, http://www.springframework.org/schema/data/mongo/spring-mongo-1.3.xsd=org/springframework/data/mongodb/config/spring-mongo-1.3.xsd, http://www.springframework.org/schema/util/spring-util-2.0.xsd=org/springframework/beans/factory/xml/spring-util-2.0.xsd, http://www.springframework.org/schema/tool/spring-tool-3.2.xsd=org/springframework/beans/factory/xml/spring-tool-3.2.xsd, http://www.springframework.org/schema/context/spring-context.xsd=org/springframework/context/config/spring-context-4.1.xsd, http://www.springframework.org/schema/cache/spring-cache-4.1.xsd=org/springframework/cache/config/spring-cache-4.1.xsd, http://www.springframework.org/schema/aop/spring-aop-4.0.xsd=org/springframework/aop/config/spring-aop-4.0.xsd, http://www.springframework.org/schema/security/spring-security-2.0.xsd=org/springframework/security/config/spring-security-2.0.xsd, http://www.springframework.org/schema/jee/spring-jee-3.2.xsd=org/springframework/ejb/config/spring-jee-3.2.xsd, http://www.springframework.org/schema/context/spring-context-3.0.xsd=org/springframework/context/config/spring-context-3.0.xsd, http://www.springframework.org/schema/jdbc/spring-jdbc-4.0.xsd=org/springframework/jdbc/config/spring-jdbc-4.0.xsd, http://www.springframework.org/schema/util/spring-util-2.5.xsd=org/springframework/beans/factory/xml/spring-util-2.5.xsd, http://www.springframework.org/schema/mvc/spring-mvc-4.0.xsd=org/springframework/web/servlet/config/spring-mvc-4.0.xsd, http://www.springframework.org/schema/beans/spring-beans-3.2.xsd=org/springframework/beans/factory/xml/spring-beans-3.2.xsd, http://www.springframework.org/schema/aop/spring-aop-3.1.xsd=org/springframework/aop/config/spring-aop-3.1.xsd, http://www.springframework.org/schema/lang/spring-lang-4.0.xsd=org/springframework/scripting/config/spring-lang-4.0.xsd, http://www.springframework.org/schema/mvc/spring-mvc.xsd=org/springframework/web/servlet/config/spring-mvc-4.1.xsd, http://www.springframework.org/schema/mvc/spring-mvc-3.1.xsd=org/springframework/web/servlet/config/spring-mvc-3.1.xsd, http://www.springframework.org/schema/beans/spring-beans-4.1.xsd=org/springframework/beans/factory/xml/spring-beans-4.1.xsd, http://www.springframework.org/schema/tool/spring-tool-4.0.xsd=org/springframework/beans/factory/xml/spring-tool-4.0.xsd, http://www.springframework.org/schema/tx/spring-tx-3.2.xsd=org/springframework/transaction/config/spring-tx-3.2.xsd, http://www.springframework.org/schema/lang/spring-lang-3.1.xsd=org/springframework/scripting/config/spring-lang-3.1.xsd, http://www.springframework.org/schema/cache/spring-cache-3.1.xsd=org/springframework/cache/config/spring-cache-3.1.xsd, http://www.springframework.org/schema/jee/spring-jee-4.0.xsd=org/springframework/ejb/config/spring-jee-4.0.xsd, http://www.springframework.org/schema/jdbc/spring-jdbc-3.0.xsd=org/springframework/jdbc/config/spring-jdbc-3.0.xsd, http://www.springframework.org/schema/data/mongo/spring-mongo-1.2.xsd=org/springframework/data/mongodb/config/spring-mongo-1.2.xsd, http://www.springframework.org/schema/task/spring-task-4.1.xsd=org/springframework/scheduling/config/spring-task-4.1.xsd, http://www.springframework.org/schema/jdbc/spring-jdbc.xsd=org/springframework/jdbc/config/spring-jdbc-4.1.xsd, http://www.springframework.org/schema/tool/spring-tool-3.1.xsd=org/springframework/beans/factory/xml/spring-tool-3.1.xsd, http://www.springframework.org/schema/tx/spring-tx-4.1.xsd=org/springframework/transaction/config/spring-tx-4.1.xsd, http://www.springframework.org/schema/cache/spring-cache-4.0.xsd=org/springframework/cache/config/spring-cache-4.0.xsd, http://www.springframework.org/schema/jee/spring-jee-3.1.xsd=org/springframework/ejb/config/spring-jee-3.1.xsd, http://www.springframework.org/schema/data/mongo/spring-mongo-1.7.xsd=org/springframework/data/mongodb/config/spring-mongo-1.7.xsd, http://www.springframework.org/schema/task/spring-task-3.2.xsd=org/springframework/scheduling/config/spring-task-3.2.xsd, http://www.springframework.org/schema/beans/spring-beans-3.1.xsd=org/springframework/beans/factory/xml/spring-beans-3.1.xsd, http://www.springframework.org/schema/util/spring-util.xsd=org/springframework/beans/factory/xml/spring-util-4.1.xsd, http://www.springframework.org/schema/data/jpa/spring-jpa-1.3.xsd=org/springframework/data/jpa/repository/config/spring-jpa-1.3.xsd, http://www.springframework.org/schema/aop/spring-aop-3.0.xsd=org/springframework/aop/config/spring-aop-3.0.xsd, http://www.springframework.org/schema/data/repository/spring-repository.xsd=org/springframework/data/repository/config/spring-repository-1.7.xsd, http://www.springframework.org/schema/data/repository/spring-repository-1.7.xsd=org/springframework/data/repository/config/spring-repository-1.7.xsd, http://www.springframework.org/schema/mvc/spring-mvc-3.0.xsd=org/springframework/web/servlet/config/spring-mvc-3.0.xsd, http://www.springframework.org/schema/beans/spring-beans-4.0.xsd=org/springframework/beans/factory/xml/spring-beans-4.0.xsd, http://www.springframework.org/schema/data/jpa/spring-jpa-1.8.xsd=org/springframework/data/jpa/repository/config/spring-jpa-1.8.xsd, http://www.springframework.org/schema/beans/spring-beans.xsd=org/springframework/beans/factory/xml/spring-beans-4.1.xsd, http://www.springframework.org/schema/security/spring-security-2.0.4.xsd=org/springframework/security/config/spring-security-2.0.4.xsd, http://www.springframework.org/schema/tx/spring-tx-3.1.xsd=org/springframework/transaction/config/spring-tx-3.1.xsd, http://www.springframework.org/schema/lang/spring-lang-3.0.xsd=org/springframework/scripting/config/spring-lang-3.0.xsd, http://www.springframework.org/schema/context/spring-context-2.5.xsd=org/springframework/context/config/spring-context-2.5.xsd, http://www.springframework.org/schema/data/mongo/spring-mongo-1.1.xsd=org/springframework/data/mongodb/config/spring-mongo-1.1.xsd, http://www.springframework.org/schema/task/spring-task-4.0.xsd=org/springframework/scheduling/config/spring-task-4.0.xsd, http://www.springframework.org/schema/tool/spring-tool-3.0.xsd=org/springframework/beans/factory/xml/spring-tool-3.0.xsd, http://www.springframework.org/schema/tx/spring-tx-4.0.xsd=org/springframework/transaction/config/spring-tx-4.0.xsd, http://www.springframework.org/schema/security/spring-security-oauth2.xsd=org/springframework/security/oauth2/spring-security-oauth2-2.0.xsd, http://www.springframework.org/schema/aop/spring-aop-2.0.xsd=org/springframework/aop/config/spring-aop-2.0.xsd, http://www.springframework.org/schema/security/spring-security-3.2.xsd=org/springframework/security/config/spring-security-3.2.xsd, http://www.springframework.org/schema/jee/spring-jee-3.0.xsd=org/springframework/ejb/config/spring-jee-3.0.xsd, http://www.springframework.org/schema/util/spring-util-4.1.xsd=org/springframework/beans/factory/xml/spring-util-4.1.xsd, http://www.springframework.org/schema/task/spring-task-3.1.xsd=org/springframework/scheduling/config/spring-task-3.1.xsd, http://www.springframework.org/schema/beans/spring-beans-3.0.xsd=org/springframework/beans/factory/xml/spring-beans-3.0.xsd, http://www.springframework.org/schema/data/jpa/spring-jpa-1.2.xsd=org/springframework/data/jpa/repository/config/spring-jpa-1.2.xsd, http://www.springframework.org/schema/jee/spring-jee.xsd=org/springframework/ejb/config/spring-jee-4.1.xsd, http://www.springframework.org/schema/aop/spring-aop-2.5.xsd=org/springframework/aop/config/spring-aop-2.5.xsd, http://www.springframework.org/schema/lang/spring-lang-2.0.xsd=org/springframework/scripting/config/spring-lang-2.0.xsd, http://www.springframework.org/schema/data/repository/spring-repository-1.6.xsd=org/springframework/data/repository/config/spring-repository-1.6.xsd, http://www.springframework.org/schema/util/spring-util-3.2.xsd=org/springframework/beans/factory/xml/spring-util-3.2.xsd, http://www.springframework.org/schema/task/spring-task.xsd=org/springframework/scheduling/config/spring-task-4.1.xsd, http://www.springframework.org/schema/tool/spring-tool-2.0.xsd=org/springframework/beans/factory/xml/spring-tool-2.0.xsd, http://www.springframework.org/schema/tx/spring-tx-3.0.xsd=org/springframework/transaction/config/spring-tx-3.0.xsd, http://www.springframework.org/schema/lang/spring-lang-2.5.xsd=org/springframework/scripting/config/spring-lang-2.5.xsd, http://www.springframework.org/schema/jee/spring-jee-2.0.xsd=org/springframework/ejb/config/spring-jee-2.0.xsd, http://www.springframework.org/schema/data/mongo/spring-mongo-1.0.xsd=org/springframework/data/mongodb/config/spring-mongo-1.0.xsd, http://www.springframework.org/schema/tool/spring-tool-2.5.xsd=org/springframework/beans/factory/xml/spring-tool-2.5.xsd, http://www.springframework.org/schema/security/spring-security-3.1.xsd=org/springframework/security/config/spring-security-3.1.xsd, http://www.springframework.org/schema/jee/spring-jee-2.5.xsd=org/springframework/ejb/config/spring-jee-2.5.xsd, http://www.springframework.org/schema/data/repository/spring-repository-1.0.xsd=org/springframework/data/repository/config/spring-repository-1.0.xsd, http://www.springframework.org/schema/data/mongo/spring-mongo-1.5.xsd=org/springframework/data/mongodb/config/spring-mongo-1.5.xsd, http://www.springframework.org/schema/util/spring-util-4.0.xsd=org/springframework/beans/factory/xml/spring-util-4.0.xsd, http://www.springframework.org/schema/task/spring-task-3.0.xsd=org/springframework/scheduling/config/spring-task-3.0.xsd, http://www.springframework.org/schema/data/jpa/spring-jpa-1.1.xsd=org/springframework/data/jpa/repository/config/spring-jpa-1.1.xsd, http://www.springframework.org/schema/security/spring-security-oauth2-2.0.xsd=org/springframework/security/oauth2/spring-security-oauth2-2.0.xsd, http://www.springframework.org/schema/lang/spring-lang.xsd=org/springframework/scripting/config/spring-lang-4.1.xsd, http://www.springframework.org/schema/context/spring-context-3.2.xsd=org/springframework/context/config/spring-context-3.2.xsd, http://www.springframework.org/schema/data/repository/spring-repository-1.5.xsd=org/springframework/data/repository/config/spring-repository-1.5.xsd, http://www.springframework.org/schema/util/spring-util-3.1.xsd=org/springframework/beans/factory/xml/spring-util-3.1.xsd, http://www.springframework.org/schema/beans/spring-beans-2.0.xsd=org/springframework/beans/factory/xml/spring-beans-2.0.xsd, http://www.springframework.org/schema/cache/spring-cache.xsd=org/springframework/cache/config/spring-cache-4.1.xsd, http://www.springframework.org/schema/tx/spring-tx.xsd=org/springframework/transaction/config/spring-tx-4.1.xsd, http://www.springframework.org/schema/data/mongo/spring-mongo.xsd=org/springframework/data/mongodb/config/spring-mongo-1.7.xsd, http://www.springframework.org/schema/security/spring-security-2.0.2.xsd=org/springframework/security/config/spring-security-2.0.2.xsd, http://www.springframework.org/schema/context/spring-context-4.1.xsd=org/springframework/context/config/spring-context-4.1.xsd, http://www.springframework.org/schema/beans/spring-beans-2.5.xsd=org/springframework/beans/factory/xml/spring-beans-2.5.xsd, http://www.springframework.org/schema/tx/spring-tx-2.0.xsd=org/springframework/transaction/config/spring-tx-2.0.xsd, http://www.springframework.org/schema/security/spring-security.xsd=org/springframework/security/config/spring-security-3.2.xsd, http://www.springframework.org/schema/security/spring-security-3.0.xsd=org/springframework/security/config/spring-security-3.0.xsd, http://www.springframework.org/schema/jdbc/spring-jdbc-3.2.xsd=org/springframework/jdbc/config/spring-jdbc-3.2.xsd, http://www.springframework.org/schema/data/mongo/spring-mongo-1.4.xsd=org/springframework/data/mongodb/config/spring-mongo-1.4.xsd, http://www.springframework.org/schema/aop/spring-aop.xsd=org/springframework/aop/config/spring-aop-4.1.xsd, http://www.springframework.org/schema/data/jpa/spring-jpa-1.0.xsd=org/springframework/data/jpa/repository/config/spring-jpa-1.0.xsd}
12:56:59.863 [main] DEBUG o.s.b.f.xml.PluggableSchemaResolver - Found XML schema [http://www.springframework.org/schema/beans/spring-beans.xsd] in classpath: org/springframework/beans/factory/xml/spring-beans-4.1.xsd
12:56:59.894 [main] DEBUG o.s.b.f.xml.PluggableSchemaResolver - Found XML schema [http://www.springframework.org/schema/mvc/spring-mvc.xsd] in classpath: org/springframework/web/servlet/config/spring-mvc-4.1.xsd
12:56:59.894 [main] DEBUG o.s.b.f.xml.PluggableSchemaResolver - Found XML schema [http://www.springframework.org/schema/tool/spring-tool-4.1.xsd] in classpath: org/springframework/beans/factory/xml/spring-tool-4.1.xsd
12:56:59.910 [main] DEBUG o.s.b.f.xml.PluggableSchemaResolver - Found XML schema [http://www.springframework.org/schema/context/spring-context.xsd] in classpath: org/springframework/context/config/spring-context-4.1.xsd
12:56:59.910 [main] DEBUG o.s.b.f.x.DefaultBeanDefinitionDocumentReader - Loading bean definitions
12:56:59.910 [main] DEBUG o.s.b.f.x.DefaultNamespaceHandlerResolver - Loaded NamespaceHandler mappings: {http://www.springframework.org/schema/task=org.springframework.scheduling.config.TaskNamespaceHandler, http://www.springframework.org/schema/p=org.springframework.beans.factory.xml.SimplePropertyNamespaceHandler, http://www.springframework.org/schema/data/jpa=org.springframework.data.jpa.repository.config.JpaRepositoryNameSpaceHandler, http://www.springframework.org/schema/lang=org.springframework.scripting.config.LangNamespaceHandler, http://www.springframework.org/schema/util=org.springframework.beans.factory.xml.UtilNamespaceHandler, http://www.springframework.org/schema/c=org.springframework.beans.factory.xml.SimpleConstructorNamespaceHandler, http://www.springframework.org/schema/data/keyvalue=org.springframework.data.keyvalue.repository.config.KeyValueRepositoryNameSpaceHandler, http://www.springframework.org/schema/jee=org.springframework.ejb.config.JeeNamespaceHandler, http://www.springframework.org/schema/tx=org.springframework.transaction.config.TxNamespaceHandler, http://www.springframework.org/schema/data/repository=org.springframework.data.repository.config.RepositoryNameSpaceHandler, http://www.springframework.org/schema/jdbc=org.springframework.jdbc.config.JdbcNamespaceHandler, http://www.springframework.org/schema/aop=org.springframework.aop.config.AopNamespaceHandler, http://www.springframework.org/schema/data/mongo=org.springframework.data.mongodb.repository.config.MongoRepositoryConfigNamespaceHandler, http://www.springframework.org/schema/context=org.springframework.context.config.ContextNamespaceHandler, http://www.springframework.org/schema/security/oauth2=org.springframework.security.oauth2.config.xml.OAuth2SecurityNamespaceHandler, http://www.springframework.org/schema/security=org.springframework.security.config.SecurityNamespaceHandler, http://www.springframework.org/schema/cache=org.springframework.cache.config.CacheNamespaceHandler, http://www.springframework.org/schema/mvc=org.springframework.web.servlet.config.MvcNamespaceHandler}
12:56:59.910 [main] DEBUG o.s.c.a.ClassPathBeanDefinitionScanner - JSR-330 &apos;javax.inject.Named&apos; annotation found and supported for component scanning
12:56:59.910 [main] DEBUG o.s.c.i.s.PathMatchingResourcePatternResolver - Looking for matching resources in directory tree [D:\MyWorkspace\RIABPLM\target\test-classes\com\hcc\riab]
12:56:59.910 [main] DEBUG o.s.c.i.s.PathMatchingResourcePatternResolver - Searching directory [D:\MyWorkspace\RIABPLM\target\test-classes\com\hcc\riab] for files matching pattern [D:/MyWorkspace/RIABPLM/target/test-classes/com/hcc/riab/**/*.class]
12:56:59.910 [main] DEBUG o.s.c.i.s.PathMatchingResourcePatternResolver - Searching directory [D:\MyWorkspace\RIABPLM\target\test-classes\com\hcc\riab\tests] for files matching pattern [D:/MyWorkspace/RIABPLM/target/test-classes/com/hcc/riab/**/*.class]
12:56:59.910 [main] DEBUG o.s.c.i.s.PathMatchingResourcePatternResolver - Looking for matching resources in directory tree [D:\MyWorkspace\RIABPLM\target\classes\com\hcc\riab]
12:56:59.910 [main] DEBUG o.s.c.i.s.PathMatchingResourcePatternResolver - Searching directory [D:\MyWorkspace\RIABPLM\target\classes\com\hcc\riab] for files matching pattern [D:/MyWorkspace/RIABPLM/target/classes/com/hcc/riab/**/*.class]
12:56:59.910 [main] DEBUG o.s.c.i.s.PathMatchingResourcePatternResolver - Searching directory [D:\MyWorkspace\RIABPLM\target\classes\com\hcc\riab\aspects] for files matching pattern [D:/MyWorkspace/RIABPLM/target/classes/com/hcc/riab/**/*.class]
12:56:59.910 [main] DEBUG o.s.c.i.s.PathMatchingResourcePatternResolver - Searching directory [D:\MyWorkspace\RIABPLM\target\classes\com\hcc\riab\model] for files matching pattern [D:/MyWorkspace/RIABPLM/target/classes/com/hcc/riab/**/*.class]
12:56:59.910 [main] DEBUG o.s.c.i.s.PathMatchingResourcePatternResolver - Searching directory [D:\MyWorkspace\RIABPLM\target\classes\com\hcc\riab\repositories] for files matching pattern [D:/MyWorkspace/RIABPLM/target/classes/com/hcc/riab/**/*.class]
12:56:59.910 [main] DEBUG o.s.c.i.s.PathMatchingResourcePatternResolver - Searching directory [D:\MyWorkspace\RIABPLM\target\classes\com\hcc\riab\service] for files matching pattern [D:/MyWorkspace/RIABPLM/target/classes/com/hcc/riab/**/*.class]
12:56:59.910 [main] DEBUG o.s.c.i.s.PathMatchingResourcePatternResolver - Searching directory [D:\MyWorkspace\RIABPLM\target\classes\com\hcc\riab\service\impl] for files matching pattern [D:/MyWorkspace/RIABPLM/target/classes/com/hcc/riab/**/*.class]
12:56:59.910 [main] DEBUG o.s.c.i.s.PathMatchingResourcePatternResolver - Resolved location pattern [classpath*:com/hcc/riab/**/*.class] to resources [file [D:\MyWorkspace\RIABPLM\target\test-classes\com\hcc\riab\tests\HomeControllerTest.class], file [D:\MyWorkspace\RIABPLM\target\test-classes\com\hcc\riab\tests\JournalMongoDBServiceIT$AjcClosure1.class], file [D:\MyWorkspace\RIABPLM\target\test-classes\com\hcc\riab\tests\JournalMongoDBServiceIT$AjcClosure3.class], file [D:\MyWorkspace\RIABPLM\target\test-classes\com\hcc\riab\tests\JournalMongoDBServiceIT.class], file [D:\MyWorkspace\RIABPLM\target\test-classes\com\hcc\riab\tests\UserControllerTest.class], file [D:\MyWorkspace\RIABPLM\target\classes\com\hcc\riab\aspects\ControllerLoggingAspect.class], file [D:\MyWorkspace\RIABPLM\target\classes\com\hcc\riab\HomeController.class], file [D:\MyWorkspace\RIABPLM\target\classes\com\hcc\riab\model\BaseClientDetails.class], file [D:\MyWorkspace\RIABPLM\target\classes\com\hcc\riab\model\ClientDetails.class], file [D:\MyWorkspace\RIABPLM\target\classes\com\hcc\riab\model\Product.class], file [D:\MyWorkspace\RIABPLM\target\classes\com\hcc\riab\model\ProductInfo.class], file [D:\MyWorkspace\RIABPLM\target\classes\com\hcc\riab\model\Users.class], file [D:\MyWorkspace\RIABPLM\target\classes\com\hcc\riab\model\WellIndex.class], file [D:\MyWorkspace\RIABPLM\target\classes\com\hcc\riab\repositories\ClientDetailsRepository.class], file [D:\MyWorkspace\RIABPLM\target\classes\com\hcc\riab\repositories\ProductRepository.class], file [D:\MyWorkspace\RIABPLM\target\classes\com\hcc\riab\repositories\UserRepository.class], file [D:\MyWorkspace\RIABPLM\target\classes\com\hcc\riab\repositories\WellIndexRepository.class], file [D:\MyWorkspace\RIABPLM\target\classes\com\hcc\riab\service\impl\ClientDetailsServiceImpl.class], file [D:\MyWorkspace\RIABPLM\target\classes\com\hcc\riab\service\impl\WellServiceImpl.class], file [D:\MyWorkspace\RIABPLM\target\classes\com\hcc\riab\service\InitMongoService.class], file [D:\MyWorkspace\RIABPLM\target\classes\com\hcc\riab\service\UserService.class], file [D:\MyWorkspace\RIABPLM\target\classes\com\hcc\riab\service\WellService.class], file [D:\MyWorkspace\RIABPLM\target\classes\com\hcc\riab\UserController.class]]
12:56:59.910 [main] DEBUG o.s.c.a.ClassPathBeanDefinitionScanner - Identified candidate component class: file [D:\MyWorkspace\RIABPLM\target\classes\com\hcc\riab\HomeController.class]
12:56:59.925 [main] DEBUG o.s.c.a.ClassPathBeanDefinitionScanner - Ignored because not a concrete top-level class: file [D:\MyWorkspace\RIABPLM\target\classes\com\hcc\riab\repositories\ClientDetailsRepository.class]
12:56:59.925 [main] DEBUG o.s.c.a.ClassPathBeanDefinitionScanner - Ignored because not a concrete top-level class: file [D:\MyWorkspace\RIABPLM\target\classes\com\hcc\riab\repositories\ProductRepository.class]
12:56:59.925 [main] DEBUG o.s.c.a.ClassPathBeanDefinitionScanner - Ignored because not a concrete top-level class: file [D:\MyWorkspace\RIABPLM\target\classes\com\hcc\riab\repositories\WellIndexRepository.class]
12:56:59.925 [main] DEBUG o.s.c.a.ClassPathBeanDefinitionScanner - Identified candidate component class: file [D:\MyWorkspace\RIABPLM\target\classes\com\hcc\riab\service\impl\ClientDetailsServiceImpl.class]
12:56:59.925 [main] DEBUG o.s.c.a.ClassPathBeanDefinitionScanner - Identified candidate component class: file [D:\MyWorkspace\RIABPLM\target\classes\com\hcc\riab\service\impl\WellServiceImpl.class]
12:56:59.925 [main] DEBUG o.s.c.a.ClassPathBeanDefinitionScanner - Identified candidate component class: file [D:\MyWorkspace\RIABPLM\target\classes\com\hcc\riab\service\UserService.class]
12:56:59.925 [main] DEBUG o.s.c.a.ClassPathBeanDefinitionScanner - Identified candidate component class: file [D:\MyWorkspace\RIABPLM\target\classes\com\hcc\riab\UserController.class]
12:56:59.925 [main] DEBUG o.s.b.f.xml.XmlBeanDefinitionReader - Loaded 22 bean definitions from location pattern [file:src/main/webapp/WEB-INF/rest-context.xml]
12:56:59.925 [main] INFO  o.s.b.f.xml.XmlBeanDefinitionReader - Loading XML bean definitions from URL [file:src/main/webapp/WEB-INF/spring-servlet.xml]
12:56:59.925 [main] DEBUG o.s.b.f.xml.DefaultDocumentLoader - Using JAXP provider [com.sun.org.apache.xerces.internal.jaxp.DocumentBuilderFactoryImpl]
12:56:59.941 [main] DEBUG o.s.b.f.xml.PluggableSchemaResolver - Found XML schema [http://www.springframework.org/schema/beans/spring-beans.xsd] in classpath: org/springframework/beans/factory/xml/spring-beans-4.1.xsd
12:56:59.941 [main] DEBUG o.s.b.f.xml.PluggableSchemaResolver - Found XML schema [http://www.springframework.org/schema/mvc/spring-mvc.xsd] in classpath: org/springframework/web/servlet/config/spring-mvc-4.1.xsd
12:56:59.941 [main] DEBUG o.s.b.f.xml.PluggableSchemaResolver - Found XML schema [http://www.springframework.org/schema/tool/spring-tool-4.1.xsd] in classpath: org/springframework/beans/factory/xml/spring-tool-4.1.xsd
12:56:59.941 [main] DEBUG o.s.b.f.xml.PluggableSchemaResolver - Found XML schema [http://www.springframework.org/schema/context/spring-context.xsd] in classpath: org/springframework/context/config/spring-context-4.1.xsd
12:56:59.941 [main] DEBUG o.s.b.f.x.DefaultBeanDefinitionDocumentReader - Loading bean definitions
12:56:59.941 [main] INFO  o.s.b.f.s.DefaultListableBeanFactory - Overriding bean definition for bean &apos;mvcContentNegotiationManager&apos;: replacing [Root bean: class [org.springframework.web.accept.ContentNegotiationManagerFactoryBean]; scope=; abstract=false; lazyInit=false; autowireMode=0; dependencyCheck=0; autowireCandidate=true; primary=false; factoryBeanName=null; factoryMethodName=null; initMethodName=null; destroyMethodName=null] with [Root bean: class [org.springframework.web.accept.ContentNegotiationManagerFactoryBean]; scope=; abstract=false; lazyInit=false; autowireMode=0; dependencyCheck=0; autowireCandidate=true; primary=false; factoryBeanName=null; factoryMethodName=null; initMethodName=null; destroyMethodName=null]
12:56:59.941 [main] INFO  o.s.b.f.s.DefaultListableBeanFactory - Overriding bean definition for bean &apos;mvcUriComponentsContributor&apos;: replacing [Root bean: class [org.springframework.web.servlet.config.AnnotationDrivenBeanDefinitionParser$CompositeUriComponentsContributorFactoryBean]; scope=; abstract=false; lazyInit=false; autowireMode=0; dependencyCheck=0; autowireCandidate=true; primary=false; factoryBeanName=null; factoryMethodName=null; initMethodName=null; destroyMethodName=null] with [Root bean: class [org.springframework.web.servlet.config.AnnotationDrivenBeanDefinitionParser$CompositeUriComponentsContributorFactoryBean]; scope=; abstract=false; lazyInit=false; autowireMode=0; dependencyCheck=0; autowireCandidate=true; primary=false; factoryBeanName=null; factoryMethodName=null; initMethodName=null; destroyMethodName=null]
12:56:59.941 [main] DEBUG o.s.c.a.ClassPathBeanDefinitionScanner - JSR-330 &apos;javax.inject.Named&apos; annotation found and supported for component scanning
12:56:59.941 [main] DEBUG o.s.c.i.s.PathMatchingResourcePatternResolver - Looking for matching resources in directory tree [D:\MyWorkspace\RIABPLM\target\test-classes\com\hcc\riab]
12:56:59.941 [main] DEBUG o.s.c.i.s.PathMatchingResourcePatternResolver - Searching directory [D:\MyWorkspace\RIABPLM\target\test-classes\com\hcc\riab] for files matching pattern [D:/MyWorkspace/RIABPLM/target/test-classes/com/hcc/riab/**/*.class]
12:56:59.941 [main] DEBUG o.s.c.i.s.PathMatchingResourcePatternResolver - Searching directory [D:\MyWorkspace\RIABPLM\target\test-classes\com\hcc\riab\tests] for files matching pattern [D:/MyWorkspace/RIABPLM/target/test-classes/com/hcc/riab/**/*.class]
12:56:59.941 [main] DEBUG o.s.c.i.s.PathMatchingResourcePatternResolver - Looking for matching resources in directory tree [D:\MyWorkspace\RIABPLM\target\classes\com\hcc\riab]
12:56:59.941 [main] DEBUG o.s.c.i.s.PathMatchingResourcePatternResolver - Searching directory [D:\MyWorkspace\RIABPLM\target\classes\com\hcc\riab] for files matching pattern [D:/MyWorkspace/RIABPLM/target/classes/com/hcc/riab/**/*.class]
12:56:59.941 [main] DEBUG o.s.c.i.s.PathMatchingResourcePatternResolver - Searching directory [D:\MyWorkspace\RIABPLM\target\classes\com\hcc\riab\aspects] for files matching pattern [D:/MyWorkspace/RIABPLM/target/classes/com/hcc/riab/**/*.class]
12:56:59.941 [main] DEBUG o.s.c.i.s.PathMatchingResourcePatternResolver - Searching directory [D:\MyWorkspace\RIABPLM\target\classes\com\hcc\riab\model] for files matching pattern [D:/MyWorkspace/RIABPLM/target/classes/com/hcc/riab/**/*.class]
12:56:59.957 [main] DEBUG o.s.c.i.s.PathMatchingResourcePatternResolver - Searching directory [D:\MyWorkspace\RIABPLM\target\classes\com\hcc\riab\repositories] for files matching pattern [D:/MyWorkspace/RIABPLM/target/classes/com/hcc/riab/**/*.class]
12:56:59.957 [main] DEBUG o.s.c.i.s.PathMatchingResourcePatternResolver - Searching directory [D:\MyWorkspace\RIABPLM\target\classes\com\hcc\riab\service] for files matching pattern [D:/MyWorkspace/RIABPLM/target/classes/com/hcc/riab/**/*.class]
12:56:59.957 [main] DEBUG o.s.c.i.s.PathMatchingResourcePatternResolver - Searching directory [D:\MyWorkspace\RIABPLM\target\classes\com\hcc\riab\service\impl] for files matching pattern [D:/MyWorkspace/RIABPLM/target/classes/com/hcc/riab/**/*.class]
12:56:59.957 [main] DEBUG o.s.c.i.s.PathMatchingResourcePatternResolver - Resolved location pattern [classpath*:com/hcc/riab/**/*.class] to resources [file [D:\MyWorkspace\RIABPLM\target\test-classes\com\hcc\riab\tests\HomeControllerTest.class], file [D:\MyWorkspace\RIABPLM\target\test-classes\com\hcc\riab\tests\JournalMongoDBServiceIT$AjcClosure1.class], file [D:\MyWorkspace\RIABPLM\target\test-classes\com\hcc\riab\tests\JournalMongoDBServiceIT$AjcClosure3.class], file [D:\MyWorkspace\RIABPLM\target\test-classes\com\hcc\riab\tests\JournalMongoDBServiceIT.class], file [D:\MyWorkspace\RIABPLM\target\test-classes\com\hcc\riab\tests\UserControllerTest.class], file [D:\MyWorkspace\RIABPLM\target\classes\com\hcc\riab\aspects\ControllerLoggingAspect.class], file [D:\MyWorkspace\RIABPLM\target\classes\com\hcc\riab\HomeController.class], file [D:\MyWorkspace\RIABPLM\target\classes\com\hcc\riab\model\BaseClientDetails.class], file [D:\MyWorkspace\RIABPLM\target\classes\com\hcc\riab\model\ClientDetails.class], file [D:\MyWorkspace\RIABPLM\target\classes\com\hcc\riab\model\Product.class], file [D:\MyWorkspace\RIABPLM\target\classes\com\hcc\riab\model\ProductInfo.class], file [D:\MyWorkspace\RIABPLM\target\classes\com\hcc\riab\model\Users.class], file [D:\MyWorkspace\RIABPLM\target\classes\com\hcc\riab\model\WellIndex.class], file [D:\MyWorkspace\RIABPLM\target\classes\com\hcc\riab\repositories\ClientDetailsRepository.class], file [D:\MyWorkspace\RIABPLM\target\classes\com\hcc\riab\repositories\ProductRepository.class], file [D:\MyWorkspace\RIABPLM\target\classes\com\hcc\riab\repositories\UserRepository.class], file [D:\MyWorkspace\RIABPLM\target\classes\com\hcc\riab\repositories\WellIndexRepository.class], file [D:\MyWorkspace\RIABPLM\target\classes\com\hcc\riab\service\impl\ClientDetailsServiceImpl.class], file [D:\MyWorkspace\RIABPLM\target\classes\com\hcc\riab\service\impl\WellServiceImpl.class], file [D:\MyWorkspace\RIABPLM\target\classes\com\hcc\riab\service\InitMongoService.class], file [D:\MyWorkspace\RIABPLM\target\classes\com\hcc\riab\service\UserService.class], file [D:\MyWorkspace\RIABPLM\target\classes\com\hcc\riab\service\WellService.class], file [D:\MyWorkspace\RIABPLM\target\classes\com\hcc\riab\UserController.class]]
12:56:59.957 [main] DEBUG o.s.c.a.ClassPathBeanDefinitionScanner - Identified candidate component class: file [D:\MyWorkspace\RIABPLM\target\classes\com\hcc\riab\HomeController.class]
12:56:59.957 [main] DEBUG o.s.c.a.ClassPathBeanDefinitionScanner - Ignored because not a concrete top-level class: file [D:\MyWorkspace\RIABPLM\target\classes\com\hcc\riab\repositories\ClientDetailsRepository.class]
12:56:59.957 [main] DEBUG o.s.c.a.ClassPathBeanDefinitionScanner - Ignored because not a concrete top-level class: file [D:\MyWorkspace\RIABPLM\target\classes\com\hcc\riab\repositories\ProductRepository.class]
12:56:59.957 [main] DEBUG o.s.c.a.ClassPathBeanDefinitionScanner - Ignored because not a concrete top-level class: file [D:\MyWorkspace\RIABPLM\target\classes\com\hcc\riab\repositories\WellIndexRepository.class]
12:56:59.957 [main] DEBUG o.s.c.a.ClassPathBeanDefinitionScanner - Identified candidate component class: file [D:\MyWorkspace\RIABPLM\target\classes\com\hcc\riab\service\impl\ClientDetailsServiceImpl.class]
12:56:59.957 [main] DEBUG o.s.c.a.ClassPathBeanDefinitionScanner - Identified candidate component class: file [D:\MyWorkspace\RIABPLM\target\classes\com\hcc\riab\service\impl\WellServiceImpl.class]
12:57:00.003 [main] DEBUG o.s.c.a.ClassPathBeanDefinitionScanner - Identified candidate component class: file [D:\MyWorkspace\RIABPLM\target\classes\com\hcc\riab\service\UserService.class]
12:57:00.003 [main] DEBUG o.s.c.a.ClassPathBeanDefinitionScanner - Identified candidate component class: file [D:\MyWorkspace\RIABPLM\target\classes\com\hcc\riab\UserController.class]
12:57:00.003 [main] DEBUG o.s.b.f.xml.XmlBeanDefinitionReader - Loaded 9 bean definitions from location pattern [file:src/main/webapp/WEB-INF/spring-servlet.xml]
12:57:00.003 [main] INFO  o.s.b.f.xml.XmlBeanDefinitionReader - Loading XML bean definitions from URL [file:src/main/resources/applicationContext.xml]
12:57:00.003 [main] DEBUG o.s.b.f.xml.DefaultDocumentLoader - Using JAXP provider [com.sun.org.apache.xerces.internal.jaxp.DocumentBuilderFactoryImpl]
12:57:00.003 [main] DEBUG o.s.b.f.xml.PluggableSchemaResolver - Found XML schema [http://www.springframework.org/schema/beans/spring-beans.xsd] in classpath: org/springframework/beans/factory/xml/spring-beans-4.1.xsd
12:57:00.019 [main] DEBUG o.s.b.f.xml.PluggableSchemaResolver - Found XML schema [http://www.springframework.org/schema/context/spring-context.xsd] in classpath: org/springframework/context/config/spring-context-4.1.xsd
12:57:00.019 [main] DEBUG o.s.b.f.xml.PluggableSchemaResolver - Found XML schema [http://www.springframework.org/schema/tool/spring-tool-4.1.xsd] in classpath: org/springframework/beans/factory/xml/spring-tool-4.1.xsd
12:57:00.035 [main] DEBUG o.s.b.f.xml.PluggableSchemaResolver - Found XML schema [http://www.springframework.org/schema/data/jpa/spring-jpa-1.0.xsd] in classpath: org/springframework/data/jpa/repository/config/spring-jpa-1.0.xsd
12:57:00.035 [main] DEBUG o.s.b.f.xml.PluggableSchemaResolver - Found XML schema [http://www.springframework.org/schema/data/repository/spring-repository-1.0.xsd] in classpath: org/springframework/data/repository/config/spring-repository-1.0.xsd
12:57:00.035 [main] DEBUG o.s.b.f.x.DefaultBeanDefinitionDocumentReader - Loading bean definitions
12:57:00.035 [main] DEBUG o.s.c.a.ClassPathBeanDefinitionScanner - JSR-330 &apos;javax.inject.Named&apos; annotation found and supported for component scanning
12:57:00.035 [main] DEBUG o.s.c.i.s.PathMatchingResourcePatternResolver - Looking for matching resources in directory tree [D:\MyWorkspace\RIABPLM\target\test-classes\com\hcc]
12:57:00.035 [main] DEBUG o.s.c.i.s.PathMatchingResourcePatternResolver - Searching directory [D:\MyWorkspace\RIABPLM\target\test-classes\com\hcc] for files matching pattern [D:/MyWorkspace/RIABPLM/target/test-classes/com/hcc/**/*.class]
12:57:00.035 [main] DEBUG o.s.c.i.s.PathMatchingResourcePatternResolver - Searching directory [D:\MyWorkspace\RIABPLM\target\test-classes\com\hcc\riab] for files matching pattern [D:/MyWorkspace/RIABPLM/target/test-classes/com/hcc/**/*.class]
12:57:00.035 [main] DEBUG o.s.c.i.s.PathMatchingResourcePatternResolver - Searching directory [D:\MyWorkspace\RIABPLM\target\test-classes\com\hcc\riab\tests] for files matching pattern [D:/MyWorkspace/RIABPLM/target/test-classes/com/hcc/**/*.class]
12:57:00.035 [main] DEBUG o.s.c.i.s.PathMatchingResourcePatternResolver - Looking for matching resources in directory tree [D:\MyWorkspace\RIABPLM\target\classes\com\hcc]
12:57:00.035 [main] DEBUG o.s.c.i.s.PathMatchingResourcePatternResolver - Searching directory [D:\MyWorkspace\RIABPLM\target\classes\com\hcc] for files matching pattern [D:/MyWorkspace/RIABPLM/target/classes/com/hcc/**/*.class]
12:57:00.035 [main] DEBUG o.s.c.i.s.PathMatchingResourcePatternResolver - Searching directory [D:\MyWorkspace\RIABPLM\target\classes\com\hcc\riab] for files matching pattern [D:/MyWorkspace/RIABPLM/target/classes/com/hcc/**/*.class]
12:57:00.035 [main] DEBUG o.s.c.i.s.PathMatchingResourcePatternResolver - Searching directory [D:\MyWorkspace\RIABPLM\target\classes\com\hcc\riab\aspects] for files matching pattern [D:/MyWorkspace/RIABPLM/target/classes/com/hcc/**/*.class]
12:57:00.035 [main] DEBUG o.s.c.i.s.PathMatchingResourcePatternResolver - Searching directory [D:\MyWorkspace\RIABPLM\target\classes\com\hcc\riab\model] for files matching pattern [D:/MyWorkspace/RIABPLM/target/classes/com/hcc/**/*.class]
12:57:00.035 [main] DEBUG o.s.c.i.s.PathMatchingResourcePatternResolver - Searching directory [D:\MyWorkspace\RIABPLM\target\classes\com\hcc\riab\repositories] for files matching pattern [D:/MyWorkspace/RIABPLM/target/classes/com/hcc/**/*.class]
12:57:00.035 [main] DEBUG o.s.c.i.s.PathMatchingResourcePatternResolver - Searching directory [D:\MyWorkspace\RIABPLM\target\classes\com\hcc\riab\service] for files matching pattern [D:/MyWorkspace/RIABPLM/target/classes/com/hcc/**/*.class]
12:57:00.035 [main] DEBUG o.s.c.i.s.PathMatchingResourcePatternResolver - Searching directory [D:\MyWorkspace\RIABPLM\target\classes\com\hcc\riab\service\impl] for files matching pattern [D:/MyWorkspace/RIABPLM/target/classes/com/hcc/**/*.class]
12:57:00.050 [main] DEBUG o.s.c.i.s.PathMatchingResourcePatternResolver - Resolved location pattern [classpath*:com/hcc/**/*.class] to resources [file [D:\MyWorkspace\RIABPLM\target\test-classes\com\hcc\riab\tests\HomeControllerTest.class], file [D:\MyWorkspace\RIABPLM\target\test-classes\com\hcc\riab\tests\JournalMongoDBServiceIT$AjcClosure1.class], file [D:\MyWorkspace\RIABPLM\target\test-classes\com\hcc\riab\tests\JournalMongoDBServiceIT$AjcClosure3.class], file [D:\MyWorkspace\RIABPLM\target\test-classes\com\hcc\riab\tests\JournalMongoDBServiceIT.class], file [D:\MyWorkspace\RIABPLM\target\test-classes\com\hcc\riab\tests\UserControllerTest.class], file [D:\MyWorkspace\RIABPLM\target\classes\com\hcc\riab\aspects\ControllerLoggingAspect.class], file [D:\MyWorkspace\RIABPLM\target\classes\com\hcc\riab\HomeController.class], file [D:\MyWorkspace\RIABPLM\target\classes\com\hcc\riab\model\BaseClientDetails.class], file [D:\MyWorkspace\RIABPLM\target\classes\com\hcc\riab\model\ClientDetails.class], file [D:\MyWorkspace\RIABPLM\target\classes\com\hcc\riab\model\Product.class], file [D:\MyWorkspace\RIABPLM\target\classes\com\hcc\riab\model\ProductInfo.class], file [D:\MyWorkspace\RIABPLM\target\classes\com\hcc\riab\model\Users.class], file [D:\MyWorkspace\RIABPLM\target\classes\com\hcc\riab\model\WellIndex.class], file [D:\MyWorkspace\RIABPLM\target\classes\com\hcc\riab\repositories\ClientDetailsRepository.class], file [D:\MyWorkspace\RIABPLM\target\classes\com\hcc\riab\repositories\ProductRepository.class], file [D:\MyWorkspace\RIABPLM\target\classes\com\hcc\riab\repositories\UserRepository.class], file [D:\MyWorkspace\RIABPLM\target\classes\com\hcc\riab\repositories\WellIndexRepository.class], file [D:\MyWorkspace\RIABPLM\target\classes\com\hcc\riab\service\impl\ClientDetailsServiceImpl.class], file [D:\MyWorkspace\RIABPLM\target\classes\com\hcc\riab\service\impl\WellServiceImpl.class], file [D:\MyWorkspace\RIABPLM\target\classes\com\hcc\riab\service\InitMongoService.class], file [D:\MyWorkspace\RIABPLM\target\classes\com\hcc\riab\service\UserService.class], file [D:\MyWorkspace\RIABPLM\target\classes\com\hcc\riab\service\WellService.class], file [D:\MyWorkspace\RIABPLM\target\classes\com\hcc\riab\UserController.class]]
12:57:00.050 [main] DEBUG o.s.c.a.ClassPathBeanDefinitionScanner - Identified candidate component class: file [D:\MyWorkspace\RIABPLM\target\classes\com\hcc\riab\HomeController.class]
12:57:00.050 [main] DEBUG o.s.c.a.ClassPathBeanDefinitionScanner - Ignored because not a concrete top-level class: file [D:\MyWorkspace\RIABPLM\target\classes\com\hcc\riab\repositories\ClientDetailsRepository.class]
12:57:00.050 [main] DEBUG o.s.c.a.ClassPathBeanDefinitionScanner - Ignored because not a concrete top-level class: file [D:\MyWorkspace\RIABPLM\target\classes\com\hcc\riab\repositories\ProductRepository.class]
12:57:00.050 [main] DEBUG o.s.c.a.ClassPathBeanDefinitionScanner - Ignored because not a concrete top-level class: file [D:\MyWorkspace\RIABPLM\target\classes\com\hcc\riab\repositories\WellIndexRepository.class]
12:57:00.050 [main] DEBUG o.s.c.a.ClassPathBeanDefinitionScanner - Identified candidate component class: file [D:\MyWorkspace\RIABPLM\target\classes\com\hcc\riab\service\impl\ClientDetailsServiceImpl.class]
12:57:00.050 [main] DEBUG o.s.c.a.ClassPathBeanDefinitionScanner - Identified candidate component class: file [D:\MyWorkspace\RIABPLM\target\classes\com\hcc\riab\service\impl\WellServiceImpl.class]
12:57:00.050 [main] DEBUG o.s.c.a.ClassPathBeanDefinitionScanner - Identified candidate component class: file [D:\MyWorkspace\RIABPLM\target\classes\com\hcc\riab\service\UserService.class]
12:57:00.066 [main] DEBUG o.s.c.a.ClassPathBeanDefinitionScanner - Identified candidate component class: file [D:\MyWorkspace\RIABPLM\target\classes\com\hcc\riab\UserController.class]
12:57:00.066 [main] INFO  o.s.b.f.xml.XmlBeanDefinitionReader - Loading XML bean definitions from URL [file:/D:/MyWorkspace/RIABPLM/target/classes/db-configuration.xml]
12:57:00.066 [main] DEBUG o.s.b.f.xml.DefaultDocumentLoader - Using JAXP provider [com.sun.org.apache.xerces.internal.jaxp.DocumentBuilderFactoryImpl]
12:57:00.066 [main] DEBUG o.s.b.f.xml.PluggableSchemaResolver - Found XML schema [http://www.springframework.org/schema/beans/spring-beans.xsd] in classpath: org/springframework/beans/factory/xml/spring-beans-4.1.xsd
12:57:00.081 [main] DEBUG o.s.b.f.x.DefaultBeanDefinitionDocumentReader - Loading bean definitions
12:57:00.081 [main] DEBUG o.s.b.f.x.BeanDefinitionParserDelegate - Neither XML &apos;id&apos; nor &apos;name&apos; specified - using generated bean name [org.springframework.beans.factory.config.PropertyPlaceholderConfigurer#0]
12:57:00.081 [main] DEBUG o.s.b.f.xml.XmlBeanDefinitionReader - Loaded 2 bean definitions from location pattern [classpath*:/db-configuration.xml]
12:57:00.081 [main] DEBUG o.s.b.f.x.DefaultBeanDefinitionDocumentReader - Imported 2 bean definitions from URL location [classpath*:/db-configuration.xml]
12:57:00.081 [main] INFO  o.s.b.f.xml.XmlBeanDefinitionReader - Loading XML bean definitions from URL [file:/D:/MyWorkspace/RIABPLM/target/classes/spring-security-oauth2.xml]
12:57:00.081 [main] DEBUG o.s.b.f.xml.DefaultDocumentLoader - Using JAXP provider [com.sun.org.apache.xerces.internal.jaxp.DocumentBuilderFactoryImpl]
12:57:00.081 [main] DEBUG o.s.b.f.xml.PluggableSchemaResolver - Found XML schema [http://www.springframework.org/schema/beans/spring-beans.xsd] in classpath: org/springframework/beans/factory/xml/spring-beans-4.1.xsd
12:57:00.081 [main] DEBUG o.s.b.f.xml.PluggableSchemaResolver - Found XML schema [http://www.springframework.org/schema/security/spring-security-3.2.xsd] in classpath: org/springframework/security/config/spring-security-3.2.xsd
12:57:00.097 [main] DEBUG o.s.b.f.xml.PluggableSchemaResolver - Found XML schema [http://www.springframework.org/schema/security/spring-security-oauth2-1.0.xsd] in classpath: org/springframework/security/oauth2/spring-security-oauth2-1.0.xsd
12:57:00.097 [main] DEBUG o.s.b.f.x.DefaultBeanDefinitionDocumentReader - Loading bean definitions
12:57:00.097 [main] INFO  o.s.s.c.SecurityNamespaceHandler - Spring Security &apos;config&apos; module version is 3.2.4.RELEASE
12:57:00.113 [main] DEBUG o.s.b.f.x.BeanDefinitionParserDelegate - Neither XML &apos;id&apos; nor &apos;name&apos; specified - using generated bean name [org.springframework.security.access.annotation.Jsr250Voter#5328a9c1]
12:57:00.113 [main] INFO  o.s.s.c.h.HttpSecurityBeanDefinitionParser - Checking sorted filter chain: [Root bean: class [org.springframework.security.web.context.SecurityContextPersistenceFilter]; scope=; abstract=false; lazyInit=false; autowireMode=0; dependencyCheck=0; autowireCandidate=true; primary=false; factoryBeanName=null; factoryMethodName=null; initMethodName=null; destroyMethodName=null, order = 200, Root bean: class [org.springframework.security.web.context.request.async.WebAsyncManagerIntegrationFilter]; scope=; abstract=false; lazyInit=false; autowireMode=0; dependencyCheck=0; autowireCandidate=true; primary=false; factoryBeanName=null; factoryMethodName=null; initMethodName=null; destroyMethodName=null, order = 400, &lt;clientCredentialsTokenEndpointFilter&gt;, order = 1499, Root bean: class [org.springframework.security.web.authentication.www.BasicAuthenticationFilter]; scope=; abstract=false; lazyInit=false; autowireMode=0; dependencyCheck=0; autowireCandidate=true; primary=false; factoryBeanName=null; factoryMethodName=null; initMethodName=null; destroyMethodName=null, order = 1500, Root bean: class [org.springframework.security.web.servletapi.SecurityContextHolderAwareRequestFilter]; scope=; abstract=false; lazyInit=false; autowireMode=0; dependencyCheck=0; autowireCandidate=true; primary=false; factoryBeanName=null; factoryMethodName=null; initMethodName=null; destroyMethodName=null, order = 1700, Root bean: class [org.springframework.security.web.authentication.AnonymousAuthenticationFilter]; scope=; abstract=false; lazyInit=false; autowireMode=0; dependencyCheck=0; autowireCandidate=true; primary=false; factoryBeanName=null; factoryMethodName=null; initMethodName=null; destroyMethodName=null, order = 2000, Root bean: class [org.springframework.security.web.access.ExceptionTranslationFilter]; scope=; abstract=false; lazyInit=false; autowireMode=0; dependencyCheck=0; autowireCandidate=true; primary=false; factoryBeanName=null; factoryMethodName=null; initMethodName=null; destroyMethodName=null, order = 2200, &lt;oAuth2ClientContextFilter&gt;, order = 2201, &lt;org.springframework.security.web.access.intercept.FilterSecurityInterceptor#0&gt;, order = 2300]
12:57:00.113 [main] INFO  o.s.s.c.h.HttpSecurityBeanDefinitionParser - Checking sorted filter chain: [Root bean: class [org.springframework.security.web.context.SecurityContextPersistenceFilter]; scope=; abstract=false; lazyInit=false; autowireMode=0; dependencyCheck=0; autowireCandidate=true; primary=false; factoryBeanName=null; factoryMethodName=null; initMethodName=null; destroyMethodName=null, order = 200, Root bean: class [org.springframework.security.web.context.request.async.WebAsyncManagerIntegrationFilter]; scope=; abstract=false; lazyInit=false; autowireMode=0; dependencyCheck=0; autowireCandidate=true; primary=false; factoryBeanName=null; factoryMethodName=null; initMethodName=null; destroyMethodName=null, order = 400, &lt;resourceServerFilter&gt;, order = 899, Root bean: class [org.springframework.security.web.authentication.www.BasicAuthenticationFilter]; scope=; abstract=false; lazyInit=false; autowireMode=0; dependencyCheck=0; autowireCandidate=true; primary=false; factoryBeanName=null; factoryMethodName=null; initMethodName=null; destroyMethodName=null, order = 1500, Root bean: class [org.springframework.security.web.savedrequest.RequestCacheAwareFilter]; scope=; abstract=false; lazyInit=false; autowireMode=0; dependencyCheck=0; autowireCandidate=true; primary=false; factoryBeanName=null; factoryMethodName=null; initMethodName=null; destroyMethodName=null, order = 1600, Root bean: class [org.springframework.security.web.servletapi.SecurityContextHolderAwareRequestFilter]; scope=; abstract=false; lazyInit=false; autowireMode=0; dependencyCheck=0; autowireCandidate=true; primary=false; factoryBeanName=null; factoryMethodName=null; initMethodName=null; destroyMethodName=null, order = 1700, Root bean: class [org.springframework.security.web.session.SessionManagementFilter]; scope=; abstract=false; lazyInit=false; autowireMode=0; dependencyCheck=0; autowireCandidate=true; primary=false; factoryBeanName=null; factoryMethodName=null; initMethodName=null; destroyMethodName=null, order = 2100, Root bean: class [org.springframework.security.web.access.ExceptionTranslationFilter]; scope=; abstract=false; lazyInit=false; autowireMode=0; dependencyCheck=0; autowireCandidate=true; primary=false; factoryBeanName=null; factoryMethodName=null; initMethodName=null; destroyMethodName=null, order = 2200, &lt;org.springframework.security.web.access.intercept.FilterSecurityInterceptor#1&gt;, order = 2300]
12:57:00.128 [main] DEBUG o.s.b.f.xml.XmlBeanDefinitionReader - Loaded 49 bean definitions from location pattern [classpath*:/spring-security-oauth2.xml]
12:57:00.128 [main] DEBUG o.s.b.f.x.DefaultBeanDefinitionDocumentReader - Imported 49 bean definitions from URL location [classpath*:/spring-security-oauth2.xml]
12:57:00.128 [main] INFO  o.s.b.f.xml.XmlBeanDefinitionReader - Loading XML bean definitions from URL [file:/D:/MyWorkspace/RIABPLM/target/classes/spring-aop-config.xml]
12:57:00.128 [main] DEBUG o.s.b.f.xml.DefaultDocumentLoader - Using JAXP provider [com.sun.org.apache.xerces.internal.jaxp.DocumentBuilderFactoryImpl]
12:57:00.128 [main] DEBUG o.s.b.f.xml.PluggableSchemaResolver - Found XML schema [http://www.springframework.org/schema/beans/spring-beans.xsd] in classpath: org/springframework/beans/factory/xml/spring-beans-4.1.xsd
12:57:00.128 [main] DEBUG o.s.b.f.xml.PluggableSchemaResolver - Found XML schema [http://www.springframework.org/schema/aop/spring-aop-2.0.xsd] in classpath: org/springframework/aop/config/spring-aop-2.0.xsd
12:57:00.144 [main] DEBUG o.s.b.f.xml.PluggableSchemaResolver - Found XML schema [http://www.springframework.org/schema/tool/spring-tool-2.0.xsd] in classpath: org/springframework/beans/factory/xml/spring-tool-2.0.xsd
12:57:00.144 [main] DEBUG o.s.b.f.x.DefaultBeanDefinitionDocumentReader - Loading bean definitions
12:57:00.144 [main] DEBUG o.s.b.f.xml.XmlBeanDefinitionReader - Loaded 2 bean definitions from location pattern [classpath*:/spring-aop-config.xml]
12:57:00.144 [main] DEBUG o.s.b.f.x.DefaultBeanDefinitionDocumentReader - Imported 2 bean definitions from URL location [classpath*:/spring-aop-config.xml]
12:57:00.144 [main] DEBUG o.s.core.env.StandardEnvironment - Adding [systemProperties] PropertySource with lowest search precedence
12:57:00.144 [main] DEBUG o.s.core.env.StandardEnvironment - Adding [systemEnvironment] PropertySource with lowest search precedence
12:57:00.144 [main] DEBUG o.s.core.env.StandardEnvironment - Initialized StandardEnvironment with PropertySources [systemProperties,systemEnvironment]
12:57:00.144 [main] DEBUG o.s.c.i.s.PathMatchingResourcePatternResolver - Looking for matching resources in jar file [file:/C:/Users/sgelle/.m2/repository/org/springframework/data/spring-data-mongodb-cross-store/1.8.0.RELEASE/spring-data-mongodb-cross-store-1.8.0.RELEASE.jar]
12:57:00.144 [main] DEBUG o.s.c.i.s.PathMatchingResourcePatternResolver - Looking for matching resources in jar file [file:/C:/Users/sgelle/.m2/repository/org/springframework/data/spring-data-jpa/1.8.1.RELEASE/spring-data-jpa-1.8.1.RELEASE.jar]
12:57:00.144 [main] DEBUG o.s.c.i.s.PathMatchingResourcePatternResolver - Looking for matching resources in jar file [file:/C:/Users/sgelle/.m2/repository/org/springframework/data/spring-data-mongodb/1.7.1.RELEASE/spring-data-mongodb-1.7.1.RELEASE.jar]
12:57:00.144 [main] DEBUG o.s.c.i.s.PathMatchingResourcePatternResolver - Looking for matching resources in jar file [file:/C:/Users/sgelle/.m2/repository/org/springframework/data/spring-data-commons/1.10.1.RELEASE/spring-data-commons-1.10.1.RELEASE.jar]
12:57:00.159 [main] DEBUG o.s.c.i.s.PathMatchingResourcePatternResolver - Resolved location pattern [classpath*:org/springframework/data/**/repository/support/**/*.class] to resources [URL [jar:file:/C:/Users/sgelle/.m2/repository/org/springframework/data/spring-data-jpa/1.8.1.RELEASE/spring-data-jpa-1.8.1.RELEASE.jar!/org/springframework/data/jpa/repository/support/Querydsl$1.class], URL [jar:file:/C:/Users/sgelle/.m2/repository/org/springframework/data/spring-data-jpa/1.8.1.RELEASE/spring-data-jpa-1.8.1.RELEASE.jar!/org/springframework/data/jpa/repository/support/CrudMethodMetadataPostProcessor$ThreadBoundTargetSource.class], URL [jar:file:/C:/Users/sgelle/.m2/repository/org/springframework/data/spring-data-jpa/1.8.1.RELEASE/spring-data-jpa-1.8.1.RELEASE.jar!/org/springframework/data/jpa/repository/support/JpaPersistableEntityInformation.class], URL [jar:file:/C:/Users/sgelle/.m2/repository/org/springframework/data/spring-data-jpa/1.8.1.RELEASE/spring-data-jpa-1.8.1.RELEASE.jar!/org/springframework/data/jpa/repository/support/CrudMethodMetadataPostProcessor.class], URL [jar:file:/C:/Users/sgelle/.m2/repository/org/springframework/data/spring-data-jpa/1.8.1.RELEASE/spring-data-jpa-1.8.1.RELEASE.jar!/org/springframework/data/jpa/repository/support/CrudMethodMetadataPostProcessor$1.class], URL [jar:file:/C:/Users/sgelle/.m2/repository/org/springframework/data/spring-data-jpa/1.8.1.RELEASE/spring-data-jpa-1.8.1.RELEASE.jar!/org/springframework/data/jpa/repository/support/JpaEntityInformation.class], URL [jar:file:/C:/Users/sgelle/.m2/repository/org/springframework/data/spring-data-jpa/1.8.1.RELEASE/spring-data-jpa-1.8.1.RELEASE.jar!/org/springframework/data/jpa/repository/support/JpaMetamodelEntityInformation.class], URL [jar:file:/C:/Users/sgelle/.m2/repository/org/springframework/data/spring-data-jpa/1.8.1.RELEASE/spring-data-jpa-1.8.1.RELEASE.jar!/org/springframework/data/jpa/repository/support/JpaMetamodelEntityInformation$IdMetadata.class], URL [jar:file:/C:/Users/sgelle/.m2/repository/org/springframework/data/spring-data-jpa/1.8.1.RELEASE/spring-data-jpa-1.8.1.RELEASE.jar!/org/springframework/data/jpa/repository/support/JpaEntityInformationSupport.class], URL [jar:file:/C:/Users/sgelle/.m2/repository/org/springframework/data/spring-data-jpa/1.8.1.RELEASE/spring-data-jpa-1.8.1.RELEASE.jar!/org/springframework/data/jpa/repository/support/QueryDslRepositorySupport.class], URL [jar:file:/C:/Users/sgelle/.m2/repository/org/springframework/data/spring-data-jpa/1.8.1.RELEASE/spring-data-jpa-1.8.1.RELEASE.jar!/org/springframework/data/jpa/repository/support/JpaRepositoryFactory.class], URL [jar:file:/C:/Users/sgelle/.m2/repository/org/springframework/data/spring-data-jpa/1.8.1.RELEASE/spring-data-jpa-1.8.1.RELEASE.jar!/org/springframework/data/jpa/repository/support/CrudMethodMetadataPostProcessor$DefaultCrudMethodMetadata.class], URL [jar:file:/C:/Users/sgelle/.m2/repository/org/springframework/data/spring-data-jpa/1.8.1.RELEASE/spring-data-jpa-1.8.1.RELEASE.jar!/org/springframework/data/jpa/repository/support/SimpleJpaRepository.class], URL [jar:file:/C:/Users/sgelle/.m2/repository/org/springframework/data/spring-data-jpa/1.8.1.RELEASE/spring-data-jpa-1.8.1.RELEASE.jar!/org/springframework/data/jpa/repository/support/CrudMethodMetadataPostProcessor$CrudMethodMetadataPopulatingMethodIntercceptor.class], URL [jar:file:/C:/Users/sgelle/.m2/repository/org/springframework/data/spring-data-jpa/1.8.1.RELEASE/spring-data-jpa-1.8.1.RELEASE.jar!/org/springframework/data/jpa/repository/support/Querydsl.class], URL [jar:file:/C:/Users/sgelle/.m2/repository/org/springframework/data/spring-data-jpa/1.8.1.RELEASE/spring-data-jpa-1.8.1.RELEASE.jar!/org/springframework/data/jpa/repository/support/CrudMethodMetadata.class], URL [jar:file:/C:/Users/sgelle/.m2/repository/org/springframework/data/spring-data-jpa/1.8.1.RELEASE/spring-data-jpa-1.8.1.RELEASE.jar!/org/springframework/data/jpa/repository/support/EntityManagerBeanDefinitionRegistrarPostProcessor.class], URL [jar:file:/C:/Users/sgelle/.m2/repository/org/springframework/data/spring-data-jpa/1.8.1.RELEASE/spring-data-jpa-1.8.1.RELEASE.jar!/org/springframework/data/jpa/repository/support/JpaMetamodelEntityInformation$IdentifierDerivingDirectFieldAccessFallbackBeanWrapper.class], URL [jar:file:/C:/Users/sgelle/.m2/repository/org/springframework/data/spring-data-jpa/1.8.1.RELEASE/spring-data-jpa-1.8.1.RELEASE.jar!/org/springframework/data/jpa/repository/support/QueryDslJpaRepository.class], URL [jar:file:/C:/Users/sgelle/.m2/repository/org/springframework/data/spring-data-jpa/1.8.1.RELEASE/spring-data-jpa-1.8.1.RELEASE.jar!/org/springframework/data/jpa/repository/support/JpaRepositoryFactoryBean.class], URL [jar:file:/C:/Users/sgelle/.m2/repository/org/springframework/data/spring-data-jpa/1.8.1.RELEASE/spring-data-jpa-1.8.1.RELEASE.jar!/org/springframework/data/jpa/repository/support/SimpleJpaRepository$ByIdsSpecification.class], URL [jar:file:/C:/Users/sgelle/.m2/repository/org/springframework/data/spring-data-mongodb/1.7.1.RELEASE/spring-data-mongodb-1.7.1.RELEASE.jar!/org/springframework/data/mongodb/repository/support/MongoRepositoryFactory.class], URL [jar:file:/C:/Users/sgelle/.m2/repository/org/springframework/data/spring-data-mongodb/1.7.1.RELEASE/spring-data-mongodb-1.7.1.RELEASE.jar!/org/springframework/data/mongodb/repository/support/MongoRepositoryFactoryBean.class], URL [jar:file:/C:/Users/sgelle/.m2/repository/org/springframework/data/spring-data-mongodb/1.7.1.RELEASE/spring-data-mongodb-1.7.1.RELEASE.jar!/org/springframework/data/mongodb/repository/support/MongoRepositoryFactory$MongoQueryLookupStrategy.class], URL [jar:file:/C:/Users/sgelle/.m2/repository/org/springframework/data/spring-data-mongodb/1.7.1.RELEASE/spring-data-mongodb-1.7.1.RELEASE.jar!/org/springframework/data/mongodb/repository/support/QuerydslRepositorySupport.class], URL [jar:file:/C:/Users/sgelle/.m2/repository/org/springframework/data/spring-data-mongodb/1.7.1.RELEASE/spring-data-mongodb-1.7.1.RELEASE.jar!/org/springframework/data/mongodb/repository/support/MappingMongoEntityInformation.class], URL [jar:file:/C:/Users/sgelle/.m2/repository/org/springframework/data/spring-data-mongodb/1.7.1.RELEASE/spring-data-mongodb-1.7.1.RELEASE.jar!/org/springframework/data/mongodb/repository/support/MongoRepositoryFactory$1.class], URL [jar:file:/C:/Users/sgelle/.m2/repository/org/springframework/data/spring-data-mongodb/1.7.1.RELEASE/spring-data-mongodb-1.7.1.RELEASE.jar!/org/springframework/data/mongodb/repository/support/SimpleMongoRepository.class], URL [jar:file:/C:/Users/sgelle/.m2/repository/org/springframework/data/spring-data-mongodb/1.7.1.RELEASE/spring-data-mongodb-1.7.1.RELEASE.jar!/org/springframework/data/mongodb/repository/support/MongoAnnotationProcessor.class], URL [jar:file:/C:/Users/sgelle/.m2/repository/org/springframework/data/spring-data-mongodb/1.7.1.RELEASE/spring-data-mongodb-1.7.1.RELEASE.jar!/org/springframework/data/mongodb/repository/support/SpringDataMongodbQuery.class], URL [jar:file:/C:/Users/sgelle/.m2/repository/org/springframework/data/spring-data-mongodb/1.7.1.RELEASE/spring-data-mongodb-1.7.1.RELEASE.jar!/org/springframework/data/mongodb/repository/support/SpringDataMongodbQuery$1.class], URL [jar:file:/C:/Users/sgelle/.m2/repository/org/springframework/data/spring-data-mongodb/1.7.1.RELEASE/spring-data-mongodb-1.7.1.RELEASE.jar!/org/springframework/data/mongodb/repository/support/QueryDslMongoRepository.class], URL [jar:file:/C:/Users/sgelle/.m2/repository/org/springframework/data/spring-data-mongodb/1.7.1.RELEASE/spring-data-mongodb-1.7.1.RELEASE.jar!/org/springframework/data/mongodb/repository/support/SpringDataMongodbSerializer.class], URL [jar:file:/C:/Users/sgelle/.m2/repository/org/springframework/data/spring-data-mongodb/1.7.1.RELEASE/spring-data-mongodb-1.7.1.RELEASE.jar!/org/springframework/data/mongodb/repository/support/IndexEnsuringQueryCreationListener.class], URL [jar:file:/C:/Users/sgelle/.m2/repository/org/springframework/data/spring-data-commons/1.10.1.RELEASE/spring-data-commons-1.10.1.RELEASE.jar!/org/springframework/data/repository/support/DomainClassConverter$ConversionMatchAbbreviationException.class], URL [jar:file:/C:/Users/sgelle/.m2/repository/org/springframework/data/spring-data-commons/1.10.1.RELEASE/spring-data-commons-1.10.1.RELEASE.jar!/org/springframework/data/repository/support/DomainClassConverter$ToIdConverter.class], URL [jar:file:/C:/Users/sgelle/.m2/repository/org/springframework/data/spring-data-commons/1.10.1.RELEASE/spring-data-commons-1.10.1.RELEASE.jar!/org/springframework/data/repository/support/Repositories$EmptyRepositoryFactoryInformation.class], URL [jar:file:/C:/Users/sgelle/.m2/repository/org/springframework/data/spring-data-commons/1.10.1.RELEASE/spring-data-commons-1.10.1.RELEASE.jar!/org/springframework/data/repository/support/PagingAndSortingRepositoryInvoker.class], URL [jar:file:/C:/Users/sgelle/.m2/repository/org/springframework/data/spring-data-commons/1.10.1.RELEASE/spring-data-commons-1.10.1.RELEASE.jar!/org/springframework/data/repository/support/MethodParameters.class], URL [jar:file:/C:/Users/sgelle/.m2/repository/org/springframework/data/spring-data-commons/1.10.1.RELEASE/spring-data-commons-1.10.1.RELEASE.jar!/org/springframework/data/repository/support/RepositoryInvoker.class], URL [jar:file:/C:/Users/sgelle/.m2/repository/org/springframework/data/spring-data-commons/1.10.1.RELEASE/spring-data-commons-1.10.1.RELEASE.jar!/org/springframework/data/repository/support/RepositoryInvokerFactory.class], URL [jar:file:/C:/Users/sgelle/.m2/repository/org/springframework/data/spring-data-commons/1.10.1.RELEASE/spring-data-commons-1.10.1.RELEASE.jar!/org/springframework/data/repository/support/DomainClassPropertyEditorRegistrar.class], URL [jar:file:/C:/Users/sgelle/.m2/repository/org/springframework/data/spring-data-commons/1.10.1.RELEASE/spring-data-commons-1.10.1.RELEASE.jar!/org/springframework/data/repository/support/AnnotationAttribute.class], URL [jar:file:/C:/Users/sgelle/.m2/repository/org/springframework/data/spring-data-commons/1.10.1.RELEASE/spring-data-commons-1.10.1.RELEASE.jar!/org/springframework/data/repository/support/DefaultRepositoryInvokerFactory.class], URL [jar:file:/C:/Users/sgelle/.m2/repository/org/springframework/data/spring-data-commons/1.10.1.RELEASE/spring-data-commons-1.10.1.RELEASE.jar!/org/springframework/data/repository/support/MethodParameters$AnnotationNamingMethodParameter.class], URL [jar:file:/C:/Users/sgelle/.m2/repository/org/springframework/data/spring-data-commons/1.10.1.RELEASE/spring-data-commons-1.10.1.RELEASE.jar!/org/springframework/data/repository/support/CrudRepositoryInvoker.class], URL [jar:file:/C:/Users/sgelle/.m2/repository/org/springframework/data/spring-data-commons/1.10.1.RELEASE/spring-data-commons-1.10.1.RELEASE.jar!/org/springframework/data/repository/support/Repositories.class], URL [jar:file:/C:/Users/sgelle/.m2/repository/org/springframework/data/spring-data-commons/1.10.1.RELEASE/spring-data-commons-1.10.1.RELEASE.jar!/org/springframework/data/repository/support/DomainClassConverter$ToEntityConverter.class], URL [jar:file:/C:/Users/sgelle/.m2/repository/org/springframework/data/spring-data-commons/1.10.1.RELEASE/spring-data-commons-1.10.1.RELEASE.jar!/org/springframework/data/repository/support/ReflectionRepositoryInvoker.class], URL [jar:file:/C:/Users/sgelle/.m2/repository/org/springframework/data/spring-data-commons/1.10.1.RELEASE/spring-data-commons-1.10.1.RELEASE.jar!/org/springframework/data/repository/support/DomainClassPropertyEditor.class], URL [jar:file:/C:/Users/sgelle/.m2/repository/org/springframework/data/spring-data-commons/1.10.1.RELEASE/spring-data-commons-1.10.1.RELEASE.jar!/org/springframework/data/repository/support/DomainClassConverter.class], URL [jar:file:/C:/Users/sgelle/.m2/repository/org/springframework/data/spring-data-commons/1.10.1.RELEASE/spring-data-commons-1.10.1.RELEASE.jar!/org/springframework/data/repository/support/DomainClassConverter$1.class], URL [jar:file:/C:/Users/sgelle/.m2/repository/org/springframework/data/spring-data-commons/1.10.1.RELEASE/spring-data-commons-1.10.1.RELEASE.jar!/org/springframework/data/repository/support/RepositoryInvocationInformation.class]]
12:57:00.175 [main] DEBUG o.s.c.a.ClassPathScanningCandidateComponentProvider - Identified candidate component class: URL [jar:file:/C:/Users/sgelle/.m2/repository/org/springframework/data/spring-data-jpa/1.8.1.RELEASE/spring-data-jpa-1.8.1.RELEASE.jar!/org/springframework/data/jpa/repository/support/JpaRepositoryFactory.class]
12:57:00.191 [main] DEBUG o.s.c.a.ClassPathScanningCandidateComponentProvider - Identified candidate component class: URL [jar:file:/C:/Users/sgelle/.m2/repository/org/springframework/data/spring-data-mongodb/1.7.1.RELEASE/spring-data-mongodb-1.7.1.RELEASE.jar!/org/springframework/data/mongodb/repository/support/MongoRepositoryFactory.class]
12:57:00.222 [main] DEBUG o.s.d.r.c.RepositoryConfigurationDelegate - Multiple Spring Data modules found, entering strict repository configuration mode!
12:57:00.222 [main] DEBUG o.s.core.env.StandardEnvironment - Adding [systemProperties] PropertySource with lowest search precedence
12:57:00.222 [main] DEBUG o.s.core.env.StandardEnvironment - Adding [systemEnvironment] PropertySource with lowest search precedence
12:57:00.222 [main] DEBUG o.s.core.env.StandardEnvironment - Initialized StandardEnvironment with PropertySources [systemProperties,systemEnvironment]
12:57:00.222 [main] DEBUG o.s.c.i.s.PathMatchingResourcePatternResolver - Looking for matching resources in directory tree [D:\MyWorkspace\RIABPLM\target\classes\com\hcc\riab\repositories]
12:57:00.222 [main] DEBUG o.s.c.i.s.PathMatchingResourcePatternResolver - Searching directory [D:\MyWorkspace\RIABPLM\target\classes\com\hcc\riab\repositories] for files matching pattern [D:/MyWorkspace/RIABPLM/target/classes/com/hcc/riab/repositories/**/*.class]
12:57:00.222 [main] DEBUG o.s.c.i.s.PathMatchingResourcePatternResolver - Resolved location pattern [classpath*:com/hcc/riab/repositories/**/*.class] to resources [file [D:\MyWorkspace\RIABPLM\target\classes\com\hcc\riab\repositories\ClientDetailsRepository.class], file [D:\MyWorkspace\RIABPLM\target\classes\com\hcc\riab\repositories\ProductRepository.class], file [D:\MyWorkspace\RIABPLM\target\classes\com\hcc\riab\repositories\UserRepository.class], file [D:\MyWorkspace\RIABPLM\target\classes\com\hcc\riab\repositories\WellIndexRepository.class]]
12:57:00.222 [main] DEBUG o.s.d.r.c.RepositoryComponentProvider - Identified candidate component class: file [D:\MyWorkspace\RIABPLM\target\classes\com\hcc\riab\repositories\ClientDetailsRepository.class]
12:57:00.222 [main] DEBUG o.s.d.r.c.RepositoryComponentProvider - Identified candidate component class: file [D:\MyWorkspace\RIABPLM\target\classes\com\hcc\riab\repositories\ProductRepository.class]
12:57:00.237 [main] DEBUG o.s.d.r.c.RepositoryComponentProvider - Identified candidate component class: file [D:\MyWorkspace\RIABPLM\target\classes\com\hcc\riab\repositories\UserRepository.class]
12:57:00.237 [main] DEBUG o.s.d.r.c.RepositoryComponentProvider - Identified candidate component class: file [D:\MyWorkspace\RIABPLM\target\classes\com\hcc\riab\repositories\WellIndexRepository.class]
12:57:00.237 [main] DEBUG o.s.d.r.c.RepositoryConfigurationExtensionSupport - Spring Data JPA - Could not safely identify store assignment for repository candidate interface com.hcc.riab.repositories.UserRepository.
12:57:00.237 [main] DEBUG o.s.core.env.StandardEnvironment - Adding [systemProperties] PropertySource with lowest search precedence
12:57:00.237 [main] DEBUG o.s.core.env.StandardEnvironment - Adding [systemEnvironment] PropertySource with lowest search precedence
12:57:00.237 [main] DEBUG o.s.core.env.StandardEnvironment - Initialized StandardEnvironment with PropertySources [systemProperties,systemEnvironment]
12:57:00.237 [main] DEBUG o.s.c.i.s.PathMatchingResourcePatternResolver - Looking for matching resources in directory tree [D:\MyWorkspace\RIABPLM\target\classes\com\hcc\riab\repositories]
12:57:00.237 [main] DEBUG o.s.c.i.s.PathMatchingResourcePatternResolver - Searching directory [D:\MyWorkspace\RIABPLM\target\classes\com\hcc\riab\repositories] for files matching pattern [D:/MyWorkspace/RIABPLM/target/classes/com/hcc/riab/repositories/**/*ClientDetailsRepositoryImpl.class]
12:57:00.237 [main] DEBUG o.s.c.i.s.PathMatchingResourcePatternResolver - Resolved location pattern [classpath*:com/hcc/riab/repositories/**/*ClientDetailsRepositoryImpl.class] to resources []
12:57:00.237 [main] DEBUG o.s.d.r.c.RepositoryConfigurationDelegate - Spring Data JPA - Registering repository: clientDetailsRepository - Interface: com.hcc.riab.repositories.ClientDetailsRepository - Factory: org.springframework.data.jpa.repository.support.JpaRepositoryFactoryBean
12:57:00.237 [main] DEBUG o.s.core.env.StandardEnvironment - Adding [systemProperties] PropertySource with lowest search precedence
12:57:00.237 [main] DEBUG o.s.core.env.StandardEnvironment - Adding [systemEnvironment] PropertySource with lowest search precedence
12:57:00.237 [main] DEBUG o.s.core.env.StandardEnvironment - Initialized StandardEnvironment with PropertySources [systemProperties,systemEnvironment]
12:57:00.237 [main] DEBUG o.s.c.i.s.PathMatchingResourcePatternResolver - Looking for matching resources in directory tree [D:\MyWorkspace\RIABPLM\target\classes\com\hcc\riab\repositories]
12:57:00.237 [main] DEBUG o.s.c.i.s.PathMatchingResourcePatternResolver - Searching directory [D:\MyWorkspace\RIABPLM\target\classes\com\hcc\riab\repositories] for files matching pattern [D:/MyWorkspace/RIABPLM/target/classes/com/hcc/riab/repositories/**/*WellIndexRepositoryImpl.class]
12:57:00.237 [main] DEBUG o.s.c.i.s.PathMatchingResourcePatternResolver - Resolved location pattern [classpath*:com/hcc/riab/repositories/**/*WellIndexRepositoryImpl.class] to resources []
12:57:00.237 [main] DEBUG o.s.d.r.c.RepositoryConfigurationDelegate - Spring Data JPA - Registering repository: wellIndexRepository - Interface: com.hcc.riab.repositories.WellIndexRepository - Factory: org.springframework.data.jpa.repository.support.JpaRepositoryFactoryBean
12:57:00.237 [main] DEBUG o.s.core.env.StandardEnvironment - Adding [systemProperties] PropertySource with lowest search precedence
12:57:00.237 [main] DEBUG o.s.core.env.StandardEnvironment - Adding [systemEnvironment] PropertySource with lowest search precedence
12:57:00.237 [main] DEBUG o.s.core.env.StandardEnvironment - Initialized StandardEnvironment with PropertySources [systemProperties,systemEnvironment]
12:57:00.237 [main] DEBUG o.s.c.i.s.PathMatchingResourcePatternResolver - Looking for matching resources in directory tree [D:\MyWorkspace\RIABPLM\target\classes\com\hcc\riab\repositories]
12:57:00.237 [main] DEBUG o.s.c.i.s.PathMatchingResourcePatternResolver - Searching directory [D:\MyWorkspace\RIABPLM\target\classes\com\hcc\riab\repositories] for files matching pattern [D:/MyWorkspace/RIABPLM/target/classes/com/hcc/riab/repositories/**/*ProductRepositoryImpl.class]
12:57:00.237 [main] DEBUG o.s.c.i.s.PathMatchingResourcePatternResolver - Resolved location pattern [classpath*:com/hcc/riab/repositories/**/*ProductRepositoryImpl.class] to resources []
12:57:00.237 [main] DEBUG o.s.d.r.c.RepositoryConfigurationDelegate - Spring Data JPA - Registering repository: productRepository - Interface: com.hcc.riab.repositories.ProductRepository - Factory: org.springframework.data.jpa.repository.support.JpaRepositoryFactoryBean
12:57:00.237 [main] DEBUG o.s.b.f.x.BeanDefinitionParserDelegate - Neither XML &apos;id&apos; nor &apos;name&apos; specified - using generated bean name [org.springframework.orm.jpa.vendor.HibernateJpaDialect#6b587673]
12:57:00.253 [main] DEBUG o.s.b.f.x.BeanDefinitionParserDelegate - Neither XML &apos;id&apos; nor &apos;name&apos; specified - using generated bean name [org.springframework.orm.jpa.vendor.HibernateJpaVendorAdapter#1bcf67e8]
12:57:00.253 [main] INFO  o.s.b.f.xml.XmlBeanDefinitionReader - Loading XML bean definitions from URL [file:/D:/MyWorkspace/RIABPLM/target/classes/mongo-configuration.xml]
12:57:00.253 [main] DEBUG o.s.b.f.xml.DefaultDocumentLoader - Using JAXP provider [com.sun.org.apache.xerces.internal.jaxp.DocumentBuilderFactoryImpl]
12:57:00.253 [main] DEBUG o.s.b.f.xml.PluggableSchemaResolver - Found XML schema [http://www.springframework.org/schema/beans/spring-beans.xsd] in classpath: org/springframework/beans/factory/xml/spring-beans-4.1.xsd
12:57:00.253 [main] DEBUG o.s.b.f.xml.PluggableSchemaResolver - Found XML schema [http://www.springframework.org/schema/context/spring-context.xsd] in classpath: org/springframework/context/config/spring-context-4.1.xsd
12:57:00.253 [main] DEBUG o.s.b.f.xml.PluggableSchemaResolver - Found XML schema [http://www.springframework.org/schema/tool/spring-tool-4.1.xsd] in classpath: org/springframework/beans/factory/xml/spring-tool-4.1.xsd
12:57:00.253 [main] DEBUG o.s.b.f.xml.PluggableSchemaResolver - Found XML schema [http://www.springframework.org/schema/data/mongo/spring-mongo-1.0.xsd] in classpath: org/springframework/data/mongodb/config/spring-mongo-1.0.xsd
12:57:00.253 [main] DEBUG o.s.b.f.xml.PluggableSchemaResolver - Found XML schema [http://www.springframework.org/schema/data/repository/spring-repository-1.0.xsd] in classpath: org/springframework/data/repository/config/spring-repository-1.0.xsd
12:57:00.269 [main] DEBUG o.s.b.f.x.DefaultBeanDefinitionDocumentReader - Loading bean definitions
12:57:00.269 [main] DEBUG o.s.core.env.StandardEnvironment - Adding [systemProperties] PropertySource with lowest search precedence
12:57:00.269 [main] DEBUG o.s.core.env.StandardEnvironment - Adding [systemEnvironment] PropertySource with lowest search precedence
12:57:00.269 [main] DEBUG o.s.core.env.StandardEnvironment - Initialized StandardEnvironment with PropertySources [systemProperties,systemEnvironment]
12:57:00.269 [main] DEBUG o.s.c.i.s.PathMatchingResourcePatternResolver - Looking for matching resources in jar file [file:/C:/Users/sgelle/.m2/repository/org/springframework/data/spring-data-mongodb-cross-store/1.8.0.RELEASE/spring-data-mongodb-cross-store-1.8.0.RELEASE.jar]
12:57:00.269 [main] DEBUG o.s.c.i.s.PathMatchingResourcePatternResolver - Looking for matching resources in jar file [file:/C:/Users/sgelle/.m2/repository/org/springframework/data/spring-data-jpa/1.8.1.RELEASE/spring-data-jpa-1.8.1.RELEASE.jar]
12:57:00.269 [main] DEBUG o.s.c.i.s.PathMatchingResourcePatternResolver - Looking for matching resources in jar file [file:/C:/Users/sgelle/.m2/repository/org/springframework/data/spring-data-mongodb/1.7.1.RELEASE/spring-data-mongodb-1.7.1.RELEASE.jar]
12:57:00.269 [main] DEBUG o.s.c.i.s.PathMatchingResourcePatternResolver - Looking for matching resources in jar file [file:/C:/Users/sgelle/.m2/repository/org/springframework/data/spring-data-commons/1.10.1.RELEASE/spring-data-commons-1.10.1.RELEASE.jar]
12:57:00.269 [main] DEBUG o.s.c.i.s.PathMatchingResourcePatternResolver - Resolved location pattern [classpath*:org/springframework/data/**/repository/support/**/*.class] to resources [URL [jar:file:/C:/Users/sgelle/.m2/repository/org/springframework/data/spring-data-jpa/1.8.1.RELEASE/spring-data-jpa-1.8.1.RELEASE.jar!/org/springframework/data/jpa/repository/support/Querydsl$1.class], URL [jar:file:/C:/Users/sgelle/.m2/repository/org/springframework/data/spring-data-jpa/1.8.1.RELEASE/spring-data-jpa-1.8.1.RELEASE.jar!/org/springframework/data/jpa/repository/support/CrudMethodMetadataPostProcessor$ThreadBoundTargetSource.class], URL [jar:file:/C:/Users/sgelle/.m2/repository/org/springframework/data/spring-data-jpa/1.8.1.RELEASE/spring-data-jpa-1.8.1.RELEASE.jar!/org/springframework/data/jpa/repository/support/JpaPersistableEntityInformation.class], URL [jar:file:/C:/Users/sgelle/.m2/repository/org/springframework/data/spring-data-jpa/1.8.1.RELEASE/spring-data-jpa-1.8.1.RELEASE.jar!/org/springframework/data/jpa/repository/support/CrudMethodMetadataPostProcessor.class], URL [jar:file:/C:/Users/sgelle/.m2/repository/org/springframework/data/spring-data-jpa/1.8.1.RELEASE/spring-data-jpa-1.8.1.RELEASE.jar!/org/springframework/data/jpa/repository/support/CrudMethodMetadataPostProcessor$1.class], URL [jar:file:/C:/Users/sgelle/.m2/repository/org/springframework/data/spring-data-jpa/1.8.1.RELEASE/spring-data-jpa-1.8.1.RELEASE.jar!/org/springframework/data/jpa/repository/support/JpaEntityInformation.class], URL [jar:file:/C:/Users/sgelle/.m2/repository/org/springframework/data/spring-data-jpa/1.8.1.RELEASE/spring-data-jpa-1.8.1.RELEASE.jar!/org/springframework/data/jpa/repository/support/JpaMetamodelEntityInformation.class], URL [jar:file:/C:/Users/sgelle/.m2/repository/org/springframework/data/spring-data-jpa/1.8.1.RELEASE/spring-data-jpa-1.8.1.RELEASE.jar!/org/springframework/data/jpa/repository/support/JpaMetamodelEntityInformation$IdMetadata.class], URL [jar:file:/C:/Users/sgelle/.m2/repository/org/springframework/data/spring-data-jpa/1.8.1.RELEASE/spring-data-jpa-1.8.1.RELEASE.jar!/org/springframework/data/jpa/repository/support/JpaEntityInformationSupport.class], URL [jar:file:/C:/Users/sgelle/.m2/repository/org/springframework/data/spring-data-jpa/1.8.1.RELEASE/spring-data-jpa-1.8.1.RELEASE.jar!/org/springframework/data/jpa/repository/support/QueryDslRepositorySupport.class], URL [jar:file:/C:/Users/sgelle/.m2/repository/org/springframework/data/spring-data-jpa/1.8.1.RELEASE/spring-data-jpa-1.8.1.RELEASE.jar!/org/springframework/data/jpa/repository/support/JpaRepositoryFactory.class], URL [jar:file:/C:/Users/sgelle/.m2/repository/org/springframework/data/spring-data-jpa/1.8.1.RELEASE/spring-data-jpa-1.8.1.RELEASE.jar!/org/springframework/data/jpa/repository/support/CrudMethodMetadataPostProcessor$DefaultCrudMethodMetadata.class], URL [jar:file:/C:/Users/sgelle/.m2/repository/org/springframework/data/spring-data-jpa/1.8.1.RELEASE/spring-data-jpa-1.8.1.RELEASE.jar!/org/springframework/data/jpa/repository/support/SimpleJpaRepository.class], URL [jar:file:/C:/Users/sgelle/.m2/repository/org/springframework/data/spring-data-jpa/1.8.1.RELEASE/spring-data-jpa-1.8.1.RELEASE.jar!/org/springframework/data/jpa/repository/support/CrudMethodMetadataPostProcessor$CrudMethodMetadataPopulatingMethodIntercceptor.class], URL [jar:file:/C:/Users/sgelle/.m2/repository/org/springframework/data/spring-data-jpa/1.8.1.RELEASE/spring-data-jpa-1.8.1.RELEASE.jar!/org/springframework/data/jpa/repository/support/Querydsl.class], URL [jar:file:/C:/Users/sgelle/.m2/repository/org/springframework/data/spring-data-jpa/1.8.1.RELEASE/spring-data-jpa-1.8.1.RELEASE.jar!/org/springframework/data/jpa/repository/support/CrudMethodMetadata.class], URL [jar:file:/C:/Users/sgelle/.m2/repository/org/springframework/data/spring-data-jpa/1.8.1.RELEASE/spring-data-jpa-1.8.1.RELEASE.jar!/org/springframework/data/jpa/repository/support/EntityManagerBeanDefinitionRegistrarPostProcessor.class], URL [jar:file:/C:/Users/sgelle/.m2/repository/org/springframework/data/spring-data-jpa/1.8.1.RELEASE/spring-data-jpa-1.8.1.RELEASE.jar!/org/springframework/data/jpa/repository/support/JpaMetamodelEntityInformation$IdentifierDerivingDirectFieldAccessFallbackBeanWrapper.class], URL [jar:file:/C:/Users/sgelle/.m2/repository/org/springframework/data/spring-data-jpa/1.8.1.RELEASE/spring-data-jpa-1.8.1.RELEASE.jar!/org/springframework/data/jpa/repository/support/QueryDslJpaRepository.class], URL [jar:file:/C:/Users/sgelle/.m2/repository/org/springframework/data/spring-data-jpa/1.8.1.RELEASE/spring-data-jpa-1.8.1.RELEASE.jar!/org/springframework/data/jpa/repository/support/JpaRepositoryFactoryBean.class], URL [jar:file:/C:/Users/sgelle/.m2/repository/org/springframework/data/spring-data-jpa/1.8.1.RELEASE/spring-data-jpa-1.8.1.RELEASE.jar!/org/springframework/data/jpa/repository/support/SimpleJpaRepository$ByIdsSpecification.class], URL [jar:file:/C:/Users/sgelle/.m2/repository/org/springframework/data/spring-data-mongodb/1.7.1.RELEASE/spring-data-mongodb-1.7.1.RELEASE.jar!/org/springframework/data/mongodb/repository/support/MongoRepositoryFactory.class], URL [jar:file:/C:/Users/sgelle/.m2/repository/org/springframework/data/spring-data-mongodb/1.7.1.RELEASE/spring-data-mongodb-1.7.1.RELEASE.jar!/org/springframework/data/mongodb/repository/support/MongoRepositoryFactoryBean.class], URL [jar:file:/C:/Users/sgelle/.m2/repository/org/springframework/data/spring-data-mongodb/1.7.1.RELEASE/spring-data-mongodb-1.7.1.RELEASE.jar!/org/springframework/data/mongodb/repository/support/MongoRepositoryFactory$MongoQueryLookupStrategy.class], URL [jar:file:/C:/Users/sgelle/.m2/repository/org/springframework/data/spring-data-mongodb/1.7.1.RELEASE/spring-data-mongodb-1.7.1.RELEASE.jar!/org/springframework/data/mongodb/repository/support/QuerydslRepositorySupport.class], URL [jar:file:/C:/Users/sgelle/.m2/repository/org/springframework/data/spring-data-mongodb/1.7.1.RELEASE/spring-data-mongodb-1.7.1.RELEASE.jar!/org/springframework/data/mongodb/repository/support/MappingMongoEntityInformation.class], URL [jar:file:/C:/Users/sgelle/.m2/repository/org/springframework/data/spring-data-mongodb/1.7.1.RELEASE/spring-data-mongodb-1.7.1.RELEASE.jar!/org/springframework/data/mongodb/repository/support/MongoRepositoryFactory$1.class], URL [jar:file:/C:/Users/sgelle/.m2/repository/org/springframework/data/spring-data-mongodb/1.7.1.RELEASE/spring-data-mongodb-1.7.1.RELEASE.jar!/org/springframework/data/mongodb/repository/support/SimpleMongoRepository.class], URL [jar:file:/C:/Users/sgelle/.m2/repository/org/springframework/data/spring-data-mongodb/1.7.1.RELEASE/spring-data-mongodb-1.7.1.RELEASE.jar!/org/springframework/data/mongodb/repository/support/MongoAnnotationProcessor.class], URL [jar:file:/C:/Users/sgelle/.m2/repository/org/springframework/data/spring-data-mongodb/1.7.1.RELEASE/spring-data-mongodb-1.7.1.RELEASE.jar!/org/springframework/data/mongodb/repository/support/SpringDataMongodbQuery.class], URL [jar:file:/C:/Users/sgelle/.m2/repository/org/springframework/data/spring-data-mongodb/1.7.1.RELEASE/spring-data-mongodb-1.7.1.RELEASE.jar!/org/springframework/data/mongodb/repository/support/SpringDataMongodbQuery$1.class], URL [jar:file:/C:/Users/sgelle/.m2/repository/org/springframework/data/spring-data-mongodb/1.7.1.RELEASE/spring-data-mongodb-1.7.1.RELEASE.jar!/org/springframework/data/mongodb/repository/support/QueryDslMongoRepository.class], URL [jar:file:/C:/Users/sgelle/.m2/repository/org/springframework/data/spring-data-mongodb/1.7.1.RELEASE/spring-data-mongodb-1.7.1.RELEASE.jar!/org/springframework/data/mongodb/repository/support/SpringDataMongodbSerializer.class], URL [jar:file:/C:/Users/sgelle/.m2/repository/org/springframework/data/spring-data-mongodb/1.7.1.RELEASE/spring-data-mongodb-1.7.1.RELEASE.jar!/org/springframework/data/mongodb/repository/support/IndexEnsuringQueryCreationListener.class], URL [jar:file:/C:/Users/sgelle/.m2/repository/org/springframework/data/spring-data-commons/1.10.1.RELEASE/spring-data-commons-1.10.1.RELEASE.jar!/org/springframework/data/repository/support/DomainClassConverter$ConversionMatchAbbreviationException.class], URL [jar:file:/C:/Users/sgelle/.m2/repository/org/springframework/data/spring-data-commons/1.10.1.RELEASE/spring-data-commons-1.10.1.RELEASE.jar!/org/springframework/data/repository/support/DomainClassConverter$ToIdConverter.class], URL [jar:file:/C:/Users/sgelle/.m2/repository/org/springframework/data/spring-data-commons/1.10.1.RELEASE/spring-data-commons-1.10.1.RELEASE.jar!/org/springframework/data/repository/support/Repositories$EmptyRepositoryFactoryInformation.class], URL [jar:file:/C:/Users/sgelle/.m2/repository/org/springframework/data/spring-data-commons/1.10.1.RELEASE/spring-data-commons-1.10.1.RELEASE.jar!/org/springframework/data/repository/support/PagingAndSortingRepositoryInvoker.class], URL [jar:file:/C:/Users/sgelle/.m2/repository/org/springframework/data/spring-data-commons/1.10.1.RELEASE/spring-data-commons-1.10.1.RELEASE.jar!/org/springframework/data/repository/support/MethodParameters.class], URL [jar:file:/C:/Users/sgelle/.m2/repository/org/springframework/data/spring-data-commons/1.10.1.RELEASE/spring-data-commons-1.10.1.RELEASE.jar!/org/springframework/data/repository/support/RepositoryInvoker.class], URL [jar:file:/C:/Users/sgelle/.m2/repository/org/springframework/data/spring-data-commons/1.10.1.RELEASE/spring-data-commons-1.10.1.RELEASE.jar!/org/springframework/data/repository/support/RepositoryInvokerFactory.class], URL [jar:file:/C:/Users/sgelle/.m2/repository/org/springframework/data/spring-data-commons/1.10.1.RELEASE/spring-data-commons-1.10.1.RELEASE.jar!/org/springframework/data/repository/support/DomainClassPropertyEditorRegistrar.class], URL [jar:file:/C:/Users/sgelle/.m2/repository/org/springframework/data/spring-data-commons/1.10.1.RELEASE/spring-data-commons-1.10.1.RELEASE.jar!/org/springframework/data/repository/support/AnnotationAttribute.class], URL [jar:file:/C:/Users/sgelle/.m2/repository/org/springframework/data/spring-data-commons/1.10.1.RELEASE/spring-data-commons-1.10.1.RELEASE.jar!/org/springframework/data/repository/support/DefaultRepositoryInvokerFactory.class], URL [jar:file:/C:/Users/sgelle/.m2/repository/org/springframework/data/spring-data-commons/1.10.1.RELEASE/spring-data-commons-1.10.1.RELEASE.jar!/org/springframework/data/repository/support/MethodParameters$AnnotationNamingMethodParameter.class], URL [jar:file:/C:/Users/sgelle/.m2/repository/org/springframework/data/spring-data-commons/1.10.1.RELEASE/spring-data-commons-1.10.1.RELEASE.jar!/org/springframework/data/repository/support/CrudRepositoryInvoker.class], URL [jar:file:/C:/Users/sgelle/.m2/repository/org/springframework/data/spring-data-commons/1.10.1.RELEASE/spring-data-commons-1.10.1.RELEASE.jar!/org/springframework/data/repository/support/Repositories.class], URL [jar:file:/C:/Users/sgelle/.m2/repository/org/springframework/data/spring-data-commons/1.10.1.RELEASE/spring-data-commons-1.10.1.RELEASE.jar!/org/springframework/data/repository/support/DomainClassConverter$ToEntityConverter.class], URL [jar:file:/C:/Users/sgelle/.m2/repository/org/springframework/data/spring-data-commons/1.10.1.RELEASE/spring-data-commons-1.10.1.RELEASE.jar!/org/springframework/data/repository/support/ReflectionRepositoryInvoker.class], URL [jar:file:/C:/Users/sgelle/.m2/repository/org/springframework/data/spring-data-commons/1.10.1.RELEASE/spring-data-commons-1.10.1.RELEASE.jar!/org/springframework/data/repository/support/DomainClassPropertyEditor.class], URL [jar:file:/C:/Users/sgelle/.m2/repository/org/springframework/data/spring-data-commons/1.10.1.RELEASE/spring-data-commons-1.10.1.RELEASE.jar!/org/springframework/data/repository/support/DomainClassConverter.class], URL [jar:file:/C:/Users/sgelle/.m2/repository/org/springframework/data/spring-data-commons/1.10.1.RELEASE/spring-data-commons-1.10.1.RELEASE.jar!/org/springframework/data/repository/support/DomainClassConverter$1.class], URL [jar:file:/C:/Users/sgelle/.m2/repository/org/springframework/data/spring-data-commons/1.10.1.RELEASE/spring-data-commons-1.10.1.RELEASE.jar!/org/springframework/data/repository/support/RepositoryInvocationInformation.class]]
12:57:00.331 [main] DEBUG o.s.c.a.ClassPathScanningCandidateComponentProvider - Identified candidate component class: URL [jar:file:/C:/Users/sgelle/.m2/repository/org/springframework/data/spring-data-jpa/1.8.1.RELEASE/spring-data-jpa-1.8.1.RELEASE.jar!/org/springframework/data/jpa/repository/support/JpaRepositoryFactory.class]
12:57:00.347 [main] DEBUG o.s.c.a.ClassPathScanningCandidateComponentProvider - Identified candidate component class: URL [jar:file:/C:/Users/sgelle/.m2/repository/org/springframework/data/spring-data-mongodb/1.7.1.RELEASE/spring-data-mongodb-1.7.1.RELEASE.jar!/org/springframework/data/mongodb/repository/support/MongoRepositoryFactory.class]
12:57:00.393 [main] DEBUG o.s.d.r.c.RepositoryConfigurationDelegate - Multiple Spring Data modules found, entering strict repository configuration mode!
12:57:00.393 [main] DEBUG o.s.core.env.StandardEnvironment - Adding [systemProperties] PropertySource with lowest search precedence
12:57:00.409 [main] DEBUG o.s.core.env.StandardEnvironment - Adding [systemEnvironment] PropertySource with lowest search precedence
12:57:00.409 [main] DEBUG o.s.core.env.StandardEnvironment - Initialized StandardEnvironment with PropertySources [systemProperties,systemEnvironment]
12:57:00.409 [main] DEBUG o.s.c.i.s.PathMatchingResourcePatternResolver - Looking for matching resources in directory tree [D:\MyWorkspace\RIABPLM\target\classes\com\hcc\riab\repositories]
12:57:00.409 [main] DEBUG o.s.c.i.s.PathMatchingResourcePatternResolver - Searching directory [D:\MyWorkspace\RIABPLM\target\classes\com\hcc\riab\repositories] for files matching pattern [D:/MyWorkspace/RIABPLM/target/classes/com/hcc/riab/repositories/**/*.class]
12:57:00.409 [main] DEBUG o.s.c.i.s.PathMatchingResourcePatternResolver - Resolved location pattern [classpath*:com/hcc/riab/repositories/**/*.class] to resources [file [D:\MyWorkspace\RIABPLM\target\classes\com\hcc\riab\repositories\ClientDetailsRepository.class], file [D:\MyWorkspace\RIABPLM\target\classes\com\hcc\riab\repositories\ProductRepository.class], file [D:\MyWorkspace\RIABPLM\target\classes\com\hcc\riab\repositories\UserRepository.class], file [D:\MyWorkspace\RIABPLM\target\classes\com\hcc\riab\repositories\WellIndexRepository.class]]
12:57:00.409 [main] DEBUG o.s.d.r.c.RepositoryComponentProvider - Identified candidate component class: file [D:\MyWorkspace\RIABPLM\target\classes\com\hcc\riab\repositories\ClientDetailsRepository.class]
12:57:00.409 [main] DEBUG o.s.d.r.c.RepositoryComponentProvider - Identified candidate component class: file [D:\MyWorkspace\RIABPLM\target\classes\com\hcc\riab\repositories\ProductRepository.class]
12:57:00.409 [main] DEBUG o.s.d.r.c.RepositoryComponentProvider - Identified candidate component class: file [D:\MyWorkspace\RIABPLM\target\classes\com\hcc\riab\repositories\UserRepository.class]
12:57:00.409 [main] DEBUG o.s.d.r.c.RepositoryComponentProvider - Identified candidate component class: file [D:\MyWorkspace\RIABPLM\target\classes\com\hcc\riab\repositories\WellIndexRepository.class]
12:57:00.409 [main] DEBUG o.s.d.r.c.RepositoryConfigurationExtensionSupport - Spring Data MongoDB - Could not safely identify store assignment for repository candidate interface com.hcc.riab.repositories.WellIndexRepository.
12:57:00.409 [main] DEBUG o.s.d.r.c.RepositoryConfigurationExtensionSupport - Spring Data MongoDB - Could not safely identify store assignment for repository candidate interface com.hcc.riab.repositories.ProductRepository.
12:57:00.409 [main] DEBUG o.s.d.r.c.RepositoryConfigurationExtensionSupport - Spring Data MongoDB - Could not safely identify store assignment for repository candidate interface com.hcc.riab.repositories.ClientDetailsRepository.
12:57:00.409 [main] DEBUG o.s.core.env.StandardEnvironment - Adding [systemProperties] PropertySource with lowest search precedence
12:57:00.409 [main] DEBUG o.s.core.env.StandardEnvironment - Adding [systemEnvironment] PropertySource with lowest search precedence
12:57:00.409 [main] DEBUG o.s.core.env.StandardEnvironment - Initialized StandardEnvironment with PropertySources [systemProperties,systemEnvironment]
12:57:00.409 [main] DEBUG o.s.c.i.s.PathMatchingResourcePatternResolver - Looking for matching resources in directory tree [D:\MyWorkspace\RIABPLM\target\classes\com\hcc\riab\repositories]
12:57:00.409 [main] DEBUG o.s.c.i.s.PathMatchingResourcePatternResolver - Searching directory [D:\MyWorkspace\RIABPLM\target\classes\com\hcc\riab\repositories] for files matching pattern [D:/MyWorkspace/RIABPLM/target/classes/com/hcc/riab/repositories/**/*UserRepositoryImpl.class]
12:57:00.409 [main] DEBUG o.s.c.i.s.PathMatchingResourcePatternResolver - Resolved location pattern [classpath*:com/hcc/riab/repositories/**/*UserRepositoryImpl.class] to resources []
12:57:00.409 [main] DEBUG o.s.d.r.c.RepositoryConfigurationDelegate - Spring Data MongoDB - Registering repository: userRepository - Interface: com.hcc.riab.repositories.UserRepository - Factory: org.springframework.data.mongodb.repository.support.MongoRepositoryFactoryBean
12:57:00.409 [main] INFO  o.s.b.f.s.DefaultListableBeanFactory - Overriding bean definition for bean &apos;transactionManager&apos;: replacing [Generic bean: class [org.springframework.orm.jpa.JpaTransactionManager]; scope=; abstract=false; lazyInit=false; autowireMode=0; dependencyCheck=0; autowireCandidate=true; primary=false; factoryBeanName=null; factoryMethodName=null; initMethodName=null; destroyMethodName=null; defined in URL [file:src/main/resources/applicationContext.xml]] with [Generic bean: class [org.springframework.orm.jpa.JpaTransactionManager]; scope=; abstract=false; lazyInit=false; autowireMode=0; dependencyCheck=0; autowireCandidate=true; primary=false; factoryBeanName=null; factoryMethodName=null; initMethodName=null; destroyMethodName=null; defined in URL [file:/D:/MyWorkspace/RIABPLM/target/classes/mongo-configuration.xml]]
12:57:00.409 [main] DEBUG o.s.b.f.x.BeanDefinitionParserDelegate - Neither XML &apos;id&apos; nor &apos;name&apos; specified - using generated bean name [org.springframework.data.mongodb.core.MongoExceptionTranslator#0]
12:57:00.409 [main] DEBUG o.s.b.f.x.BeanDefinitionParserDelegate - Neither XML &apos;id&apos; nor &apos;name&apos; specified - using generated bean name [org.springframework.data.mongodb.crossstore.MongoDocumentBacking#0]
12:57:00.409 [main] DEBUG o.s.b.f.xml.XmlBeanDefinitionReader - Loaded 12 bean definitions from location pattern [classpath*:/mongo-configuration.xml]
12:57:00.409 [main] DEBUG o.s.b.f.x.DefaultBeanDefinitionDocumentReader - Imported 12 bean definitions from URL location [classpath*:/mongo-configuration.xml]
12:57:00.409 [main] DEBUG o.s.b.f.xml.XmlBeanDefinitionReader - Loaded 74 bean definitions from location pattern [file:src/main/resources/applicationContext.xml]
12:57:00.409 [main] INFO  o.s.c.s.GenericApplicationContext - Refreshing org.springframework.context.support.GenericApplicationContext@2160e52a: startup date [Thu Sep 10 12:57:00 IST 2015]; root of context hierarchy
12:57:00.409 [main] DEBUG o.s.c.s.GenericApplicationContext - Bean factory for org.springframework.context.support.GenericApplicationContext@2160e52a: org.springframework.beans.factory.support.DefaultListableBeanFactory@4349754: defining beans [mvcContentNegotiationManager,org.springframework.web.servlet.mvc.method.annotation.RequestMappingHandlerMapping#0,org.springframework.format.support.FormattingConversionServiceFactoryBean#0,org.springframework.web.servlet.mvc.method.annotation.RequestMappingHandlerAdapter#0,mvcUriComponentsContributor,org.springframework.web.servlet.handler.MappedInterceptor#0,org.springframework.web.servlet.mvc.method.annotation.ExceptionHandlerExceptionResolver#0,org.springframework.web.servlet.mvc.annotation.ResponseStatusExceptionResolver#0,org.springframework.web.servlet.mvc.support.DefaultHandlerExceptionResolver#0,org.springframework.web.servlet.handler.BeanNameUrlHandlerMapping,org.springframework.web.servlet.mvc.HttpRequestHandlerAdapter,org.springframework.web.servlet.mvc.SimpleControllerHandlerAdapter,homeController,clientDetailsServiceImpl,wellServiceImpl,userService,userController,org.springframework.context.annotation.internalConfigurationAnnotationProcessor,org.springframework.context.annotation.internalAutowiredAnnotationProcessor,org.springframework.context.annotation.internalRequiredAnnotationProcessor,org.springframework.context.annotation.internalCommonAnnotationProcessor,org.springframework.context.annotation.internalPersistenceAnnotationProcessor,org.springframework.web.servlet.mvc.method.annotation.RequestMappingHandlerMapping#1,org.springframework.format.support.FormattingConversionServiceFactoryBean#1,org.springframework.web.servlet.mvc.method.annotation.RequestMappingHandlerAdapter#1,org.springframework.web.servlet.handler.MappedInterceptor#1,org.springframework.web.servlet.mvc.method.annotation.ExceptionHandlerExceptionResolver#1,org.springframework.web.servlet.mvc.annotation.ResponseStatusExceptionResolver#1,org.springframework.web.servlet.mvc.support.DefaultHandlerExceptionResolver#1,org.springframework.web.servlet.resource.DefaultServletHttpRequestHandler#0,org.springframework.web.servlet.handler.SimpleUrlHandlerMapping#0,org.springframework.beans.factory.config.PropertyPlaceholderConfigurer#0,MySQLdataSource,clientDetails,passwordEncoder,clientDetailsUserService,org.springframework.security.authentication.dao.DaoAuthenticationProvider#0,org.springframework.security.authentication.DefaultAuthenticationEventPublisher#0,org.springframework.security.authenticationManager,tokenStore,tokenServices,oAuth2RequestFactory,userApprovalHandler,inMemoryImplicitGrantService,defaultOAuth2RequestValidator,oAuth2AuthorizationRequestManager,oauth2TokenGranter,oauth2AuthorizationCodeServices,oauth2ApprovalEndpoint,oauth2AuthorizationEndpoint,oauth2TokenEndpoint,oauth2HandlerMapping,resourceServerFilter,accessDecisionManager,clientAuthenticationEntryPoint,oauthAuthenticationEntryPoint,oauthAccessDeniedHandler,clientCredentialsTokenEndpointFilter,oAuth2ClientContextFilter,org.springframework.security.filterChains,org.springframework.security.filterChainProxy,org.springframework.security.web.PortMapperImpl#0,org.springframework.security.web.PortResolverImpl#0,org.springframework.security.authentication.ProviderManager#0,org.springframework.security.web.context.NullSecurityContextRepository#0,org.springframework.security.web.savedrequest.NullRequestCache#0,org.springframework.security.access.vote.AffirmativeBased#0,org.springframework.security.web.access.intercept.FilterSecurityInterceptor#0,org.springframework.security.web.access.DefaultWebInvocationPrivilegeEvaluator#0,org.springframework.security.authentication.AnonymousAuthenticationProvider#0,org.springframework.security.userDetailsServiceFactory,org.springframework.security.web.DefaultSecurityFilterChain#0,org.springframework.security.web.PortMapperImpl#1,org.springframework.security.web.PortResolverImpl#1,org.springframework.security.authentication.ProviderManager#1,org.springframework.security.web.context.HttpSessionSecurityContextRepository#0,org.springframework.security.web.authentication.session.CompositeSessionAuthenticationStrategy#0,org.springframework.security.web.savedrequest.HttpSessionRequestCache#0,org.springframework.security.access.vote.AffirmativeBased#1,org.springframework.security.web.access.intercept.FilterSecurityInterceptor#1,org.springframework.security.web.access.DefaultWebInvocationPrivilegeEvaluator#1,org.springframework.security.web.DefaultSecurityFilterChain#1,controllerAspect,org.springframework.aop.config.internalAutoProxyCreator,org.springframework.data.jpa.repository.config.JpaRepositoryConfigExtension#0,org.springframework.data.repository.core.support.RepositoryInterfaceAwareBeanPostProcessor,foo,jpaMappingContext,clientDetailsRepository,wellIndexRepository,productRepository,transactionManager,entityManagerFactory,org.springframework.context.support.PropertySourcesPlaceholderConfigurer#0,org.springframework.data.mongodb.repository.config.MongoRepositoryConfigurationExtension#0,mongoMappingContext,userRepository,mongo,org.springframework.beans.factory.config.CustomEditorConfigurer#0,org.springframework.beans.factory.config.CustomEditorConfigurer#1,mongoTemplate,initMongoService,org.springframework.data.mongodb.core.MongoExceptionTranslator#0,org.springframework.data.mongodb.crossstore.MongoDocumentBacking#0,mongoChangeSetPersister]; root of factory hierarchy
12:57:00.409 [main] DEBUG o.s.b.f.s.DefaultListableBeanFactory - Creating shared instance of singleton bean &apos;org.springframework.context.annotation.internalConfigurationAnnotationProcessor&apos;
12:57:00.409 [main] DEBUG o.s.b.f.s.DefaultListableBeanFactory - Creating instance of bean &apos;org.springframework.context.annotation.internalConfigurationAnnotationProcessor&apos;
12:57:00.409 [main] DEBUG o.s.b.f.s.DefaultListableBeanFactory - Eagerly caching bean &apos;org.springframework.context.annotation.internalConfigurationAnnotationProcessor&apos; to allow for resolving potential circular references
12:57:00.409 [main] DEBUG o.s.b.f.s.DefaultListableBeanFactory - Finished creating instance of bean &apos;org.springframework.context.annotation.internalConfigurationAnnotationProcessor&apos;
12:57:00.456 [main] DEBUG o.s.b.f.s.DefaultListableBeanFactory - Creating shared instance of singleton bean &apos;org.springframework.beans.factory.config.PropertyPlaceholderConfigurer#0&apos;
12:57:00.456 [main] DEBUG o.s.b.f.s.DefaultListableBeanFactory - Creating instance of bean &apos;org.springframework.beans.factory.config.PropertyPlaceholderConfigurer#0&apos;
12:57:00.456 [main] DEBUG o.s.b.f.s.DefaultListableBeanFactory - Eagerly caching bean &apos;org.springframework.beans.factory.config.PropertyPlaceholderConfigurer#0&apos; to allow for resolving potential circular references
12:57:00.456 [main] DEBUG o.s.b.f.s.DefaultListableBeanFactory - Finished creating instance of bean &apos;org.springframework.beans.factory.config.PropertyPlaceholderConfigurer#0&apos;
12:57:00.456 [main] DEBUG o.s.b.f.s.DefaultListableBeanFactory - Creating shared instance of singleton bean &apos;org.springframework.context.support.PropertySourcesPlaceholderConfigurer#0&apos;
12:57:00.456 [main] DEBUG o.s.b.f.s.DefaultListableBeanFactory - Creating instance of bean &apos;org.springframework.context.support.PropertySourcesPlaceholderConfigurer#0&apos;
12:57:00.456 [main] DEBUG o.s.b.f.s.DefaultListableBeanFactory - Eagerly caching bean &apos;org.springframework.context.support.PropertySourcesPlaceholderConfigurer#0&apos; to allow for resolving potential circular references
12:57:00.456 [main] DEBUG o.s.b.f.s.DefaultListableBeanFactory - Finished creating instance of bean &apos;org.springframework.context.support.PropertySourcesPlaceholderConfigurer#0&apos;
12:57:00.456 [main] INFO  o.s.b.f.c.PropertyPlaceholderConfigurer - Loading properties file from class path resource [database.properties]
12:57:00.456 [main] DEBUG o.s.core.env.MutablePropertySources - Adding [environmentProperties] PropertySource with lowest search precedence
12:57:00.456 [main] INFO  o.s.c.s.PropertySourcesPlaceholderConfigurer - Loading properties file from class path resource [database.properties]
12:57:00.456 [main] DEBUG o.s.core.env.MutablePropertySources - Adding [localProperties] PropertySource with lowest search precedence
12:57:00.471 [main] DEBUG o.s.b.f.s.DefaultListableBeanFactory - Creating shared instance of singleton bean &apos;org.springframework.beans.factory.config.CustomEditorConfigurer#0&apos;
12:57:00.471 [main] DEBUG o.s.b.f.s.DefaultListableBeanFactory - Creating instance of bean &apos;org.springframework.beans.factory.config.CustomEditorConfigurer#0&apos;
12:57:00.471 [main] DEBUG o.s.b.f.s.DefaultListableBeanFactory - Eagerly caching bean &apos;org.springframework.beans.factory.config.CustomEditorConfigurer#0&apos; to allow for resolving potential circular references
12:57:00.471 [main] DEBUG o.s.b.f.s.DefaultListableBeanFactory - Finished creating instance of bean &apos;org.springframework.beans.factory.config.CustomEditorConfigurer#0&apos;
12:57:00.471 [main] DEBUG o.s.b.f.s.DefaultListableBeanFactory - Creating shared instance of singleton bean &apos;org.springframework.beans.factory.config.CustomEditorConfigurer#1&apos;
12:57:00.471 [main] DEBUG o.s.b.f.s.DefaultListableBeanFactory - Creating instance of bean &apos;org.springframework.beans.factory.config.CustomEditorConfigurer#1&apos;
12:57:00.471 [main] DEBUG o.s.b.f.s.DefaultListableBeanFactory - Eagerly caching bean &apos;org.springframework.beans.factory.config.CustomEditorConfigurer#1&apos; to allow for resolving potential circular references
12:57:00.471 [main] DEBUG o.s.b.f.s.DefaultListableBeanFactory - Finished creating instance of bean &apos;org.springframework.beans.factory.config.CustomEditorConfigurer#1&apos;
12:57:00.471 [main] DEBUG o.s.b.f.s.DefaultListableBeanFactory - Creating shared instance of singleton bean &apos;foo&apos;
12:57:00.471 [main] DEBUG o.s.b.f.s.DefaultListableBeanFactory - Creating instance of bean &apos;foo&apos;
12:57:00.471 [main] DEBUG o.s.b.f.s.DefaultListableBeanFactory - Eagerly caching bean &apos;foo&apos; to allow for resolving potential circular references
12:57:00.471 [main] DEBUG o.s.b.f.s.DefaultListableBeanFactory - Finished creating instance of bean &apos;foo&apos;
12:57:00.471 [main] DEBUG o.s.b.f.s.DefaultListableBeanFactory - Creating shared instance of singleton bean &apos;org.springframework.context.annotation.internalAutowiredAnnotationProcessor&apos;
12:57:00.471 [main] DEBUG o.s.b.f.s.DefaultListableBeanFactory - Creating instance of bean &apos;org.springframework.context.annotation.internalAutowiredAnnotationProcessor&apos;
12:57:00.471 [main] INFO  o.s.b.f.a.AutowiredAnnotationBeanPostProcessor - JSR-330 &apos;javax.inject.Inject&apos; annotation found and supported for autowiring
12:57:00.471 [main] DEBUG o.s.b.f.s.DefaultListableBeanFactory - Eagerly caching bean &apos;org.springframework.context.annotation.internalAutowiredAnnotationProcessor&apos; to allow for resolving potential circular references
12:57:00.471 [main] DEBUG o.s.b.f.s.DefaultListableBeanFactory - Finished creating instance of bean &apos;org.springframework.context.annotation.internalAutowiredAnnotationProcessor&apos;
12:57:00.471 [main] DEBUG o.s.b.f.s.DefaultListableBeanFactory - Creating shared instance of singleton bean &apos;org.springframework.context.annotation.internalRequiredAnnotationProcessor&apos;
12:57:00.471 [main] DEBUG o.s.b.f.s.DefaultListableBeanFactory - Creating instance of bean &apos;org.springframework.context.annotation.internalRequiredAnnotationProcessor&apos;
12:57:00.471 [main] DEBUG o.s.b.f.s.DefaultListableBeanFactory - Eagerly caching bean &apos;org.springframework.context.annotation.internalRequiredAnnotationProcessor&apos; to allow for resolving potential circular references
12:57:00.471 [main] DEBUG o.s.b.f.s.DefaultListableBeanFactory - Finished creating instance of bean &apos;org.springframework.context.annotation.internalRequiredAnnotationProcessor&apos;
12:57:00.471 [main] DEBUG o.s.b.f.s.DefaultListableBeanFactory - Creating shared instance of singleton bean &apos;org.springframework.context.annotation.internalCommonAnnotationProcessor&apos;
12:57:00.471 [main] DEBUG o.s.b.f.s.DefaultListableBeanFactory - Creating instance of bean &apos;org.springframework.context.annotation.internalCommonAnnotationProcessor&apos;
12:57:00.471 [main] DEBUG o.s.b.f.s.DefaultListableBeanFactory - Eagerly caching bean &apos;org.springframework.context.annotation.internalCommonAnnotationProcessor&apos; to allow for resolving potential circular references
12:57:00.471 [main] DEBUG o.s.b.f.s.DefaultListableBeanFactory - Finished creating instance of bean &apos;org.springframework.context.annotation.internalCommonAnnotationProcessor&apos;
12:57:00.471 [main] DEBUG o.s.b.f.s.DefaultListableBeanFactory - Creating shared instance of singleton bean &apos;org.springframework.context.annotation.internalPersistenceAnnotationProcessor&apos;
12:57:00.471 [main] DEBUG o.s.b.f.s.DefaultListableBeanFactory - Creating instance of bean &apos;org.springframework.context.annotation.internalPersistenceAnnotationProcessor&apos;
12:57:00.471 [main] DEBUG o.s.b.f.s.DefaultListableBeanFactory - Eagerly caching bean &apos;org.springframework.context.annotation.internalPersistenceAnnotationProcessor&apos; to allow for resolving potential circular references
12:57:00.471 [main] DEBUG o.s.b.f.s.DefaultListableBeanFactory - Finished creating instance of bean &apos;org.springframework.context.annotation.internalPersistenceAnnotationProcessor&apos;
12:57:00.471 [main] DEBUG o.s.b.f.s.DefaultListableBeanFactory - Creating shared instance of singleton bean &apos;org.springframework.data.repository.core.support.RepositoryInterfaceAwareBeanPostProcessor&apos;
12:57:00.471 [main] DEBUG o.s.b.f.s.DefaultListableBeanFactory - Creating instance of bean &apos;org.springframework.data.repository.core.support.RepositoryInterfaceAwareBeanPostProcessor&apos;
12:57:00.471 [main] DEBUG o.s.b.f.s.DefaultListableBeanFactory - Eagerly caching bean &apos;org.springframework.data.repository.core.support.RepositoryInterfaceAwareBeanPostProcessor&apos; to allow for resolving potential circular references
12:57:00.471 [main] DEBUG o.s.b.f.s.DefaultListableBeanFactory - Finished creating instance of bean &apos;org.springframework.data.repository.core.support.RepositoryInterfaceAwareBeanPostProcessor&apos;
12:57:00.471 [main] DEBUG o.s.b.f.s.DefaultListableBeanFactory - Creating shared instance of singleton bean &apos;org.springframework.context.annotation.ConfigurationClassPostProcessor.importAwareProcessor&apos;
12:57:00.471 [main] DEBUG o.s.b.f.s.DefaultListableBeanFactory - Creating instance of bean &apos;org.springframework.context.annotation.ConfigurationClassPostProcessor.importAwareProcessor&apos;
12:57:00.471 [main] DEBUG o.s.b.f.s.DefaultListableBeanFactory - Eagerly caching bean &apos;org.springframework.context.annotation.ConfigurationClassPostProcessor.importAwareProcessor&apos; to allow for resolving potential circular references
12:57:00.471 [main] DEBUG o.s.b.f.s.DefaultListableBeanFactory - Finished creating instance of bean &apos;org.springframework.context.annotation.ConfigurationClassPostProcessor.importAwareProcessor&apos;
12:57:00.471 [main] DEBUG o.s.b.f.s.DefaultListableBeanFactory - Creating shared instance of singleton bean &apos;org.springframework.context.annotation.ConfigurationClassPostProcessor.enhancedConfigurationProcessor&apos;
12:57:00.471 [main] DEBUG o.s.b.f.s.DefaultListableBeanFactory - Creating instance of bean &apos;org.springframework.context.annotation.ConfigurationClassPostProcessor.enhancedConfigurationProcessor&apos;
12:57:00.471 [main] DEBUG o.s.b.f.s.DefaultListableBeanFactory - Eagerly caching bean &apos;org.springframework.context.annotation.ConfigurationClassPostProcessor.enhancedConfigurationProcessor&apos; to allow for resolving potential circular references
12:57:00.471 [main] DEBUG o.s.b.f.s.DefaultListableBeanFactory - Finished creating instance of bean &apos;org.springframework.context.annotation.ConfigurationClassPostProcessor.enhancedConfigurationProcessor&apos;
12:57:00.471 [main] DEBUG o.s.b.f.s.DefaultListableBeanFactory - Creating shared instance of singleton bean &apos;org.springframework.aop.config.internalAutoProxyCreator&apos;
12:57:00.471 [main] DEBUG o.s.b.f.s.DefaultListableBeanFactory - Creating instance of bean &apos;org.springframework.aop.config.internalAutoProxyCreator&apos;
12:57:00.471 [main] DEBUG o.s.b.f.s.DefaultListableBeanFactory - Eagerly caching bean &apos;org.springframework.aop.config.internalAutoProxyCreator&apos; to allow for resolving potential circular references
12:57:00.471 [main] DEBUG o.s.b.f.s.DefaultListableBeanFactory - Finished creating instance of bean &apos;org.springframework.aop.config.internalAutoProxyCreator&apos;
12:57:00.471 [main] DEBUG o.s.c.s.GenericApplicationContext - Unable to locate MessageSource with name &apos;messageSource&apos;: using default [org.springframework.context.support.DelegatingMessageSource@205b132e]
12:57:00.471 [main] DEBUG o.s.c.s.GenericApplicationContext - Unable to locate ApplicationEventMulticaster with name &apos;applicationEventMulticaster&apos;: using default [org.springframework.context.event.SimpleApplicationEventMulticaster@73044cdf]
12:57:00.487 [main] DEBUG o.s.b.f.s.DefaultListableBeanFactory - Creating shared instance of singleton bean &apos;entityManagerFactory&apos;
12:57:00.487 [main] DEBUG o.s.b.f.s.DefaultListableBeanFactory - Creating instance of bean &apos;entityManagerFactory&apos;
12:57:00.487 [main] DEBUG o.s.a.a.a.ReflectiveAspectJAdvisorFactory - Found AspectJ method: public void com.hcc.riab.aspects.ControllerLoggingAspect.aroundControllerMethod(org.aspectj.lang.JoinPoint) throws java.lang.Throwable
12:57:00.487 [main] DEBUG o.s.a.a.a.ReflectiveAspectJAdvisorFactory - Found AspectJ method: public void com.hcc.riab.aspects.ControllerLoggingAspect.afterControllerMethod(org.aspectj.lang.JoinPoint)
12:57:00.487 [main] DEBUG o.s.b.f.s.DefaultListableBeanFactory - Eagerly caching bean &apos;entityManagerFactory&apos; to allow for resolving potential circular references
12:57:00.487 [main] DEBUG o.s.b.f.s.DefaultListableBeanFactory - Creating shared instance of singleton bean &apos;MySQLdataSource&apos;
12:57:00.487 [main] DEBUG o.s.b.f.s.DefaultListableBeanFactory - Creating instance of bean &apos;MySQLdataSource&apos;
12:57:00.487 [main] DEBUG o.s.b.f.s.DefaultListableBeanFactory - Eagerly caching bean &apos;MySQLdataSource&apos; to allow for resolving potential circular references
12:57:00.487 [main] INFO  o.s.j.d.DriverManagerDataSource - Loaded JDBC driver: com.mysql.jdbc.Driver
12:57:00.518 [main] DEBUG o.s.b.f.s.DefaultListableBeanFactory - Finished creating instance of bean &apos;MySQLdataSource&apos;
12:57:00.518 [main] DEBUG o.s.b.f.s.DefaultListableBeanFactory - Creating instance of bean &apos;org.springframework.orm.jpa.vendor.HibernateJpaVendorAdapter#1bcf67e8&apos;
12:57:00.534 [main] DEBUG o.s.b.f.s.DefaultListableBeanFactory - Finished creating instance of bean &apos;org.springframework.orm.jpa.vendor.HibernateJpaVendorAdapter#1bcf67e8&apos;
12:57:00.534 [main] DEBUG o.s.b.f.s.DefaultListableBeanFactory - Invoking afterPropertiesSet() on bean with name &apos;entityManagerFactory&apos;
12:57:00.534 [main] DEBUG o.s.c.i.s.PathMatchingResourcePatternResolver - Looking for matching resources in directory tree [D:\MyWorkspace\RIABPLM\target\classes\com\hcc\riab\model]
12:57:00.534 [main] DEBUG o.s.c.i.s.PathMatchingResourcePatternResolver - Searching directory [D:\MyWorkspace\RIABPLM\target\classes\com\hcc\riab\model] for files matching pattern [D:/MyWorkspace/RIABPLM/target/classes/com/hcc/riab/model/**/*.class]
12:57:00.534 [main] DEBUG o.s.c.i.s.PathMatchingResourcePatternResolver - Resolved location pattern [classpath*:com/hcc/riab/model/**/*.class] to resources [file [D:\MyWorkspace\RIABPLM\target\classes\com\hcc\riab\model\BaseClientDetails.class], file [D:\MyWorkspace\RIABPLM\target\classes\com\hcc\riab\model\ClientDetails.class], file [D:\MyWorkspace\RIABPLM\target\classes\com\hcc\riab\model\Product.class], file [D:\MyWorkspace\RIABPLM\target\classes\com\hcc\riab\model\ProductInfo.class], file [D:\MyWorkspace\RIABPLM\target\classes\com\hcc\riab\model\Users.class], file [D:\MyWorkspace\RIABPLM\target\classes\com\hcc\riab\model\WellIndex.class]]
12:57:00.534 [main] INFO  o.s.o.j.LocalContainerEntityManagerFactoryBean - Building JPA container EntityManagerFactory for persistence unit &apos;default&apos;
12:57:00.534 [main] DEBUG org.hibernate.type.BasicTypeRegistry - Adding type registration boolean -&gt; org.hibernate.type.BooleanType@6fa590ba
12:57:00.534 [main] DEBUG org.hibernate.type.BasicTypeRegistry - Adding type registration boolean -&gt; org.hibernate.type.BooleanType@6fa590ba
12:57:00.534 [main] DEBUG org.hibernate.type.BasicTypeRegistry - Adding type registration java.lang.Boolean -&gt; org.hibernate.type.BooleanType@6fa590ba
12:57:00.534 [main] DEBUG org.hibernate.type.BasicTypeRegistry - Adding type registration numeric_boolean -&gt; org.hibernate.type.NumericBooleanType@77307458
12:57:00.534 [main] DEBUG org.hibernate.type.BasicTypeRegistry - Adding type registration true_false -&gt; org.hibernate.type.TrueFalseType@209775a9
12:57:00.534 [main] DEBUG org.hibernate.type.BasicTypeRegistry - Adding type registration yes_no -&gt; org.hibernate.type.YesNoType@74cec793
12:57:00.534 [main] DEBUG org.hibernate.type.BasicTypeRegistry - Adding type registration byte -&gt; org.hibernate.type.ByteType@6b5176f2
12:57:00.534 [main] DEBUG org.hibernate.type.BasicTypeRegistry - Adding type registration byte -&gt; org.hibernate.type.ByteType@6b5176f2
12:57:00.534 [main] DEBUG org.hibernate.type.BasicTypeRegistry - Adding type registration java.lang.Byte -&gt; org.hibernate.type.ByteType@6b5176f2
12:57:00.534 [main] DEBUG org.hibernate.type.BasicTypeRegistry - Adding type registration character -&gt; org.hibernate.type.CharacterType@5cc69cfe
12:57:00.534 [main] DEBUG org.hibernate.type.BasicTypeRegistry - Adding type registration char -&gt; org.hibernate.type.CharacterType@5cc69cfe
12:57:00.534 [main] DEBUG org.hibernate.type.BasicTypeRegistry - Adding type registration java.lang.Character -&gt; org.hibernate.type.CharacterType@5cc69cfe
12:57:00.534 [main] DEBUG org.hibernate.type.BasicTypeRegistry - Adding type registration short -&gt; org.hibernate.type.ShortType@11acdc30
12:57:00.534 [main] DEBUG org.hibernate.type.BasicTypeRegistry - Adding type registration short -&gt; org.hibernate.type.ShortType@11acdc30
12:57:00.534 [main] DEBUG org.hibernate.type.BasicTypeRegistry - Adding type registration java.lang.Short -&gt; org.hibernate.type.ShortType@11acdc30
12:57:00.534 [main] DEBUG org.hibernate.type.BasicTypeRegistry - Adding type registration integer -&gt; org.hibernate.type.IntegerType@74bdc168
12:57:00.534 [main] DEBUG org.hibernate.type.BasicTypeRegistry - Adding type registration int -&gt; org.hibernate.type.IntegerType@74bdc168
12:57:00.534 [main] DEBUG org.hibernate.type.BasicTypeRegistry - Adding type registration java.lang.Integer -&gt; org.hibernate.type.IntegerType@74bdc168
12:57:00.534 [main] DEBUG org.hibernate.type.BasicTypeRegistry - Adding type registration long -&gt; org.hibernate.type.LongType@62923ee6
12:57:00.534 [main] DEBUG org.hibernate.type.BasicTypeRegistry - Adding type registration long -&gt; org.hibernate.type.LongType@62923ee6
12:57:00.534 [main] DEBUG org.hibernate.type.BasicTypeRegistry - Adding type registration java.lang.Long -&gt; org.hibernate.type.LongType@62923ee6
12:57:00.534 [main] DEBUG org.hibernate.type.BasicTypeRegistry - Adding type registration float -&gt; org.hibernate.type.FloatType@a1217f9
12:57:00.534 [main] DEBUG org.hibernate.type.BasicTypeRegistry - Adding type registration float -&gt; org.hibernate.type.FloatType@a1217f9
12:57:00.534 [main] DEBUG org.hibernate.type.BasicTypeRegistry - Adding type registration java.lang.Float -&gt; org.hibernate.type.FloatType@a1217f9
12:57:00.534 [main] DEBUG org.hibernate.type.BasicTypeRegistry - Adding type registration double -&gt; org.hibernate.type.DoubleType@754777cd
12:57:00.534 [main] DEBUG org.hibernate.type.BasicTypeRegistry - Adding type registration double -&gt; org.hibernate.type.DoubleType@754777cd
12:57:00.534 [main] DEBUG org.hibernate.type.BasicTypeRegistry - Adding type registration java.lang.Double -&gt; org.hibernate.type.DoubleType@754777cd
12:57:00.534 [main] DEBUG org.hibernate.type.BasicTypeRegistry - Adding type registration big_decimal -&gt; org.hibernate.type.BigDecimalType@7ef2d7a6
12:57:00.534 [main] DEBUG org.hibernate.type.BasicTypeRegistry - Adding type registration java.math.BigDecimal -&gt; org.hibernate.type.BigDecimalType@7ef2d7a6
12:57:00.534 [main] DEBUG org.hibernate.type.BasicTypeRegistry - Adding type registration big_integer -&gt; org.hibernate.type.BigIntegerType@299266e2
12:57:00.534 [main] DEBUG org.hibernate.type.BasicTypeRegistry - Adding type registration java.math.BigInteger -&gt; org.hibernate.type.BigIntegerType@299266e2
12:57:00.534 [main] DEBUG org.hibernate.type.BasicTypeRegistry - Adding type registration string -&gt; org.hibernate.type.StringType@66971f6b
12:57:00.534 [main] DEBUG org.hibernate.type.BasicTypeRegistry - Adding type registration java.lang.String -&gt; org.hibernate.type.StringType@66971f6b
12:57:00.534 [main] DEBUG org.hibernate.type.BasicTypeRegistry - Adding type registration nstring -&gt; org.hibernate.type.StringNVarcharType@5990e6c5
12:57:00.534 [main] DEBUG org.hibernate.type.BasicTypeRegistry - Adding type registration ncharacter -&gt; org.hibernate.type.CharacterNCharType@12cd9150
12:57:00.534 [main] DEBUG org.hibernate.type.BasicTypeRegistry - Adding type registration url -&gt; org.hibernate.type.UrlType@37eeec90
12:57:00.534 [main] DEBUG org.hibernate.type.BasicTypeRegistry - Adding type registration java.net.URL -&gt; org.hibernate.type.UrlType@37eeec90
12:57:00.534 [main] DEBUG org.hibernate.type.BasicTypeRegistry - Adding type registration date -&gt; org.hibernate.type.DateType@7caa550
12:57:00.534 [main] DEBUG org.hibernate.type.BasicTypeRegistry - Adding type registration java.sql.Date -&gt; org.hibernate.type.DateType@7caa550
12:57:00.534 [main] DEBUG org.hibernate.type.BasicTypeRegistry - Adding type registration time -&gt; org.hibernate.type.TimeType@32057e6
12:57:00.534 [main] DEBUG org.hibernate.type.BasicTypeRegistry - Adding type registration java.sql.Time -&gt; org.hibernate.type.TimeType@32057e6
12:57:00.534 [main] DEBUG org.hibernate.type.BasicTypeRegistry - Adding type registration timestamp -&gt; org.hibernate.type.TimestampType@782a4fff
12:57:00.534 [main] DEBUG org.hibernate.type.BasicTypeRegistry - Adding type registration java.sql.Timestamp -&gt; org.hibernate.type.TimestampType@782a4fff
12:57:00.534 [main] DEBUG org.hibernate.type.BasicTypeRegistry - Adding type registration java.util.Date -&gt; org.hibernate.type.TimestampType@782a4fff
12:57:00.534 [main] DEBUG org.hibernate.type.BasicTypeRegistry - Adding type registration dbtimestamp -&gt; org.hibernate.type.DbTimestampType@5ae81e1
12:57:00.534 [main] DEBUG org.hibernate.type.BasicTypeRegistry - Adding type registration calendar -&gt; org.hibernate.type.CalendarType@355e34c7
12:57:00.534 [main] DEBUG org.hibernate.type.BasicTypeRegistry - Adding type registration java.util.Calendar -&gt; org.hibernate.type.CalendarType@355e34c7
12:57:00.534 [main] DEBUG org.hibernate.type.BasicTypeRegistry - Adding type registration java.util.GregorianCalendar -&gt; org.hibernate.type.CalendarType@355e34c7
12:57:00.534 [main] DEBUG org.hibernate.type.BasicTypeRegistry - Adding type registration calendar_date -&gt; org.hibernate.type.CalendarDateType@24f360b2
12:57:00.534 [main] DEBUG org.hibernate.type.BasicTypeRegistry - Adding type registration locale -&gt; org.hibernate.type.LocaleType@54107f42
12:57:00.534 [main] DEBUG org.hibernate.type.BasicTypeRegistry - Adding type registration java.util.Locale -&gt; org.hibernate.type.LocaleType@54107f42
12:57:00.534 [main] DEBUG org.hibernate.type.BasicTypeRegistry - Adding type registration currency -&gt; org.hibernate.type.CurrencyType@2f2bf0e2
12:57:00.534 [main] DEBUG org.hibernate.type.BasicTypeRegistry - Adding type registration java.util.Currency -&gt; org.hibernate.type.CurrencyType@2f2bf0e2
12:57:00.534 [main] DEBUG org.hibernate.type.BasicTypeRegistry - Adding type registration timezone -&gt; org.hibernate.type.TimeZoneType@1a69561c
12:57:00.534 [main] DEBUG org.hibernate.type.BasicTypeRegistry - Adding type registration java.util.TimeZone -&gt; org.hibernate.type.TimeZoneType@1a69561c
12:57:00.534 [main] DEBUG org.hibernate.type.BasicTypeRegistry - Adding type registration class -&gt; org.hibernate.type.ClassType@138fe6ec
12:57:00.534 [main] DEBUG org.hibernate.type.BasicTypeRegistry - Adding type registration java.lang.Class -&gt; org.hibernate.type.ClassType@138fe6ec
12:57:00.534 [main] DEBUG org.hibernate.type.BasicTypeRegistry - Adding type registration uuid-binary -&gt; org.hibernate.type.UUIDBinaryType@7a138fc5
12:57:00.534 [main] DEBUG org.hibernate.type.BasicTypeRegistry - Adding type registration java.util.UUID -&gt; org.hibernate.type.UUIDBinaryType@7a138fc5
12:57:00.534 [main] DEBUG org.hibernate.type.BasicTypeRegistry - Adding type registration uuid-char -&gt; org.hibernate.type.UUIDCharType@4a9e6faf
12:57:00.534 [main] DEBUG org.hibernate.type.BasicTypeRegistry - Adding type registration pg-uuid -&gt; org.hibernate.type.PostgresUUIDType@7db534f2
12:57:00.534 [main] DEBUG org.hibernate.type.BasicTypeRegistry - Adding type registration binary -&gt; org.hibernate.type.BinaryType@2f4854d6
12:57:00.534 [main] DEBUG org.hibernate.type.BasicTypeRegistry - Adding type registration byte[] -&gt; org.hibernate.type.BinaryType@2f4854d6
12:57:00.534 [main] DEBUG org.hibernate.type.BasicTypeRegistry - Adding type registration [B -&gt; org.hibernate.type.BinaryType@2f4854d6
12:57:00.534 [main] DEBUG org.hibernate.type.BasicTypeRegistry - Adding type registration wrapper-binary -&gt; org.hibernate.type.WrapperBinaryType@43ed0ff3
12:57:00.534 [main] DEBUG org.hibernate.type.BasicTypeRegistry - Adding type registration Byte[] -&gt; org.hibernate.type.WrapperBinaryType@43ed0ff3
12:57:00.534 [main] DEBUG org.hibernate.type.BasicTypeRegistry - Adding type registration [Ljava.lang.Byte; -&gt; org.hibernate.type.WrapperBinaryType@43ed0ff3
12:57:00.534 [main] DEBUG org.hibernate.type.BasicTypeRegistry - Adding type registration image -&gt; org.hibernate.type.ImageType@2187fff7
12:57:00.534 [main] DEBUG org.hibernate.type.BasicTypeRegistry - Adding type registration characters -&gt; org.hibernate.type.CharArrayType@1eef9aef
12:57:00.534 [main] DEBUG org.hibernate.type.BasicTypeRegistry - Adding type registration char[] -&gt; org.hibernate.type.CharArrayType@1eef9aef
12:57:00.534 [main] DEBUG org.hibernate.type.BasicTypeRegistry - Adding type registration [C -&gt; org.hibernate.type.CharArrayType@1eef9aef
12:57:00.534 [main] DEBUG org.hibernate.type.BasicTypeRegistry - Adding type registration wrapper-characters -&gt; org.hibernate.type.CharacterArrayType@9f46d94
12:57:00.534 [main] DEBUG org.hibernate.type.BasicTypeRegistry - Adding type registration [Ljava.lang.Character; -&gt; org.hibernate.type.CharacterArrayType@9f46d94
12:57:00.534 [main] DEBUG org.hibernate.type.BasicTypeRegistry - Adding type registration Character[] -&gt; org.hibernate.type.CharacterArrayType@9f46d94
12:57:00.534 [main] DEBUG org.hibernate.type.BasicTypeRegistry - Adding type registration text -&gt; org.hibernate.type.TextType@7df587ef
12:57:00.534 [main] DEBUG org.hibernate.type.BasicTypeRegistry - Adding type registration ntext -&gt; org.hibernate.type.NTextType@560cbf1a
12:57:00.534 [main] DEBUG org.hibernate.type.BasicTypeRegistry - Adding type registration blob -&gt; org.hibernate.type.BlobType@61a002b1
12:57:00.534 [main] DEBUG org.hibernate.type.BasicTypeRegistry - Adding type registration java.sql.Blob -&gt; org.hibernate.type.BlobType@61a002b1
12:57:00.534 [main] DEBUG org.hibernate.type.BasicTypeRegistry - Adding type registration materialized_blob -&gt; org.hibernate.type.MaterializedBlobType@e24ddd0
12:57:00.534 [main] DEBUG org.hibernate.type.BasicTypeRegistry - Adding type registration clob -&gt; org.hibernate.type.ClobType@1b822fcc
12:57:00.534 [main] DEBUG org.hibernate.type.BasicTypeRegistry - Adding type registration java.sql.Clob -&gt; org.hibernate.type.ClobType@1b822fcc
12:57:00.534 [main] DEBUG org.hibernate.type.BasicTypeRegistry - Adding type registration nclob -&gt; org.hibernate.type.NClobType@5f7f2382
12:57:00.534 [main] DEBUG org.hibernate.type.BasicTypeRegistry - Adding type registration java.sql.NClob -&gt; org.hibernate.type.NClobType@5f7f2382
12:57:00.534 [main] DEBUG org.hibernate.type.BasicTypeRegistry - Adding type registration materialized_clob -&gt; org.hibernate.type.MaterializedClobType@46cc127b
12:57:00.534 [main] DEBUG org.hibernate.type.BasicTypeRegistry - Adding type registration materialized_nclob -&gt; org.hibernate.type.MaterializedNClobType@1c32886a
12:57:00.534 [main] DEBUG org.hibernate.type.BasicTypeRegistry - Adding type registration serializable -&gt; org.hibernate.type.SerializableType@579d011c
12:57:00.534 [main] DEBUG org.hibernate.type.BasicTypeRegistry - Adding type registration object -&gt; org.hibernate.type.ObjectType@aa22f1c
12:57:00.534 [main] DEBUG org.hibernate.type.BasicTypeRegistry - Adding type registration java.lang.Object -&gt; org.hibernate.type.ObjectType@aa22f1c
12:57:00.534 [main] DEBUG org.hibernate.type.BasicTypeRegistry - Adding type registration imm_date -&gt; org.hibernate.type.AdaptedImmutableType@67c277a0
12:57:00.534 [main] DEBUG org.hibernate.type.BasicTypeRegistry - Adding type registration imm_time -&gt; org.hibernate.type.AdaptedImmutableType@6fc3e1a4
12:57:00.534 [main] DEBUG org.hibernate.type.BasicTypeRegistry - Adding type registration imm_timestamp -&gt; org.hibernate.type.AdaptedImmutableType@3fa76c61
12:57:00.534 [main] DEBUG org.hibernate.type.BasicTypeRegistry - Adding type registration imm_dbtimestamp -&gt; org.hibernate.type.AdaptedImmutableType@2d5f7182
12:57:00.534 [main] DEBUG org.hibernate.type.BasicTypeRegistry - Adding type registration imm_calendar -&gt; org.hibernate.type.AdaptedImmutableType@59546cfe
12:57:00.534 [main] DEBUG org.hibernate.type.BasicTypeRegistry - Adding type registration imm_calendar_date -&gt; org.hibernate.type.AdaptedImmutableType@29ea78b1
12:57:00.534 [main] DEBUG org.hibernate.type.BasicTypeRegistry - Adding type registration imm_binary -&gt; org.hibernate.type.AdaptedImmutableType@2d2acd89
12:57:00.534 [main] DEBUG org.hibernate.type.BasicTypeRegistry - Adding type registration imm_serializable -&gt; org.hibernate.type.AdaptedImmutableType@7baf6acf
12:57:00.534 [main] DEBUG o.h.i.f.i.DefaultIdentifierGeneratorFactory - Registering IdentifierGenerator strategy [uuid2] -&gt; [org.hibernate.id.UUIDGenerator]
12:57:00.534 [main] DEBUG o.h.i.f.i.DefaultIdentifierGeneratorFactory - Registering IdentifierGenerator strategy [guid] -&gt; [org.hibernate.id.GUIDGenerator]
12:57:00.534 [main] DEBUG o.h.i.f.i.DefaultIdentifierGeneratorFactory - Registering IdentifierGenerator strategy [uuid] -&gt; [org.hibernate.id.UUIDHexGenerator]
12:57:00.534 [main] DEBUG o.h.i.f.i.DefaultIdentifierGeneratorFactory - Registering IdentifierGenerator strategy [uuid.hex] -&gt; [org.hibernate.id.UUIDHexGenerator]
12:57:00.534 [main] DEBUG o.h.i.f.i.DefaultIdentifierGeneratorFactory - Registering IdentifierGenerator strategy [hilo] -&gt; [org.hibernate.id.TableHiLoGenerator]
12:57:00.534 [main] DEBUG o.h.i.f.i.DefaultIdentifierGeneratorFactory - Registering IdentifierGenerator strategy [assigned] -&gt; [org.hibernate.id.Assigned]
12:57:00.534 [main] DEBUG o.h.i.f.i.DefaultIdentifierGeneratorFactory - Registering IdentifierGenerator strategy [identity] -&gt; [org.hibernate.id.IdentityGenerator]
12:57:00.534 [main] DEBUG o.h.i.f.i.DefaultIdentifierGeneratorFactory - Registering IdentifierGenerator strategy [select] -&gt; [org.hibernate.id.SelectGenerator]
12:57:00.534 [main] DEBUG o.h.i.f.i.DefaultIdentifierGeneratorFactory - Registering IdentifierGenerator strategy [sequence] -&gt; [org.hibernate.id.SequenceGenerator]
12:57:00.534 [main] DEBUG o.h.i.f.i.DefaultIdentifierGeneratorFactory - Registering IdentifierGenerator strategy [seqhilo] -&gt; [org.hibernate.id.SequenceHiLoGenerator]
12:57:00.534 [main] DEBUG o.h.i.f.i.DefaultIdentifierGeneratorFactory - Registering IdentifierGenerator strategy [increment] -&gt; [org.hibernate.id.IncrementGenerator]
12:57:00.534 [main] DEBUG o.h.i.f.i.DefaultIdentifierGeneratorFactory - Registering IdentifierGenerator strategy [foreign] -&gt; [org.hibernate.id.ForeignGenerator]
12:57:00.534 [main] DEBUG o.h.i.f.i.DefaultIdentifierGeneratorFactory - Registering IdentifierGenerator strategy [sequence-identity] -&gt; [org.hibernate.id.SequenceIdentityGenerator]
12:57:00.534 [main] DEBUG o.h.i.f.i.DefaultIdentifierGeneratorFactory - Registering IdentifierGenerator strategy [enhanced-sequence] -&gt; [org.hibernate.id.enhanced.SequenceStyleGenerator]
12:57:00.534 [main] DEBUG o.h.i.f.i.DefaultIdentifierGeneratorFactory - Registering IdentifierGenerator strategy [enhanced-table] -&gt; [org.hibernate.id.enhanced.TableGenerator]
12:57:00.534 [main] DEBUG org.hibernate.ejb.Ejb3Configuration - Processing PersistenceUnitInfo [
	name: default
	persistence provider classname: null
	classloader: sun.misc.Launcher$AppClassLoader@6bc7c054
	Temporary classloader: org.springframework.instrument.classloading.SimpleThrowawayClassLoader@1e6dad8
	excludeUnlistedClasses: true
	JTA datasource: null
	Non JTA datasource: org.springframework.jdbc.datasource.DriverManagerDataSource@7b3315a5
	Transaction type: RESOURCE_LOCAL
	PU root URL: file:/D:/MyWorkspace/RIABPLM/target/test-classes/
	Shared Cache Mode: UNSPECIFIED
	Validation Mode: AUTO
	Jar files URLs []
	Managed classes names [
		com.hcc.riab.model.ClientDetails
		com.hcc.riab.model.Product
		com.hcc.riab.model.WellIndex]
	Mapping files names []
	Properties []
12:57:00.534 [main] DEBUG org.hibernate.ejb.Ejb3Configuration - Detect class: true; detect hbm: true
12:57:00.534 [main] DEBUG o.h.ejb.packaging.AbstractJarVisitor - Searching mapped entities in jar/par: file:/D:/MyWorkspace/RIABPLM/target/test-classes/
12:57:00.534 [main] DEBUG o.h.ejb.packaging.AbstractJarVisitor - Filtering: com.hcc.riab.tests.HomeControllerTest
12:57:00.534 [main] DEBUG o.h.ejb.packaging.AbstractJarVisitor - Filtering: com.hcc.riab.tests.JournalMongoDBServiceIT$AjcClosure1
12:57:00.534 [main] DEBUG o.h.ejb.packaging.AbstractJarVisitor - Filtering: com.hcc.riab.tests.JournalMongoDBServiceIT$AjcClosure3
12:57:00.534 [main] DEBUG o.h.ejb.packaging.AbstractJarVisitor - Filtering: com.hcc.riab.tests.JournalMongoDBServiceIT
12:57:00.534 [main] DEBUG o.h.ejb.packaging.AbstractJarVisitor - Filtering: com.hcc.riab.tests.UserControllerTest
12:57:00.534 [main] DEBUG o.h.i.internal.IntegratorServiceImpl - Adding Integrator [org.hibernate.cfg.beanvalidation.BeanValidationIntegrator].
12:57:00.534 [main] DEBUG o.h.i.internal.IntegratorServiceImpl - Adding Integrator [org.hibernate.ejb.event.JpaIntegrator].
12:57:00.534 [main] DEBUG org.hibernate.ejb.util.NamingHelper - No JNDI name configured for binding Ejb3Configuration
12:57:00.534 [main] DEBUG org.hibernate.cfg.Configuration - Preparing to build session factory with filters : {}
12:57:00.534 [main] DEBUG org.hibernate.cfg.Configuration - Processing hbm.xml files
12:57:00.534 [main] DEBUG org.hibernate.cfg.Configuration - Process annotated classes
12:57:00.534 [main] DEBUG org.hibernate.cfg.AnnotationBinder - Binding entity from annotated class: com.hcc.riab.model.ClientDetails
12:57:00.534 [main] DEBUG org.hibernate.cfg.Ejb3Column - Binding column: Ejb3DiscriminatorColumn{logicalColumnName&apos;DTYPE&apos;, discriminatorTypeName=&apos;string&apos;}
12:57:00.534 [main] DEBUG o.h.cfg.annotations.EntityBinder - Import with entity name ClientDetails
12:57:00.534 [main] DEBUG o.h.cfg.annotations.EntityBinder - Bind entity com.hcc.riab.model.ClientDetails on table riab_client_details
12:57:00.549 [main] DEBUG org.hibernate.cfg.Ejb3Column - Binding column: Ejb3Column{table=org.hibernate.mapping.Table(riab_client_details), mappingColumn=id, insertable=true, updatable=true, unique=false}
12:57:00.549 [main] DEBUG o.h.cfg.annotations.PropertyBinder - MetadataSourceProcessor property id with lazy=false
12:57:00.549 [main] DEBUG o.h.c.annotations.SimpleValueBinder - building SimpleValue for id
12:57:00.549 [main] DEBUG o.h.cfg.annotations.PropertyBinder - Building property id
12:57:00.549 [main] DEBUG org.hibernate.cfg.Ejb3Column - Binding column: Ejb3Column{table=org.hibernate.mapping.Table(riab_client_details), mappingColumn=access_token_validity, insertable=true, updatable=true, unique=false}
12:57:00.549 [main] DEBUG o.h.cfg.annotations.PropertyBinder - MetadataSourceProcessor property accessTokenValiditySeconds with lazy=false
12:57:00.549 [main] DEBUG o.h.c.annotations.SimpleValueBinder - building SimpleValue for accessTokenValiditySeconds
12:57:00.549 [main] DEBUG o.h.cfg.annotations.PropertyBinder - Building property accessTokenValiditySeconds
12:57:00.549 [main] DEBUG org.hibernate.cfg.Ejb3Column - Binding column: Ejb3Column{table=org.hibernate.mapping.Table(riab_client_details), mappingColumn=additional_information, insertable=true, updatable=true, unique=false}
12:57:00.549 [main] DEBUG o.h.cfg.annotations.PropertyBinder - MetadataSourceProcessor property additionalInformation with lazy=false
12:57:00.549 [main] DEBUG o.h.c.annotations.SimpleValueBinder - building SimpleValue for additionalInformation
12:57:00.549 [main] DEBUG o.h.cfg.annotations.PropertyBinder - Building property additionalInformation
12:57:00.549 [main] DEBUG org.hibernate.cfg.Ejb3Column - Binding column: Ejb3Column{table=org.hibernate.mapping.Table(riab_client_details), mappingColumn=authorities, insertable=true, updatable=true, unique=false}
12:57:00.549 [main] DEBUG o.h.cfg.annotations.PropertyBinder - MetadataSourceProcessor property authorities with lazy=false
12:57:00.549 [main] DEBUG o.h.c.annotations.SimpleValueBinder - building SimpleValue for authorities
12:57:00.549 [main] DEBUG o.h.cfg.annotations.PropertyBinder - Building property authorities
12:57:00.549 [main] DEBUG org.hibernate.cfg.Ejb3Column - Binding column: Ejb3Column{table=org.hibernate.mapping.Table(riab_client_details), mappingColumn=authorized_grant_types, insertable=true, updatable=true, unique=false}
12:57:00.549 [main] DEBUG o.h.cfg.annotations.PropertyBinder - MetadataSourceProcessor property authorizedGrantTypes with lazy=false
12:57:00.549 [main] DEBUG o.h.c.annotations.SimpleValueBinder - building SimpleValue for authorizedGrantTypes
12:57:00.549 [main] DEBUG o.h.cfg.annotations.PropertyBinder - Building property authorizedGrantTypes
12:57:00.549 [main] DEBUG org.hibernate.cfg.Ejb3Column - Binding column: Ejb3Column{table=org.hibernate.mapping.Table(riab_client_details), mappingColumn=autoapprove, insertable=true, updatable=true, unique=false}
12:57:00.549 [main] DEBUG o.h.cfg.annotations.PropertyBinder - MetadataSourceProcessor property autoApproveScopes with lazy=false
12:57:00.549 [main] DEBUG o.h.c.annotations.SimpleValueBinder - building SimpleValue for autoApproveScopes
12:57:00.549 [main] DEBUG o.h.cfg.annotations.PropertyBinder - Building property autoApproveScopes
12:57:00.549 [main] DEBUG org.hibernate.cfg.Ejb3Column - Binding column: Ejb3Column{table=org.hibernate.mapping.Table(riab_client_details), mappingColumn=client_id, insertable=true, updatable=true, unique=false}
12:57:00.549 [main] DEBUG o.h.cfg.annotations.PropertyBinder - MetadataSourceProcessor property clientId with lazy=false
12:57:00.549 [main] DEBUG o.h.c.annotations.SimpleValueBinder - building SimpleValue for clientId
12:57:00.549 [main] DEBUG o.h.cfg.annotations.PropertyBinder - Building property clientId
12:57:00.549 [main] DEBUG org.hibernate.cfg.Ejb3Column - Binding column: Ejb3Column{table=org.hibernate.mapping.Table(riab_client_details), mappingColumn=client_secret, insertable=true, updatable=true, unique=false}
12:57:00.549 [main] DEBUG o.h.cfg.annotations.PropertyBinder - MetadataSourceProcessor property clientSecret with lazy=false
12:57:00.549 [main] DEBUG o.h.c.annotations.SimpleValueBinder - building SimpleValue for clientSecret
12:57:00.549 [main] DEBUG o.h.cfg.annotations.PropertyBinder - Building property clientSecret
12:57:00.549 [main] DEBUG org.hibernate.cfg.Ejb3Column - Binding column: Ejb3Column{table=org.hibernate.mapping.Table(riab_client_details), mappingColumn=createdBy, insertable=true, updatable=true, unique=false}
12:57:00.549 [main] DEBUG o.h.cfg.annotations.PropertyBinder - MetadataSourceProcessor property createdBy with lazy=false
12:57:00.549 [main] DEBUG o.h.c.annotations.SimpleValueBinder - building SimpleValue for createdBy
12:57:00.549 [main] DEBUG o.h.cfg.annotations.PropertyBinder - Building property createdBy
12:57:00.549 [main] DEBUG org.hibernate.cfg.Ejb3Column - Binding column: Ejb3Column{table=org.hibernate.mapping.Table(riab_client_details), mappingColumn=createdDate, insertable=true, updatable=true, unique=false}
12:57:00.549 [main] DEBUG o.h.cfg.annotations.PropertyBinder - MetadataSourceProcessor property createdDate with lazy=false
12:57:00.549 [main] DEBUG o.h.c.annotations.SimpleValueBinder - building SimpleValue for createdDate
12:57:00.549 [main] DEBUG o.h.cfg.annotations.PropertyBinder - Building property createdDate
12:57:00.549 [main] DEBUG org.hibernate.cfg.Ejb3Column - Binding column: Ejb3Column{table=org.hibernate.mapping.Table(riab_client_details), mappingColumn=endDate, insertable=true, updatable=true, unique=false}
12:57:00.549 [main] DEBUG o.h.cfg.annotations.PropertyBinder - MetadataSourceProcessor property endDate with lazy=false
12:57:00.549 [main] DEBUG o.h.c.annotations.SimpleValueBinder - building SimpleValue for endDate
12:57:00.549 [main] DEBUG o.h.cfg.annotations.PropertyBinder - Building property endDate
12:57:00.549 [main] DEBUG org.hibernate.cfg.Ejb3Column - Binding column: Ejb3Column{table=org.hibernate.mapping.Table(riab_client_details), mappingColumn=refresh_token_validity, insertable=true, updatable=true, unique=false}
12:57:00.549 [main] DEBUG o.h.cfg.annotations.PropertyBinder - MetadataSourceProcessor property refreshTokenValiditySeconds with lazy=false
12:57:00.549 [main] DEBUG o.h.c.annotations.SimpleValueBinder - building SimpleValue for refreshTokenValiditySeconds
12:57:00.549 [main] DEBUG o.h.cfg.annotations.PropertyBinder - Building property refreshTokenValiditySeconds
12:57:00.549 [main] DEBUG org.hibernate.cfg.Ejb3Column - Binding column: Ejb3Column{table=org.hibernate.mapping.Table(riab_client_details), mappingColumn=redirect_uri, insertable=true, updatable=true, unique=false}
12:57:00.549 [main] DEBUG o.h.cfg.annotations.PropertyBinder - MetadataSourceProcessor property registeredRedirectUris with lazy=false
12:57:00.549 [main] DEBUG o.h.c.annotations.SimpleValueBinder - building SimpleValue for registeredRedirectUris
12:57:00.549 [main] DEBUG o.h.cfg.annotations.PropertyBinder - Building property registeredRedirectUris
12:57:00.549 [main] DEBUG org.hibernate.cfg.Ejb3Column - Binding column: Ejb3Column{table=org.hibernate.mapping.Table(riab_client_details), mappingColumn=resource_ids, insertable=true, updatable=true, unique=false}
12:57:00.549 [main] DEBUG o.h.cfg.annotations.PropertyBinder - MetadataSourceProcessor property resourceIds with lazy=false
12:57:00.549 [main] DEBUG o.h.c.annotations.SimpleValueBinder - building SimpleValue for resourceIds
12:57:00.549 [main] DEBUG o.h.cfg.annotations.PropertyBinder - Building property resourceIds
12:57:00.549 [main] DEBUG org.hibernate.cfg.Ejb3Column - Binding column: Ejb3Column{table=org.hibernate.mapping.Table(riab_client_details), mappingColumn=scope, insertable=true, updatable=true, unique=false}
12:57:00.549 [main] DEBUG o.h.cfg.annotations.PropertyBinder - MetadataSourceProcessor property scope with lazy=false
12:57:00.549 [main] DEBUG o.h.c.annotations.SimpleValueBinder - building SimpleValue for scope
12:57:00.549 [main] DEBUG o.h.cfg.annotations.PropertyBinder - Building property scope
12:57:00.549 [main] DEBUG org.hibernate.cfg.Ejb3Column - Binding column: Ejb3Column{table=org.hibernate.mapping.Table(riab_client_details), mappingColumn=startDate, insertable=true, updatable=true, unique=false}
12:57:00.549 [main] DEBUG o.h.cfg.annotations.PropertyBinder - MetadataSourceProcessor property startDate with lazy=false
12:57:00.549 [main] DEBUG o.h.c.annotations.SimpleValueBinder - building SimpleValue for startDate
12:57:00.549 [main] DEBUG o.h.cfg.annotations.PropertyBinder - Building property startDate
12:57:00.549 [main] DEBUG org.hibernate.cfg.AnnotationBinder - Binding entity from annotated class: com.hcc.riab.model.Product
12:57:00.549 [main] DEBUG org.hibernate.cfg.Ejb3Column - Binding column: Ejb3DiscriminatorColumn{logicalColumnName&apos;DTYPE&apos;, discriminatorTypeName=&apos;string&apos;}
12:57:00.549 [main] DEBUG o.h.cfg.annotations.EntityBinder - Import with entity name Product
12:57:00.549 [main] DEBUG o.h.cfg.annotations.EntityBinder - Bind entity com.hcc.riab.model.Product on table Product
12:57:00.549 [main] DEBUG org.hibernate.cfg.Ejb3Column - Binding column: Ejb3Column{table=org.hibernate.mapping.Table(Product), mappingColumn=id, insertable=true, updatable=true, unique=false}
12:57:00.549 [main] DEBUG o.h.cfg.annotations.PropertyBinder - MetadataSourceProcessor property id with lazy=false
12:57:00.549 [main] DEBUG o.h.c.annotations.SimpleValueBinder - building SimpleValue for id
12:57:00.549 [main] DEBUG o.h.cfg.annotations.PropertyBinder - Building property id
12:57:00.549 [main] DEBUG org.hibernate.cfg.Ejb3Column - Binding column: Ejb3Column{table=org.hibernate.mapping.Table(Product), mappingColumn=productInfo, insertable=true, updatable=true, unique=false}
12:57:00.549 [main] DEBUG o.h.cfg.annotations.PropertyBinder - MetadataSourceProcessor property productInfo with lazy=false
12:57:00.549 [main] DEBUG o.h.c.annotations.SimpleValueBinder - building SimpleValue for productInfo
12:57:00.549 [main] DEBUG o.h.cfg.annotations.PropertyBinder - Building property productInfo
12:57:00.549 [main] DEBUG org.hibernate.cfg.AnnotationBinder - Binding entity from annotated class: com.hcc.riab.model.WellIndex
12:57:00.549 [main] DEBUG org.hibernate.cfg.Ejb3Column - Binding column: Ejb3DiscriminatorColumn{logicalColumnName&apos;DTYPE&apos;, discriminatorTypeName=&apos;string&apos;}
12:57:00.549 [main] DEBUG o.h.cfg.annotations.EntityBinder - Import with entity name WellIndex
12:57:00.549 [main] DEBUG o.h.cfg.annotations.EntityBinder - Bind entity com.hcc.riab.model.WellIndex on table Well_index
12:57:00.549 [main] DEBUG org.hibernate.cfg.Ejb3Column - Binding column: Ejb3Column{table=org.hibernate.mapping.Table(Well_index), mappingColumn=APINo, insertable=true, updatable=true, unique=false}
12:57:00.549 [main] DEBUG o.h.cfg.annotations.PropertyBinder - MetadataSourceProcessor property APINo with lazy=false
12:57:00.549 [main] DEBUG o.h.c.annotations.SimpleValueBinder - building SimpleValue for APINo
12:57:00.549 [main] DEBUG o.h.cfg.annotations.PropertyBinder - Building property APINo
12:57:00.549 [main] DEBUG org.hibernate.cfg.Ejb3Column - Binding column: Ejb3Column{table=org.hibernate.mapping.Table(Well_index), mappingColumn=countyName, insertable=true, updatable=true, unique=false}
12:57:00.549 [main] DEBUG o.h.cfg.annotations.PropertyBinder - MetadataSourceProcessor property countyName with lazy=false
12:57:00.549 [main] DEBUG o.h.c.annotations.SimpleValueBinder - building SimpleValue for countyName
12:57:00.549 [main] DEBUG o.h.cfg.annotations.PropertyBinder - Building property countyName
12:57:00.549 [main] DEBUG org.hibernate.cfg.Ejb3Column - Binding column: Ejb3Column{table=org.hibernate.mapping.Table(Well_index), mappingColumn=currentOperator, insertable=true, updatable=true, unique=false}
12:57:00.549 [main] DEBUG o.h.cfg.annotations.PropertyBinder - MetadataSourceProcessor property currentOperator with lazy=false
12:57:00.549 [main] DEBUG o.h.c.annotations.SimpleValueBinder - building SimpleValue for currentOperator
12:57:00.549 [main] DEBUG o.h.cfg.annotations.PropertyBinder - Building property currentOperator
12:57:00.549 [main] DEBUG org.hibernate.cfg.Ejb3Column - Binding column: Ejb3Column{table=org.hibernate.mapping.Table(Well_index), mappingColumn=fileNo, insertable=true, updatable=true, unique=false}
12:57:00.565 [main] DEBUG o.h.cfg.annotations.PropertyBinder - MetadataSourceProcessor property fileNo with lazy=false
12:57:00.565 [main] DEBUG o.h.c.annotations.SimpleValueBinder - building SimpleValue for fileNo
12:57:00.565 [main] DEBUG o.h.cfg.annotations.PropertyBinder - Building property fileNo
12:57:00.565 [main] DEBUG org.hibernate.cfg.Ejb3Column - Binding column: Ejb3Column{table=org.hibernate.mapping.Table(Well_index), mappingColumn=wellType, insertable=true, updatable=true, unique=false}
12:57:00.565 [main] DEBUG o.h.cfg.annotations.PropertyBinder - MetadataSourceProcessor property wellType with lazy=false
12:57:00.565 [main] DEBUG o.h.c.annotations.SimpleValueBinder - building SimpleValue for wellType
12:57:00.565 [main] DEBUG o.h.cfg.annotations.PropertyBinder - Building property wellType
12:57:00.565 [main] DEBUG o.h.c.annotations.SimpleValueBinder - Setting SimpleValue typeName for id
12:57:00.565 [main] DEBUG o.h.c.annotations.SimpleValueBinder - Setting SimpleValue typeName for accessTokenValiditySeconds
12:57:00.565 [main] DEBUG o.h.c.annotations.SimpleValueBinder - Setting SimpleValue typeName for additionalInformation
12:57:00.565 [main] DEBUG o.h.c.annotations.SimpleValueBinder - Setting SimpleValue typeName for authorities
12:57:00.565 [main] DEBUG o.h.c.annotations.SimpleValueBinder - Setting SimpleValue typeName for authorizedGrantTypes
12:57:00.565 [main] DEBUG o.h.c.annotations.SimpleValueBinder - Setting SimpleValue typeName for autoApproveScopes
12:57:00.565 [main] DEBUG o.h.c.annotations.SimpleValueBinder - Setting SimpleValue typeName for clientId
12:57:00.565 [main] DEBUG o.h.c.annotations.SimpleValueBinder - Setting SimpleValue typeName for clientSecret
12:57:00.565 [main] DEBUG o.h.c.annotations.SimpleValueBinder - Setting SimpleValue typeName for createdBy
12:57:00.565 [main] DEBUG o.h.c.annotations.SimpleValueBinder - Setting SimpleValue typeName for createdDate
12:57:00.565 [main] DEBUG o.h.c.annotations.SimpleValueBinder - Setting SimpleValue typeName for endDate
12:57:00.565 [main] DEBUG o.h.c.annotations.SimpleValueBinder - Setting SimpleValue typeName for refreshTokenValiditySeconds
12:57:00.565 [main] DEBUG o.h.c.annotations.SimpleValueBinder - Setting SimpleValue typeName for registeredRedirectUris
12:57:00.565 [main] DEBUG o.h.c.annotations.SimpleValueBinder - Setting SimpleValue typeName for resourceIds
12:57:00.565 [main] DEBUG o.h.c.annotations.SimpleValueBinder - Setting SimpleValue typeName for scope
12:57:00.565 [main] DEBUG o.h.c.annotations.SimpleValueBinder - Setting SimpleValue typeName for startDate
12:57:00.565 [main] DEBUG o.h.c.annotations.SimpleValueBinder - Setting SimpleValue typeName for id
12:57:00.565 [main] DEBUG o.h.c.annotations.SimpleValueBinder - Setting SimpleValue typeName for productInfo
12:57:00.565 [main] DEBUG o.h.c.annotations.SimpleValueBinder - Setting SimpleValue typeName for APINo
12:57:00.565 [main] DEBUG o.h.c.annotations.SimpleValueBinder - Setting SimpleValue typeName for countyName
12:57:00.565 [main] DEBUG o.h.c.annotations.SimpleValueBinder - Setting SimpleValue typeName for currentOperator
12:57:00.565 [main] DEBUG o.h.c.annotations.SimpleValueBinder - Setting SimpleValue typeName for fileNo
12:57:00.565 [main] DEBUG o.h.c.annotations.SimpleValueBinder - Setting SimpleValue typeName for wellType
12:57:00.565 [main] DEBUG org.hibernate.cfg.Configuration - Processing fk mappings (*ToOne and JoinedSubclass)
12:57:00.565 [main] DEBUG org.hibernate.cfg.Configuration - Processing extends queue
12:57:00.565 [main] DEBUG org.hibernate.cfg.Configuration - Processing extends queue
12:57:00.565 [main] DEBUG org.hibernate.cfg.Configuration - Processing collection mappings
12:57:00.565 [main] DEBUG org.hibernate.cfg.Configuration - Processing native query and ResultSetMapping mappings
12:57:00.565 [main] DEBUG org.hibernate.cfg.Configuration - Processing association property references
12:57:00.565 [main] DEBUG org.hibernate.cfg.Configuration - Creating tables&apos; unique integer identifiers
12:57:00.565 [main] DEBUG org.hibernate.cfg.Configuration - Processing foreign key constraints
12:57:00.565 [main] DEBUG o.s.b.f.s.DefaultListableBeanFactory - Retrieved dependent beans for bean &apos;org.springframework.orm.jpa.vendor.HibernateJpaVendorAdapter#1bcf67e8&apos;: [entityManagerFactory]
12:57:00.565 [main] WARN  o.s.c.s.GenericApplicationContext - Exception encountered during context initialization - cancelling refresh attempt
org.springframework.beans.factory.BeanCreationException: Error creating bean with name &apos;entityManagerFactory&apos; defined in URL [file:src/main/resources/applicationContext.xml]: Invocation of init method failed; nested exception is javax.persistence.PersistenceException: [PersistenceUnit: default] Unable to build EntityManagerFactory
	at org.springframework.beans.factory.support.AbstractAutowireCapableBeanFactory.initializeBean(AbstractAutowireCapableBeanFactory.java:1574) ~[spring-beans-4.1.7.RELEASE.jar:4.1.7.RELEASE]
	at org.springframework.beans.factory.support.AbstractAutowireCapableBeanFactory.doCreateBean(AbstractAutowireCapableBeanFactory.java:539) ~[spring-beans-4.1.7.RELEASE.jar:4.1.7.RELEASE]
	at org.springframework.beans.factory.support.AbstractAutowireCapableBeanFactory.createBean(AbstractAutowireCapableBeanFactory.java:476) ~[spring-beans-4.1.7.RELEASE.jar:4.1.7.RELEASE]
	at org.springframework.beans.factory.support.AbstractBeanFactory$1.getObject(AbstractBeanFactory.java:303) ~[spring-beans-4.1.7.RELEASE.jar:4.1.7.RELEASE]
	at org.springframework.beans.factory.support.DefaultSingletonBeanRegistry.getSingleton(DefaultSingletonBeanRegistry.java:230) ~[spring-beans-4.1.7.RELEASE.jar:4.1.7.RELEASE]
	at org.springframework.beans.factory.support.AbstractBeanFactory.doGetBean(AbstractBeanFactory.java:299) ~[spring-beans-4.1.7.RELEASE.jar:4.1.7.RELEASE]
	at org.springframework.beans.factory.support.AbstractBeanFactory.getBean(AbstractBeanFactory.java:194) ~[spring-beans-4.1.7.RELEASE.jar:4.1.7.RELEASE]
	at org.springframework.context.support.AbstractApplicationContext.getBean(AbstractApplicationContext.java:956) ~[spring-context-4.1.7.RELEASE.jar:4.1.7.RELEASE]
	at org.springframework.context.support.AbstractApplicationContext.finishBeanFactoryInitialization(AbstractApplicationContext.java:747) ~[spring-context-4.1.7.RELEASE.jar:4.1.7.RELEASE]
	at org.springframework.context.support.AbstractApplicationContext.refresh(AbstractApplicationContext.java:480) ~[spring-context-4.1.7.RELEASE.jar:4.1.7.RELEASE]
	at org.springframework.test.context.support.AbstractGenericContextLoader.loadContext(AbstractGenericContextLoader.java:125) [spring-test-4.1.7.RELEASE.jar:4.1.7.RELEASE]
	at org.springframework.test.context.support.AbstractGenericContextLoader.loadContext(AbstractGenericContextLoader.java:60) [spring-test-4.1.7.RELEASE.jar:4.1.7.RELEASE]
	at org.springframework.test.context.support.AbstractDelegatingSmartContextLoader.delegateLoading(AbstractDelegatingSmartContextLoader.java:109) [spring-test-4.1.7.RELEASE.jar:4.1.7.RELEASE]
	at org.springframework.test.context.support.AbstractDelegatingSmartContextLoader.loadContext(AbstractDelegatingSmartContextLoader.java:261) [spring-test-4.1.7.RELEASE.jar:4.1.7.RELEASE]
	at org.springframework.test.context.DefaultCacheAwareContextLoaderDelegate.loadContextInternal(DefaultCacheAwareContextLoaderDelegate.java:68) [spring-test-4.1.7.RELEASE.jar:4.1.7.RELEASE]
	at org.springframework.test.context.DefaultCacheAwareContextLoaderDelegate.loadContext(DefaultCacheAwareContextLoaderDelegate.java:86) [spring-test-4.1.7.RELEASE.jar:4.1.7.RELEASE]
	at org.springframework.test.context.DefaultTestContext.getApplicationContext(DefaultTestContext.java:72) [spring-test-4.1.7.RELEASE.jar:4.1.7.RELEASE]
	at org.springframework.test.context.support.DependencyInjectionTestExecutionListener.injectDependencies(DependencyInjectionTestExecutionListener.java:117) [spring-test-4.1.7.RELEASE.jar:4.1.7.RELEASE]
	at org.springframework.test.context.support.DependencyInjectionTestExecutionListener.prepareTestInstance(DependencyInjectionTestExecutionListener.java:83) [spring-test-4.1.7.RELEASE.jar:4.1.7.RELEASE]
	at org.springframework.test.context.TestContextManager.prepareTestInstance(TestContextManager.java:212) [spring-test-4.1.7.RELEASE.jar:4.1.7.RELEASE]
	at org.springframework.test.context.junit4.SpringJUnit4ClassRunner.createTest(SpringJUnit4ClassRunner.java:200) [spring-test-4.1.7.RELEASE.jar:4.1.7.RELEASE]
	at org.springframework.test.context.junit4.SpringJUnit4ClassRunner$1.runReflectiveCall(SpringJUnit4ClassRunner.java:259) [spring-test-4.1.7.RELEASE.jar:4.1.7.RELEASE]
	at org.junit.internal.runners.model.ReflectiveCallable.run(ReflectiveCallable.java:12) [junit-4.11.jar:na]
	at org.springframework.test.context.junit4.SpringJUnit4ClassRunner.methodBlock(SpringJUnit4ClassRunner.java:261) [spring-test-4.1.7.RELEASE.jar:4.1.7.RELEASE]
	at org.springframework.test.context.junit4.SpringJUnit4ClassRunner.runChild(SpringJUnit4ClassRunner.java:219) [spring-test-4.1.7.RELEASE.jar:4.1.7.RELEASE]
	at org.springframework.test.context.junit4.SpringJUnit4ClassRunner.runChild(SpringJUnit4ClassRunner.java:83) [spring-test-4.1.7.RELEASE.jar:4.1.7.RELEASE]
	at org.junit.runners.ParentRunner$3.run(ParentRunner.java:238) [junit-4.11.jar:na]
	at org.junit.runners.ParentRunner$1.schedule(ParentRunner.java:63) [junit-4.11.jar:na]
	at org.junit.runners.ParentRunner.runChildren(ParentRunner.java:236) [junit-4.11.jar:na]
	at org.junit.runners.ParentRunner.access$000(ParentRunner.java:53) [junit-4.11.jar:na]
	at org.junit.runners.ParentRunner$2.evaluate(ParentRunner.java:229) [junit-4.11.jar:na]
	at org.springframework.test.context.junit4.statements.RunBeforeTestClassCallbacks.evaluate(RunBeforeTestClassCallbacks.java:61) [spring-test-4.1.7.RELEASE.jar:4.1.7.RELEASE]
	at org.springframework.test.context.junit4.statements.RunAfterTestClassCallbacks.evaluate(RunAfterTestClassCallbacks.java:68) [spring-test-4.1.7.RELEASE.jar:4.1.7.RELEASE]
	at org.junit.runners.ParentRunner.run(ParentRunner.java:309) [junit-4.11.jar:na]
	at org.springframework.test.context.junit4.SpringJUnit4ClassRunner.run(SpringJUnit4ClassRunner.java:163) [spring-test-4.1.7.RELEASE.jar:4.1.7.RELEASE]
	at org.apache.maven.surefire.junit4.JUnit4Provider.execute(JUnit4Provider.java:252) [surefire-junit4-2.12.4.jar:2.12.4]
	at org.apache.maven.surefire.junit4.JUnit4Provider.executeTestSet(JUnit4Provider.java:141) [surefire-junit4-2.12.4.jar:2.12.4]
	at org.apache.maven.surefire.junit4.JUnit4Provider.invoke(JUnit4Provider.java:112) [surefire-junit4-2.12.4.jar:2.12.4]
	at sun.reflect.NativeMethodAccessorImpl.invoke0(Native Method) ~[na:1.8.0_25]
	at sun.reflect.NativeMethodAccessorImpl.invoke(NativeMethodAccessorImpl.java:62) ~[na:1.8.0_25]
	at sun.reflect.DelegatingMethodAccessorImpl.invoke(DelegatingMethodAccessorImpl.java:43) ~[na:1.8.0_25]
	at java.lang.reflect.Method.invoke(Method.java:483) ~[na:1.8.0_25]
	at org.apache.maven.surefire.util.ReflectionUtils.invokeMethodWithArray(ReflectionUtils.java:189) [surefire-api-2.12.4.jar:2.12.4]
	at org.apache.maven.surefire.booter.ProviderFactory$ProviderProxy.invoke(ProviderFactory.java:165) [surefire-booter-2.12.4.jar:2.12.4]
	at org.apache.maven.surefire.booter.ProviderFactory.invokeProvider(ProviderFactory.java:85) [surefire-booter-2.12.4.jar:2.12.4]
	at org.apache.maven.surefire.booter.ForkedBooter.runSuitesInProcess(ForkedBooter.java:115) [surefire-booter-2.12.4.jar:2.12.4]
	at org.apache.maven.surefire.booter.ForkedBooter.main(ForkedBooter.java:75) [surefire-booter-2.12.4.jar:2.12.4]
Caused by: javax.persistence.PersistenceException: [PersistenceUnit: default] Unable to build EntityManagerFactory
	at org.hibernate.ejb.Ejb3Configuration.buildEntityManagerFactory(Ejb3Configuration.java:923) ~[hibernate-entitymanager-4.2.1.Final.jar:4.2.1.Final]
	at org.hibernate.ejb.Ejb3Configuration.buildEntityManagerFactory(Ejb3Configuration.java:898) ~[hibernate-entitymanager-4.2.1.Final.jar:4.2.1.Final]
	at org.springframework.orm.jpa.vendor.SpringHibernateEjbPersistenceProvider.createContainerEntityManagerFactory(SpringHibernateEjbPersistenceProvider.java:51) ~[spring-orm-4.1.7.RELEASE.jar:4.1.7.RELEASE]
	at org.springframework.orm.jpa.LocalContainerEntityManagerFactoryBean.createNativeEntityManagerFactory(LocalContainerEntityManagerFactoryBean.java:343) ~[spring-orm-4.1.7.RELEASE.jar:4.1.7.RELEASE]
	at org.springframework.orm.jpa.AbstractEntityManagerFactoryBean.afterPropertiesSet(AbstractEntityManagerFactoryBean.java:318) ~[spring-orm-4.1.7.RELEASE.jar:4.1.7.RELEASE]
	at org.springframework.beans.factory.support.AbstractAutowireCapableBeanFactory.invokeInitMethods(AbstractAutowireCapableBeanFactory.java:1633) ~[spring-beans-4.1.7.RELEASE.jar:4.1.7.RELEASE]
	at org.springframework.beans.factory.support.AbstractAutowireCapableBeanFactory.initializeBean(AbstractAutowireCapableBeanFactory.java:1570) ~[spring-beans-4.1.7.RELEASE.jar:4.1.7.RELEASE]
	... 46 common frames omitted
Caused by: org.hibernate.MappingException: Could not determine type for: com.hcc.riab.model.ProductInfo, at table: Product, for columns: [org.hibernate.mapping.Column(productInfo)]
	at org.hibernate.mapping.SimpleValue.getType(SimpleValue.java:314) ~[hibernate-core-4.2.1.Final.jar:4.2.1.Final]
	at org.hibernate.mapping.SimpleValue.isValid(SimpleValue.java:292) ~[hibernate-core-4.2.1.Final.jar:4.2.1.Final]
	at org.hibernate.mapping.Property.isValid(Property.java:239) ~[hibernate-core-4.2.1.Final.jar:4.2.1.Final]
	at org.hibernate.mapping.PersistentClass.validate(PersistentClass.java:469) ~[hibernate-core-4.2.1.Final.jar:4.2.1.Final]
	at org.hibernate.mapping.RootClass.validate(RootClass.java:270) ~[hibernate-core-4.2.1.Final.jar:4.2.1.Final]
	at org.hibernate.cfg.Configuration.validate(Configuration.java:1296) ~[hibernate-core-4.2.1.Final.jar:4.2.1.Final]
	at org.hibernate.cfg.Configuration.buildSessionFactory(Configuration.java:1752) ~[hibernate-core-4.2.1.Final.jar:4.2.1.Final]
	at org.hibernate.ejb.EntityManagerFactoryImpl.&lt;init&gt;(EntityManagerFactoryImpl.java:96) ~[hibernate-entitymanager-4.2.1.Final.jar:4.2.1.Final]
	at org.hibernate.ejb.Ejb3Configuration.buildEntityManagerFactory(Ejb3Configuration.java:913) ~[hibernate-entitymanager-4.2.1.Final.jar:4.2.1.Final]
	... 52 common frames omitted
12:57:00.565 [main] DEBUG o.s.b.f.s.DefaultListableBeanFactory - Destroying singletons in org.springframework.beans.factory.support.DefaultListableBeanFactory@4349754: defining beans [mvcContentNegotiationManager,org.springframework.web.servlet.mvc.method.annotation.RequestMappingHandlerMapping#0,org.springframework.format.support.FormattingConversionServiceFactoryBean#0,org.springframework.web.servlet.mvc.method.annotation.RequestMappingHandlerAdapter#0,mvcUriComponentsContributor,org.springframework.web.servlet.handler.MappedInterceptor#0,org.springframework.web.servlet.mvc.method.annotation.ExceptionHandlerExceptionResolver#0,org.springframework.web.servlet.mvc.annotation.ResponseStatusExceptionResolver#0,org.springframework.web.servlet.mvc.support.DefaultHandlerExceptionResolver#0,org.springframework.web.servlet.handler.BeanNameUrlHandlerMapping,org.springframework.web.servlet.mvc.HttpRequestHandlerAdapter,org.springframework.web.servlet.mvc.SimpleControllerHandlerAdapter,homeController,clientDetailsServiceImpl,wellServiceImpl,userService,userController,org.springframework.context.annotation.internalConfigurationAnnotationProcessor,org.springframework.context.annotation.internalAutowiredAnnotationProcessor,org.springframework.context.annotation.internalRequiredAnnotationProcessor,org.springframework.context.annotation.internalCommonAnnotationProcessor,org.springframework.context.annotation.internalPersistenceAnnotationProcessor,org.springframework.web.servlet.mvc.method.annotation.RequestMappingHandlerMapping#1,org.springframework.format.support.FormattingConversionServiceFactoryBean#1,org.springframework.web.servlet.mvc.method.annotation.RequestMappingHandlerAdapter#1,org.springframework.web.servlet.handler.MappedInterceptor#1,org.springframework.web.servlet.mvc.method.annotation.ExceptionHandlerExceptionResolver#1,org.springframework.web.servlet.mvc.annotation.ResponseStatusExceptionResolver#1,org.springframework.web.servlet.mvc.support.DefaultHandlerExceptionResolver#1,org.springframework.web.servlet.resource.DefaultServletHttpRequestHandler#0,org.springframework.web.servlet.handler.SimpleUrlHandlerMapping#0,org.springframework.beans.factory.config.PropertyPlaceholderConfigurer#0,MySQLdataSource,clientDetails,passwordEncoder,clientDetailsUserService,org.springframework.security.authentication.dao.DaoAuthenticationProvider#0,org.springframework.security.authentication.DefaultAuthenticationEventPublisher#0,org.springframework.security.authenticationManager,tokenStore,tokenServices,oAuth2RequestFactory,userApprovalHandler,inMemoryImplicitGrantService,defaultOAuth2RequestValidator,oAuth2AuthorizationRequestManager,oauth2TokenGranter,oauth2AuthorizationCodeServices,oauth2ApprovalEndpoint,oauth2AuthorizationEndpoint,oauth2TokenEndpoint,oauth2HandlerMapping,resourceServerFilter,accessDecisionManager,clientAuthenticationEntryPoint,oauthAuthenticationEntryPoint,oauthAccessDeniedHandler,clientCredentialsTokenEndpointFilter,oAuth2ClientContextFilter,org.springframework.security.filterChains,org.springframework.security.filterChainProxy,org.springframework.security.web.PortMapperImpl#0,org.springframework.security.web.PortResolverImpl#0,org.springframework.security.authentication.ProviderManager#0,org.springframework.security.web.context.NullSecurityContextRepository#0,org.springframework.security.web.savedrequest.NullRequestCache#0,org.springframework.security.access.vote.AffirmativeBased#0,org.springframework.security.web.access.intercept.FilterSecurityInterceptor#0,org.springframework.security.web.access.DefaultWebInvocationPrivilegeEvaluator#0,org.springframework.security.authentication.AnonymousAuthenticationProvider#0,org.springframework.security.userDetailsServiceFactory,org.springframework.security.web.DefaultSecurityFilterChain#0,org.springframework.security.web.PortMapperImpl#1,org.springframework.security.web.PortResolverImpl#1,org.springframework.security.authentication.ProviderManager#1,org.springframework.security.web.context.HttpSessionSecurityContextRepository#0,org.springframework.security.web.authentication.session.CompositeSessionAuthenticationStrategy#0,org.springframework.security.web.savedrequest.HttpSessionRequestCache#0,org.springframework.security.access.vote.AffirmativeBased#1,org.springframework.security.web.access.intercept.FilterSecurityInterceptor#1,org.springframework.security.web.access.DefaultWebInvocationPrivilegeEvaluator#1,org.springframework.security.web.DefaultSecurityFilterChain#1,controllerAspect,org.springframework.aop.config.internalAutoProxyCreator,org.springframework.data.jpa.repository.config.JpaRepositoryConfigExtension#0,org.springframework.data.repository.core.support.RepositoryInterfaceAwareBeanPostProcessor,foo,jpaMappingContext,clientDetailsRepository,wellIndexRepository,productRepository,transactionManager,entityManagerFactory,org.springframework.context.support.PropertySourcesPlaceholderConfigurer#0,org.springframework.data.mongodb.repository.config.MongoRepositoryConfigurationExtension#0,mongoMappingContext,userRepository,mongo,org.springframework.beans.factory.config.CustomEditorConfigurer#0,org.springframework.beans.factory.config.CustomEditorConfigurer#1,mongoTemplate,initMongoService,org.springframework.data.mongodb.core.MongoExceptionTranslator#0,org.springframework.data.mongodb.crossstore.MongoDocumentBacking#0,mongoChangeSetPersister,org.springframework.context.annotation.ConfigurationClassPostProcessor.importAwareProcessor,org.springframework.context.annotation.ConfigurationClassPostProcessor.enhancedConfigurationProcessor,org.springframework.orm.jpa.SharedEntityManagerCreator#0]; root of factory hierarchy
12:57:00.565 [main] ERROR o.s.test.context.TestContextManager - Caught exception while allowing TestExecutionListener [org.springframework.test.context.support.DependencyInjectionTestExecutionListener@5a4c638d] to prepare test instance [com.hcc.riab.tests.UserControllerTest@389562d6]
java.lang.IllegalStateException: Failed to load ApplicationContext
	at org.springframework.test.context.DefaultCacheAwareContextLoaderDelegate.loadContext(DefaultCacheAwareContextLoaderDelegate.java:94) ~[spring-test-4.1.7.RELEASE.jar:4.1.7.RELEASE]
	at org.springframework.test.context.DefaultTestContext.getApplicationContext(DefaultTestContext.java:72) ~[spring-test-4.1.7.RELEASE.jar:4.1.7.RELEASE]
	at org.springframework.test.context.support.DependencyInjectionTestExecutionListener.injectDependencies(DependencyInjectionTestExecutionListener.java:117) ~[spring-test-4.1.7.RELEASE.jar:4.1.7.RELEASE]
	at org.springframework.test.context.support.DependencyInjectionTestExecutionListener.prepareTestInstance(DependencyInjectionTestExecutionListener.java:83) ~[spring-test-4.1.7.RELEASE.jar:4.1.7.RELEASE]
	at org.springframework.test.context.TestContextManager.prepareTestInstance(TestContextManager.java:212) ~[spring-test-4.1.7.RELEASE.jar:4.1.7.RELEASE]
	at org.springframework.test.context.junit4.SpringJUnit4ClassRunner.createTest(SpringJUnit4ClassRunner.java:200) [spring-test-4.1.7.RELEASE.jar:4.1.7.RELEASE]
	at org.springframework.test.context.junit4.SpringJUnit4ClassRunner$1.runReflectiveCall(SpringJUnit4ClassRunner.java:259) [spring-test-4.1.7.RELEASE.jar:4.1.7.RELEASE]
	at org.junit.internal.runners.model.ReflectiveCallable.run(ReflectiveCallable.java:12) [junit-4.11.jar:na]
	at org.springframework.test.context.junit4.SpringJUnit4ClassRunner.methodBlock(SpringJUnit4ClassRunner.java:261) [spring-test-4.1.7.RELEASE.jar:4.1.7.RELEASE]
	at org.springframework.test.context.junit4.SpringJUnit4ClassRunner.runChild(SpringJUnit4ClassRunner.java:219) [spring-test-4.1.7.RELEASE.jar:4.1.7.RELEASE]
	at org.springframework.test.context.junit4.SpringJUnit4ClassRunner.runChild(SpringJUnit4ClassRunner.java:83) [spring-test-4.1.7.RELEASE.jar:4.1.7.RELEASE]
	at org.junit.runners.ParentRunner$3.run(ParentRunner.java:238) [junit-4.11.jar:na]
	at org.junit.runners.ParentRunner$1.schedule(ParentRunner.java:63) [junit-4.11.jar:na]
	at org.junit.runners.ParentRunner.runChildren(ParentRunner.java:236) [junit-4.11.jar:na]
	at org.junit.runners.ParentRunner.access$000(ParentRunner.java:53) [junit-4.11.jar:na]
	at org.junit.runners.ParentRunner$2.evaluate(ParentRunner.java:229) [junit-4.11.jar:na]
	at org.springframework.test.context.junit4.statements.RunBeforeTestClassCallbacks.evaluate(RunBeforeTestClassCallbacks.java:61) [spring-test-4.1.7.RELEASE.jar:4.1.7.RELEASE]
	at org.springframework.test.context.junit4.statements.RunAfterTestClassCallbacks.evaluate(RunAfterTestClassCallbacks.java:68) [spring-test-4.1.7.RELEASE.jar:4.1.7.RELEASE]
	at org.junit.runners.ParentRunner.run(ParentRunner.java:309) [junit-4.11.jar:na]
	at org.springframework.test.context.junit4.SpringJUnit4ClassRunner.run(SpringJUnit4ClassRunner.java:163) [spring-test-4.1.7.RELEASE.jar:4.1.7.RELEASE]
	at org.apache.maven.surefire.junit4.JUnit4Provider.execute(JUnit4Provider.java:252) [surefire-junit4-2.12.4.jar:2.12.4]
	at org.apache.maven.surefire.junit4.JUnit4Provider.executeTestSet(JUnit4Provider.java:141) [surefire-junit4-2.12.4.jar:2.12.4]
	at org.apache.maven.surefire.junit4.JUnit4Provider.invoke(JUnit4Provider.java:112) [surefire-junit4-2.12.4.jar:2.12.4]
	at sun.reflect.NativeMethodAccessorImpl.invoke0(Native Method) ~[na:1.8.0_25]
	at sun.reflect.NativeMethodAccessorImpl.invoke(NativeMethodAccessorImpl.java:62) ~[na:1.8.0_25]
	at sun.reflect.DelegatingMethodAccessorImpl.invoke(DelegatingMethodAccessorImpl.java:43) ~[na:1.8.0_25]
	at java.lang.reflect.Method.invoke(Method.java:483) ~[na:1.8.0_25]
	at org.apache.maven.surefire.util.ReflectionUtils.invokeMethodWithArray(ReflectionUtils.java:189) [surefire-api-2.12.4.jar:2.12.4]
	at org.apache.maven.surefire.booter.ProviderFactory$ProviderProxy.invoke(ProviderFactory.java:165) [surefire-booter-2.12.4.jar:2.12.4]
	at org.apache.maven.surefire.booter.ProviderFactory.invokeProvider(ProviderFactory.java:85) [surefire-booter-2.12.4.jar:2.12.4]
	at org.apache.maven.surefire.booter.ForkedBooter.runSuitesInProcess(ForkedBooter.java:115) [surefire-booter-2.12.4.jar:2.12.4]
	at org.apache.maven.surefire.booter.ForkedBooter.main(ForkedBooter.java:75) [surefire-booter-2.12.4.jar:2.12.4]
Caused by: org.springframework.beans.factory.BeanCreationException: Error creating bean with name &apos;entityManagerFactory&apos; defined in URL [file:src/main/resources/applicationContext.xml]: Invocation of init method failed; nested exception is javax.persistence.PersistenceException: [PersistenceUnit: default] Unable to build EntityManagerFactory
	at org.springframework.beans.factory.support.AbstractAutowireCapableBeanFactory.initializeBean(AbstractAutowireCapableBeanFactory.java:1574) ~[spring-beans-4.1.7.RELEASE.jar:4.1.7.RELEASE]
	at org.springframework.beans.factory.support.AbstractAutowireCapableBeanFactory.doCreateBean(AbstractAutowireCapableBeanFactory.java:539) ~[spring-beans-4.1.7.RELEASE.jar:4.1.7.RELEASE]
	at org.springframework.beans.factory.support.AbstractAutowireCapableBeanFactory.createBean(AbstractAutowireCapableBeanFactory.java:476) ~[spring-beans-4.1.7.RELEASE.jar:4.1.7.RELEASE]
	at org.springframework.beans.factory.support.AbstractBeanFactory$1.getObject(AbstractBeanFactory.java:303) ~[spring-beans-4.1.7.RELEASE.jar:4.1.7.RELEASE]
	at org.springframework.beans.factory.support.DefaultSingletonBeanRegistry.getSingleton(DefaultSingletonBeanRegistry.java:230) ~[spring-beans-4.1.7.RELEASE.jar:4.1.7.RELEASE]
	at org.springframework.beans.factory.support.AbstractBeanFactory.doGetBean(AbstractBeanFactory.java:299) ~[spring-beans-4.1.7.RELEASE.jar:4.1.7.RELEASE]
	at org.springframework.beans.factory.support.AbstractBeanFactory.getBean(AbstractBeanFactory.java:194) ~[spring-beans-4.1.7.RELEASE.jar:4.1.7.RELEASE]
	at org.springframework.context.support.AbstractApplicationContext.getBean(AbstractApplicationContext.java:956) ~[spring-context-4.1.7.RELEASE.jar:4.1.7.RELEASE]
	at org.springframework.context.support.AbstractApplicationContext.finishBeanFactoryInitialization(AbstractApplicationContext.java:747) ~[spring-context-4.1.7.RELEASE.jar:4.1.7.RELEASE]
	at org.springframework.context.support.AbstractApplicationContext.refresh(AbstractApplicationContext.java:480) ~[spring-context-4.1.7.RELEASE.jar:4.1.7.RELEASE]
	at org.springframework.test.context.support.AbstractGenericContextLoader.loadContext(AbstractGenericContextLoader.java:125) ~[spring-test-4.1.7.RELEASE.jar:4.1.7.RELEASE]
	at org.springframework.test.context.support.AbstractGenericContextLoader.loadContext(AbstractGenericContextLoader.java:60) ~[spring-test-4.1.7.RELEASE.jar:4.1.7.RELEASE]
	at org.springframework.test.context.support.AbstractDelegatingSmartContextLoader.delegateLoading(AbstractDelegatingSmartContextLoader.java:109) ~[spring-test-4.1.7.RELEASE.jar:4.1.7.RELEASE]
	at org.springframework.test.context.support.AbstractDelegatingSmartContextLoader.loadContext(AbstractDelegatingSmartContextLoader.java:261) ~[spring-test-4.1.7.RELEASE.jar:4.1.7.RELEASE]
	at org.springframework.test.context.DefaultCacheAwareContextLoaderDelegate.loadContextInternal(DefaultCacheAwareContextLoaderDelegate.java:68) ~[spring-test-4.1.7.RELEASE.jar:4.1.7.RELEASE]
	at org.springframework.test.context.DefaultCacheAwareContextLoaderDelegate.loadContext(DefaultCacheAwareContextLoaderDelegate.java:86) ~[spring-test-4.1.7.RELEASE.jar:4.1.7.RELEASE]
	... 31 common frames omitted
Caused by: javax.persistence.PersistenceException: [PersistenceUnit: default] Unable to build EntityManagerFactory
	at org.hibernate.ejb.Ejb3Configuration.buildEntityManagerFactory(Ejb3Configuration.java:923) ~[hibernate-entitymanager-4.2.1.Final.jar:4.2.1.Final]
	at org.hibernate.ejb.Ejb3Configuration.buildEntityManagerFactory(Ejb3Configuration.java:898) ~[hibernate-entitymanager-4.2.1.Final.jar:4.2.1.Final]
	at org.springframework.orm.jpa.vendor.SpringHibernateEjbPersistenceProvider.createContainerEntityManagerFactory(SpringHibernateEjbPersistenceProvider.java:51) ~[spring-orm-4.1.7.RELEASE.jar:4.1.7.RELEASE]
	at org.springframework.orm.jpa.LocalContainerEntityManagerFactoryBean.createNativeEntityManagerFactory(LocalContainerEntityManagerFactoryBean.java:343) ~[spring-orm-4.1.7.RELEASE.jar:4.1.7.RELEASE]
	at org.springframework.orm.jpa.AbstractEntityManagerFactoryBean.afterPropertiesSet(AbstractEntityManagerFactoryBean.java:318) ~[spring-orm-4.1.7.RELEASE.jar:4.1.7.RELEASE]
	at org.springframework.beans.factory.support.AbstractAutowireCapableBeanFactory.invokeInitMethods(AbstractAutowireCapableBeanFactory.java:1633) ~[spring-beans-4.1.7.RELEASE.jar:4.1.7.RELEASE]
	at org.springframework.beans.factory.support.AbstractAutowireCapableBeanFactory.initializeBean(AbstractAutowireCapableBeanFactory.java:1570) ~[spring-beans-4.1.7.RELEASE.jar:4.1.7.RELEASE]
	... 46 common frames omitted
Caused by: org.hibernate.MappingException: Could not determine type for: com.hcc.riab.model.ProductInfo, at table: Product, for columns: [org.hibernate.mapping.Column(productInfo)]
	at org.hibernate.mapping.SimpleValue.getType(SimpleValue.java:314) ~[hibernate-core-4.2.1.Final.jar:4.2.1.Final]
	at org.hibernate.mapping.SimpleValue.isValid(SimpleValue.java:292) ~[hibernate-core-4.2.1.Final.jar:4.2.1.Final]
	at org.hibernate.mapping.Property.isValid(Property.java:239) ~[hibernate-core-4.2.1.Final.jar:4.2.1.Final]
	at org.hibernate.mapping.PersistentClass.validate(PersistentClass.java:469) ~[hibernate-core-4.2.1.Final.jar:4.2.1.Final]
	at org.hibernate.mapping.RootClass.validate(RootClass.java:270) ~[hibernate-core-4.2.1.Final.jar:4.2.1.Final]
	at org.hibernate.cfg.Configuration.validate(Configuration.java:1296) ~[hibernate-core-4.2.1.Final.jar:4.2.1.Final]
	at org.hibernate.cfg.Configuration.buildSessionFactory(Configuration.java:1752) ~[hibernate-core-4.2.1.Final.jar:4.2.1.Final]
	at org.hibernate.ejb.EntityManagerFactoryImpl.&lt;init&gt;(EntityManagerFactoryImpl.java:96) ~[hibernate-entitymanager-4.2.1.Final.jar:4.2.1.Final]
	at org.hibernate.ejb.Ejb3Configuration.buildEntityManagerFactory(Ejb3Configuration.java:913) ~[hibernate-entitymanager-4.2.1.Final.jar:4.2.1.Final]
	... 52 common frames omitted
</system-out>
  </testcase>
</testsuite>